<?xml version="1.0" encoding="UTF-8"?>
<testsuite name="com.ansa.kafka.KafkaTest" tests="1" skipped="0" failures="1" errors="0" timestamp="2019-08-06T23:28:42" hostname="MSI" time="0.001">
  <properties/>
  <testcase name="test" classname="com.ansa.kafka.KafkaTest" time="0.001">
    <failure message="java.lang.IllegalStateException: Failed to load ApplicationContext" type="java.lang.IllegalStateException">java.lang.IllegalStateException: Failed to load ApplicationContext
	at org.springframework.test.context.cache.DefaultCacheAwareContextLoaderDelegate.loadContext(DefaultCacheAwareContextLoaderDelegate.java:125)
	at org.springframework.test.context.support.DefaultTestContext.getApplicationContext(DefaultTestContext.java:108)
	at org.springframework.test.context.support.DependencyInjectionTestExecutionListener.injectDependencies(DependencyInjectionTestExecutionListener.java:118)
	at org.springframework.test.context.support.DependencyInjectionTestExecutionListener.prepareTestInstance(DependencyInjectionTestExecutionListener.java:83)
	at org.springframework.boot.test.autoconfigure.SpringBootDependencyInjectionTestExecutionListener.prepareTestInstance(SpringBootDependencyInjectionTestExecutionListener.java:43)
	at org.springframework.test.context.TestContextManager.prepareTestInstance(TestContextManager.java:246)
	at org.springframework.test.context.junit4.SpringJUnit4ClassRunner.createTest(SpringJUnit4ClassRunner.java:227)
	at org.springframework.test.context.junit4.SpringJUnit4ClassRunner$1.runReflectiveCall(SpringJUnit4ClassRunner.java:289)
	at org.junit.internal.runners.model.ReflectiveCallable.run(ReflectiveCallable.java:12)
	at org.springframework.test.context.junit4.SpringJUnit4ClassRunner.methodBlock(SpringJUnit4ClassRunner.java:291)
	at org.springframework.test.context.junit4.SpringJUnit4ClassRunner.runChild(SpringJUnit4ClassRunner.java:246)
	at org.springframework.test.context.junit4.SpringJUnit4ClassRunner.runChild(SpringJUnit4ClassRunner.java:97)
	at org.junit.runners.ParentRunner$3.run(ParentRunner.java:290)
	at org.junit.runners.ParentRunner$1.schedule(ParentRunner.java:71)
	at org.junit.runners.ParentRunner.runChildren(ParentRunner.java:288)
	at org.junit.runners.ParentRunner.access$000(ParentRunner.java:58)
	at org.junit.runners.ParentRunner$2.evaluate(ParentRunner.java:268)
	at org.junit.internal.runners.statements.RunBefores.evaluate(RunBefores.java:26)
	at org.springframework.test.context.junit4.statements.RunBeforeTestClassCallbacks.evaluate(RunBeforeTestClassCallbacks.java:61)
	at org.springframework.test.context.junit4.statements.RunAfterTestClassCallbacks.evaluate(RunAfterTestClassCallbacks.java:70)
	at org.junit.rules.ExternalResource$1.evaluate(ExternalResource.java:48)
	at org.junit.rules.RunRules.evaluate(RunRules.java:20)
	at org.junit.runners.ParentRunner.run(ParentRunner.java:363)
	at org.springframework.test.context.junit4.SpringJUnit4ClassRunner.run(SpringJUnit4ClassRunner.java:190)
	at org.gradle.api.internal.tasks.testing.junit.JUnitTestClassExecutor.runTestClass(JUnitTestClassExecutor.java:106)
	at org.gradle.api.internal.tasks.testing.junit.JUnitTestClassExecutor.execute(JUnitTestClassExecutor.java:58)
	at org.gradle.api.internal.tasks.testing.junit.JUnitTestClassExecutor.execute(JUnitTestClassExecutor.java:38)
	at org.gradle.api.internal.tasks.testing.junit.AbstractJUnitTestClassProcessor.processTestClass(AbstractJUnitTestClassProcessor.java:66)
	at org.gradle.api.internal.tasks.testing.SuiteTestClassProcessor.processTestClass(SuiteTestClassProcessor.java:51)
	at sun.reflect.NativeMethodAccessorImpl.invoke0(Native Method)
	at sun.reflect.NativeMethodAccessorImpl.invoke(NativeMethodAccessorImpl.java:62)
	at sun.reflect.DelegatingMethodAccessorImpl.invoke(DelegatingMethodAccessorImpl.java:43)
	at java.lang.reflect.Method.invoke(Method.java:498)
	at org.gradle.internal.dispatch.ReflectionDispatch.dispatch(ReflectionDispatch.java:35)
	at org.gradle.internal.dispatch.ReflectionDispatch.dispatch(ReflectionDispatch.java:24)
	at org.gradle.internal.dispatch.ContextClassLoaderDispatch.dispatch(ContextClassLoaderDispatch.java:32)
	at org.gradle.internal.dispatch.ProxyDispatchAdapter$DispatchingInvocationHandler.invoke(ProxyDispatchAdapter.java:93)
	at com.sun.proxy.$Proxy2.processTestClass(Unknown Source)
	at org.gradle.api.internal.tasks.testing.worker.TestWorker.processTestClass(TestWorker.java:117)
	at sun.reflect.NativeMethodAccessorImpl.invoke0(Native Method)
	at sun.reflect.NativeMethodAccessorImpl.invoke(NativeMethodAccessorImpl.java:62)
	at sun.reflect.DelegatingMethodAccessorImpl.invoke(DelegatingMethodAccessorImpl.java:43)
	at java.lang.reflect.Method.invoke(Method.java:498)
	at org.gradle.internal.dispatch.ReflectionDispatch.dispatch(ReflectionDispatch.java:35)
	at org.gradle.internal.dispatch.ReflectionDispatch.dispatch(ReflectionDispatch.java:24)
	at org.gradle.internal.remote.internal.hub.MessageHubBackedObjectConnection$DispatchWrapper.dispatch(MessageHubBackedObjectConnection.java:155)
	at org.gradle.internal.remote.internal.hub.MessageHubBackedObjectConnection$DispatchWrapper.dispatch(MessageHubBackedObjectConnection.java:137)
	at org.gradle.internal.remote.internal.hub.MessageHub$Handler.run(MessageHub.java:404)
	at org.gradle.internal.concurrent.ExecutorPolicy$CatchAndRecordFailures.onExecute(ExecutorPolicy.java:63)
	at org.gradle.internal.concurrent.ManagedExecutorImpl$1.run(ManagedExecutorImpl.java:46)
	at java.util.concurrent.ThreadPoolExecutor.runWorker(ThreadPoolExecutor.java:1149)
	at java.util.concurrent.ThreadPoolExecutor$Worker.run(ThreadPoolExecutor.java:624)
	at org.gradle.internal.concurrent.ThreadFactoryImpl$ManagedThreadRunnable.run(ThreadFactoryImpl.java:55)
	at java.lang.Thread.run(Thread.java:748)
Caused by: org.springframework.beans.factory.support.BeanDefinitionOverrideException: Invalid bean definition with name 'producerFactory' defined in class path resource [com/ansa/kafka/SenderConfig.class]: Cannot register bean definition [Root bean: class [null]; scope=; abstract=false; lazyInit=false; autowireMode=3; dependencyCheck=0; autowireCandidate=true; primary=false; factoryBeanName=senderConfig; factoryMethodName=producerFactory; initMethodName=null; destroyMethodName=(inferred); defined in class path resource [com/ansa/kafka/SenderConfig.class]] for bean 'producerFactory': There is already [Root bean: class [null]; scope=; abstract=false; lazyInit=false; autowireMode=3; dependencyCheck=0; autowireCandidate=true; primary=false; factoryBeanName=mockSerdeConfig; factoryMethodName=producerFactory; initMethodName=null; destroyMethodName=(inferred); defined in class path resource [com/ansa/kafka/MockSerdeConfig.class]] bound.
	at org.springframework.beans.factory.support.DefaultListableBeanFactory.registerBeanDefinition(DefaultListableBeanFactory.java:893)
	at org.springframework.context.annotation.ConfigurationClassBeanDefinitionReader.loadBeanDefinitionsForBeanMethod(ConfigurationClassBeanDefinitionReader.java:274)
	at org.springframework.context.annotation.ConfigurationClassBeanDefinitionReader.loadBeanDefinitionsForConfigurationClass(ConfigurationClassBeanDefinitionReader.java:141)
	at org.springframework.context.annotation.ConfigurationClassBeanDefinitionReader.loadBeanDefinitions(ConfigurationClassBeanDefinitionReader.java:117)
	at org.springframework.context.annotation.ConfigurationClassPostProcessor.processConfigBeanDefinitions(ConfigurationClassPostProcessor.java:327)
	at org.springframework.context.annotation.ConfigurationClassPostProcessor.postProcessBeanDefinitionRegistry(ConfigurationClassPostProcessor.java:232)
	at org.springframework.context.support.PostProcessorRegistrationDelegate.invokeBeanDefinitionRegistryPostProcessors(PostProcessorRegistrationDelegate.java:275)
	at org.springframework.context.support.PostProcessorRegistrationDelegate.invokeBeanFactoryPostProcessors(PostProcessorRegistrationDelegate.java:95)
	at org.springframework.context.support.AbstractApplicationContext.invokeBeanFactoryPostProcessors(AbstractApplicationContext.java:705)
	at org.springframework.context.support.AbstractApplicationContext.refresh(AbstractApplicationContext.java:531)
	at org.springframework.boot.SpringApplication.refresh(SpringApplication.java:742)
	at org.springframework.boot.SpringApplication.refreshContext(SpringApplication.java:389)
	at org.springframework.boot.SpringApplication.run(SpringApplication.java:311)
	at org.springframework.boot.test.context.SpringBootContextLoader.loadContext(SpringBootContextLoader.java:119)
	at org.springframework.test.context.cache.DefaultCacheAwareContextLoaderDelegate.loadContextInternal(DefaultCacheAwareContextLoaderDelegate.java:99)
	at org.springframework.test.context.cache.DefaultCacheAwareContextLoaderDelegate.loadContext(DefaultCacheAwareContextLoaderDelegate.java:117)
	... 53 more
</failure>
  </testcase>
  <system-out><![CDATA[19:28:35.325 [Test worker] DEBUG org.springframework.test.context.junit4.SpringJUnit4ClassRunner - SpringJUnit4ClassRunner constructor called with [class com.ansa.kafka.KafkaTest]
19:28:35.334 [Test worker] DEBUG org.springframework.test.context.BootstrapUtils - Instantiating CacheAwareContextLoaderDelegate from class [org.springframework.test.context.cache.DefaultCacheAwareContextLoaderDelegate]
19:28:35.342 [Test worker] DEBUG org.springframework.test.context.BootstrapUtils - Instantiating BootstrapContext using constructor [public org.springframework.test.context.support.DefaultBootstrapContext(java.lang.Class,org.springframework.test.context.CacheAwareContextLoaderDelegate)]
19:28:35.360 [Test worker] DEBUG org.springframework.test.context.BootstrapUtils - Instantiating TestContextBootstrapper for test class [com.ansa.kafka.KafkaTest] from class [org.springframework.boot.test.context.SpringBootTestContextBootstrapper]
19:28:35.376 [Test worker] INFO org.springframework.boot.test.context.SpringBootTestContextBootstrapper - Neither @ContextConfiguration nor @ContextHierarchy found for test class [com.ansa.kafka.KafkaTest], using SpringBootContextLoader
19:28:35.379 [Test worker] DEBUG org.springframework.test.context.support.AbstractContextLoader - Did not detect default resource location for test class [com.ansa.kafka.KafkaTest]: class path resource [com/ansa/kafka/KafkaTest-context.xml] does not exist
19:28:35.379 [Test worker] DEBUG org.springframework.test.context.support.AbstractContextLoader - Did not detect default resource location for test class [com.ansa.kafka.KafkaTest]: class path resource [com/ansa/kafka/KafkaTestContext.groovy] does not exist
19:28:35.379 [Test worker] INFO org.springframework.test.context.support.AbstractContextLoader - Could not detect default resource locations for test class [com.ansa.kafka.KafkaTest]: no resource found for suffixes {-context.xml, Context.groovy}.
19:28:35.380 [Test worker] INFO org.springframework.test.context.support.AnnotationConfigContextLoaderUtils - Could not detect default configuration classes for test class [com.ansa.kafka.KafkaTest]: KafkaTest does not declare any static, non-private, non-final, nested classes annotated with @Configuration.
19:28:35.449 [Test worker] DEBUG org.springframework.test.context.support.ActiveProfilesUtils - Could not find an 'annotation declaring class' for annotation type [org.springframework.test.context.ActiveProfiles] and class [com.ansa.kafka.KafkaTest]
19:28:35.512 [Test worker] DEBUG org.springframework.context.annotation.ClassPathScanningCandidateComponentProvider - Identified candidate component class: file [C:\Users\salkov\IdeaProjects\app\build\classes\java\main\com\ansa\kafka\Runner.class]
19:28:35.514 [Test worker] INFO org.springframework.boot.test.context.SpringBootTestContextBootstrapper - Found @SpringBootConfiguration com.ansa.kafka.Runner for test class com.ansa.kafka.KafkaTest
19:28:35.693 [Test worker] DEBUG org.springframework.boot.test.context.SpringBootTestContextBootstrapper - @TestExecutionListeners is not present for class [com.ansa.kafka.KafkaTest]: using defaults.
19:28:35.694 [Test worker] INFO org.springframework.boot.test.context.SpringBootTestContextBootstrapper - Loaded default TestExecutionListener class names from location [META-INF/spring.factories]: [org.springframework.boot.test.autoconfigure.restdocs.RestDocsTestExecutionListener, org.springframework.boot.test.autoconfigure.web.client.MockRestServiceServerResetTestExecutionListener, org.springframework.boot.test.autoconfigure.web.servlet.MockMvcPrintOnlyOnFailureTestExecutionListener, org.springframework.boot.test.autoconfigure.web.servlet.WebDriverTestExecutionListener, org.springframework.boot.test.mock.mockito.MockitoTestExecutionListener, org.springframework.boot.test.mock.mockito.ResetMocksTestExecutionListener, org.springframework.test.context.web.ServletTestExecutionListener, org.springframework.test.context.support.DirtiesContextBeforeModesTestExecutionListener, org.springframework.test.context.support.DependencyInjectionTestExecutionListener, org.springframework.test.context.support.DirtiesContextTestExecutionListener, org.springframework.test.context.transaction.TransactionalTestExecutionListener, org.springframework.test.context.jdbc.SqlScriptsTestExecutionListener]
19:28:35.706 [Test worker] DEBUG org.springframework.boot.test.context.SpringBootTestContextBootstrapper - Skipping candidate TestExecutionListener [org.springframework.test.context.web.ServletTestExecutionListener] due to a missing dependency. Specify custom listener classes or make the default listener classes and their required dependencies available. Offending class: [javax/servlet/ServletContext]
19:28:35.714 [Test worker] INFO org.springframework.boot.test.context.SpringBootTestContextBootstrapper - Using TestExecutionListeners: [org.springframework.test.context.support.DirtiesContextBeforeModesTestExecutionListener@e65d2f, org.springframework.boot.test.mock.mockito.MockitoTestExecutionListener@76874c, org.springframework.boot.test.autoconfigure.SpringBootDependencyInjectionTestExecutionListener@56e8ac, org.springframework.test.context.support.DirtiesContextTestExecutionListener@601d0e, org.springframework.test.context.transaction.TransactionalTestExecutionListener@113b08, org.springframework.test.context.jdbc.SqlScriptsTestExecutionListener@2b9361, org.springframework.boot.test.autoconfigure.restdocs.RestDocsTestExecutionListener@1130540, org.springframework.boot.test.autoconfigure.web.client.MockRestServiceServerResetTestExecutionListener@1fbe841, org.springframework.boot.test.autoconfigure.web.servlet.MockMvcPrintOnlyOnFailureTestExecutionListener@a55e4d, org.springframework.boot.test.autoconfigure.web.servlet.WebDriverTestExecutionListener@216323, org.springframework.boot.test.mock.mockito.ResetMocksTestExecutionListener@1c34f62]
19:28:35.717 [Test worker] DEBUG org.springframework.test.annotation.ProfileValueUtils - Retrieved @ProfileValueSourceConfiguration [null] for test class [com.ansa.kafka.KafkaTest]
19:28:35.717 [Test worker] DEBUG org.springframework.test.annotation.ProfileValueUtils - Retrieved ProfileValueSource type [class org.springframework.test.annotation.SystemProfileValueSource] for class [com.ansa.kafka.KafkaTest]
19:28:35.718 [Test worker] DEBUG org.springframework.test.annotation.ProfileValueUtils - Retrieved @ProfileValueSourceConfiguration [null] for test class [com.ansa.kafka.KafkaTest]
19:28:35.718 [Test worker] DEBUG org.springframework.test.annotation.ProfileValueUtils - Retrieved ProfileValueSource type [class org.springframework.test.annotation.SystemProfileValueSource] for class [com.ansa.kafka.KafkaTest]
19:28:35.727 [Test worker] DEBUG org.springframework.test.annotation.ProfileValueUtils - Retrieved @ProfileValueSourceConfiguration [null] for test class [com.ansa.kafka.KafkaTest]
19:28:35.727 [Test worker] DEBUG org.springframework.test.annotation.ProfileValueUtils - Retrieved ProfileValueSource type [class org.springframework.test.annotation.SystemProfileValueSource] for class [com.ansa.kafka.KafkaTest]
19:28:35.779 [Test worker] INFO kafka.utils.Log4jControllerRegistration$ - Registered kafka:type=kafka.Log4jController MBean
19:28:40.405 [Test worker] INFO org.apache.zookeeper.server.ZooKeeperServer - Server environment:zookeeper.version=3.4.13-2d71af4dbe22557fda74f9a9b4309b15a7487f03, built on 06/29/2018 00:39 GMT
19:28:40.406 [Test worker] INFO org.apache.zookeeper.server.ZooKeeperServer - Server environment:host.name=MSI
19:28:40.412 [Test worker] INFO org.apache.zookeeper.server.ZooKeeperServer - Server environment:java.version=1.8.0_201
19:28:40.413 [Test worker] INFO org.apache.zookeeper.server.ZooKeeperServer - Server environment:java.vendor=Oracle Corporation
19:28:40.413 [Test worker] INFO org.apache.zookeeper.server.ZooKeeperServer - Server environment:java.home=C:\Program Files (x86)\Java\jdk1.8.0_201\jre
19:28:40.413 [Test worker] INFO org.apache.zookeeper.server.ZooKeeperServer - Server environment:java.class.path=C:\Users\salkov\IdeaProjects\app\build\classes\java\test;C:\Users\salkov\IdeaProjects\app\build\resources\test;C:\Users\salkov\IdeaProjects\app\build\classes\java\main;C:\Users\salkov\IdeaProjects\app\build\resources\main;C:\Users\salkov\.gradle\caches\modules-2\files-2.1\io.confluent\kafka-avro-serializer\5.0.0\f3fae008b84a1b89c973872c13512f3f11b6cb\kafka-avro-serializer-5.0.0.jar;C:\Users\salkov\.gradle\caches\modules-2\files-2.1\org.springframework.kafka\spring-kafka-test\2.2.7.RELEASE\58fb0a62b45fb7735a434634e011f189bd1b0a41\spring-kafka-test-2.2.7.RELEASE.jar;C:\Users\salkov\.gradle\caches\modules-2\files-2.1\org.apache.kafka\kafka_2.11\2.0.1\74edf9dcfe1b298422dcf133e8f02b64caa9c2ed\kafka_2.11-2.0.1.jar;C:\Users\salkov\.gradle\caches\modules-2\files-2.1\org.apache.kafka\kafka_2.11\2.0.1\eae5412d901a120f9042e6e1032c6fa2f8910a7e\kafka_2.11-2.0.1-test.jar;C:\Users\salkov\.gradle\caches\modules-2\files-2.1\com.typesafe.scala-logging\scala-logging_2.11\3.9.0\e0dba06b4a763a0e2208182b264421baedbb0df\scala-logging_2.11-3.9.0.jar;C:\Users\salkov\.gradle\caches\modules-2\files-2.1\org.scala-lang\scala-reflect\2.11.12\2bb23c13c527566d9828107ca4108be2a2c06f01\scala-reflect-2.11.12.jar;C:\Users\salkov\.gradle\caches\modules-2\files-2.1\org.scala-lang\scala-library\2.11.11\e283d2b7fde6504f6a86458b1f6af465353907cc\scala-library-2.11.11.jar;C:\Users\salkov\.gradle\caches\modules-2\files-2.1\joda-time\joda-time\2.10.3\2e5366cf1f77ca3bafffecf6e87d30e1d504e959\joda-time-2.10.3.jar;C:\Users\salkov\.gradle\caches\modules-2\files-2.1\io.confluent\kafka-schema-registry-client\5.0.0\1606217ad6daf74edb9e60d67f20d44aae4fe363\kafka-schema-registry-client-5.0.0.jar;C:\Users\salkov\.gradle\caches\modules-2\files-2.1\org.apache.avro\avro\1.9.0\ee9524dab06632dcf9adea769376380d69810ead\avro-1.9.0.jar;C:\Users\salkov\.gradle\caches\modules-2\files-2.1\org.springframework.boot\spring-boot-starter-test\2.1.6.RELEASE\84ca9723624ade81ca04be40b96222e786790a89\spring-boot-starter-test-2.1.6.RELEASE.jar;C:\Users\salkov\.gradle\caches\modules-2\files-2.1\org.springframework.boot\spring-boot-starter\2.1.6.RELEASE\22f085f39ded75b0b454ee7731eccae68b20f17e\spring-boot-starter-2.1.6.RELEASE.jar;C:\Users\salkov\.gradle\caches\modules-2\files-2.1\org.springframework.kafka\spring-kafka\2.2.7.RELEASE\90ae8e1645fce2a71b429e6e642bad1f071526d3\spring-kafka-2.2.7.RELEASE.jar;C:\Users\salkov\.gradle\caches\modules-2\files-2.1\org.codehaus.jackson\jackson-mapper-asl\1.9.13\1ee2f2bed0e5dd29d1cb155a166e6f8d50bbddb7\jackson-mapper-asl-1.9.13.jar;C:\Users\salkov\.gradle\caches\modules-2\files-2.1\junit\junit\4.12\2973d150c0dc1fefe998f834810d68f278ea58ec\junit-4.12.jar;C:\Users\salkov\.gradle\caches\modules-2\files-2.1\io.confluent\common-config\5.0.0\7871d22c5e0803e7161b577da32b34fa6820b9ef\common-config-5.0.0.jar;C:\Users\salkov\.gradle\caches\modules-2\files-2.1\io.confluent\common-utils\5.0.0\2e38a7143e0f85fe2a7001bd16e90a7b567dbe6e\common-utils-5.0.0.jar;C:\Users\salkov\.gradle\caches\modules-2\files-2.1\com.fasterxml.jackson.core\jackson-databind\2.9.9\d6eb9817d9c7289a91f043ac5ee02a6b3cc86238\jackson-databind-2.9.9.jar;C:\Users\salkov\.gradle\caches\modules-2\files-2.1\com.fasterxml.jackson.core\jackson-core\2.9.9\bfff5af9fb8347d26bbb7959cb9b4fe9a2b0ca5e\jackson-core-2.9.9.jar;C:\Users\salkov\.gradle\caches\modules-2\files-2.1\org.apache.commons\commons-compress\1.18\1191f9f2bc0c47a8cce69193feb1ff0a8bcb37d5\commons-compress-1.18.jar;C:\Users\salkov\.gradle\caches\modules-2\files-2.1\org.apache.kafka\kafka-clients\2.0.1\db87f87e64714faff9c90fdc97a06c7d8e79b672\kafka-clients-2.0.1.jar;C:\Users\salkov\.gradle\caches\modules-2\files-2.1\org.apache.kafka\kafka-clients\2.0.1\61576d880bafea639d6b091adbaf260c729a3ceb\kafka-clients-2.0.1-test.jar;C:\Users\salkov\.gradle\caches\modules-2\files-2.1\com.jayway.jsonpath\json-path\2.4.0\765a4401ceb2dc8d40553c2075eb80a8fa35c2ae\json-path-2.4.0.jar;C:\Users\salkov\.gradle\caches\modules-2\files-2.1\com.101tec\zkclient\0.10\c54d4b5a5e89af75a80b6d5857400165ce5188d0\zkclient-0.10.jar;C:\Users\salkov\.gradle\caches\modules-2\files-2.1\org.apache.zookeeper\zookeeper\3.4.13\31e9937541cef95c4585b547eb2dbd34d3a76f1c\zookeeper-3.4.13.jar;C:\Users\salkov\.gradle\caches\modules-2\files-2.1\org.springframework.boot\spring-boot-starter-logging\2.1.6.RELEASE\9cb7228f463fce085317e2da8fb824568e697b7c\spring-boot-starter-logging-2.1.6.RELEASE.jar;C:\Users\salkov\.gradle\caches\modules-2\files-2.1\ch.qos.logback\logback-classic\1.2.3\7c4f3c474fb2c041d8028740440937705ebb473a\logback-classic-1.2.3.jar;C:\Users\salkov\.gradle\caches\modules-2\files-2.1\org.apache.logging.log4j\log4j-to-slf4j\2.11.2\6d37bf7b046c0ce2669f26b99365a2cfa45c4c18\log4j-to-slf4j-2.11.2.jar;C:\Users\salkov\.gradle\caches\modules-2\files-2.1\org.slf4j\jul-to-slf4j\1.7.26\8031352b2bb0a49e67818bf04c027aa92e645d5c\jul-to-slf4j-1.7.26.jar;C:\Users\salkov\.gradle\caches\modules-2\files-2.1\com.yammer.metrics\metrics-core\2.2.0\f82c035cfa786d3cbec362c38c22a5f5b1bc8724\metrics-core-2.2.0.jar;C:\Users\salkov\.gradle\caches\modules-2\files-2.1\org.slf4j\slf4j-api\1.7.26\77100a62c2e6f04b53977b9f541044d7d722693d\slf4j-api-1.7.26.jar;C:\Users\salkov\.gradle\caches\modules-2\files-2.1\org.springframework.boot\spring-boot-test-autoconfigure\2.1.6.RELEASE\6d3ed4a0b08a139892c2308d77e33ef3bb7f7be4\spring-boot-test-autoconfigure-2.1.6.RELEASE.jar;C:\Users\salkov\.gradle\caches\modules-2\files-2.1\org.springframework.boot\spring-boot-autoconfigure\2.1.6.RELEASE\875d84cfa6d5655bd11238c229e7acedf344024b\spring-boot-autoconfigure-2.1.6.RELEASE.jar;C:\Users\salkov\.gradle\caches\modules-2\files-2.1\org.springframework.boot\spring-boot-test\2.1.6.RELEASE\6a3f167e76e4dee556c9892058e60b1445c9576b\spring-boot-test-2.1.6.RELEASE.jar;C:\Users\salkov\.gradle\caches\modules-2\files-2.1\org.springframework.boot\spring-boot\2.1.6.RELEASE\b8a75ec9a9c570290523c4308c2255fbea6746c0\spring-boot-2.1.6.RELEASE.jar;C:\Users\salkov\.gradle\caches\modules-2\files-2.1\javax.annotation\javax.annotation-api\1.3.2\934c04d3cfef185a8008e7bf34331b79730a9d43\javax.annotation-api-1.3.2.jar;C:\Users\salkov\.gradle\caches\modules-2\files-2.1\org.springframework\spring-context\5.1.8.RELEASE\83ab599b042a4805bbee71b6241e9d073022d704\spring-context-5.1.8.RELEASE.jar;C:\Users\salkov\.gradle\caches\modules-2\files-2.1\org.springframework\spring-messaging\5.1.8.RELEASE\cd2f5dd9f0143d002bf34db7b81862f4dec2afc8\spring-messaging-5.1.8.RELEASE.jar;C:\Users\salkov\.gradle\caches\modules-2\files-2.1\org.springframework\spring-tx\5.1.8.RELEASE\a4941bf2e1a32e2d102dfeff8d542db8fd99a912\spring-tx-5.1.8.RELEASE.jar;C:\Users\salkov\.gradle\caches\modules-2\files-2.1\org.springframework.retry\spring-retry\1.2.4.RELEASE\e5a1e629b2743dc7bbe4a8d07ebe9ff6c3b816ce\spring-retry-1.2.4.RELEASE.jar;C:\Users\salkov\.gradle\caches\modules-2\files-2.1\org.springframework\spring-test\5.1.8.RELEASE\2a629b975a2815772b947686d4936a5c764fe4f6\spring-test-5.1.8.RELEASE.jar;C:\Users\salkov\.gradle\caches\modules-2\files-2.1\org.springframework\spring-aop\5.1.8.RELEASE\c013c5603a05bee2a80cc2ec8f3fc11b15d4de3a\spring-aop-5.1.8.RELEASE.jar;C:\Users\salkov\.gradle\caches\modules-2\files-2.1\org.springframework\spring-beans\5.1.8.RELEASE\e35fa81d0142ef7c1247a7dee8b1ef2dd78c6322\spring-beans-5.1.8.RELEASE.jar;C:\Users\salkov\.gradle\caches\modules-2\files-2.1\org.springframework\spring-expression\5.1.8.RELEASE\4f8340d8d4f52dbd527bd696358923ff4df5be1a\spring-expression-5.1.8.RELEASE.jar;C:\Users\salkov\.gradle\caches\modules-2\files-2.1\org.springframework\spring-core\5.1.8.RELEASE\37fd45c92cfd05b9ad173ee1184ec4221e0f931f\spring-core-5.1.8.RELEASE.jar;C:\Users\salkov\.gradle\caches\modules-2\files-2.1\org.yaml\snakeyaml\1.23\ec62d74fe50689c28c0ff5b35d3aebcaa8b5be68\snakeyaml-1.23.jar;C:\Users\salkov\.gradle\caches\modules-2\files-2.1\org.codehaus.jackson\jackson-core-asl\1.9.13\3c304d70f42f832e0a86d45bd437f692129299a4\jackson-core-asl-1.9.13.jar;C:\Users\salkov\.gradle\caches\modules-2\files-2.1\org.hamcrest\hamcrest-library\1.3\4785a3c21320980282f9f33d0d1264a69040538f\hamcrest-library-1.3.jar;C:\Users\salkov\.gradle\caches\modules-2\files-2.1\org.hamcrest\hamcrest-core\1.3\42a25dc3219429f0e5d060061f71acb49bf010a0\hamcrest-core-1.3.jar;C:\Users\salkov\.gradle\caches\modules-2\files-2.1\org.assertj\assertj-core\3.11.1\fdac3217b804d6900fa3650f17b5cb48e620b140\assertj-core-3.11.1.jar;C:\Users\salkov\.gradle\caches\modules-2\files-2.1\org.mockito\mockito-core\2.23.4\a35b6f8ffcfa786771eac7d7d903429e790fdf3f\mockito-core-2.23.4.jar;C:\Users\salkov\.gradle\caches\modules-2\files-2.1\org.skyscreamer\jsonassert\1.5.0\6c9d5fe2f59da598d9aefc1cfc6528ff3cf32df3\jsonassert-1.5.0.jar;C:\Users\salkov\.gradle\caches\modules-2\files-2.1\org.xmlunit\xmlunit-core\2.6.2\b0461888cdd8d3975ea8a57df96520409cadcb6c\xmlunit-core-2.6.2.jar;C:\Users\salkov\.gradle\caches\modules-2\files-2.1\com.fasterxml.jackson.core\jackson-annotations\2.9.0\7c10d545325e3a6e72e06381afe469fd40eb701\jackson-annotations-2.9.0.jar;C:\Users\salkov\.gradle\caches\modules-2\files-2.1\org.springframework\spring-jcl\5.1.8.RELEASE\60a3bb9c802ea03c955ee26526f8aebc9dd712b6\spring-jcl-5.1.8.RELEASE.jar;C:\Users\salkov\.gradle\caches\modules-2\files-2.1\org.lz4\lz4-java\1.4.1\ad89b11ac280a2992d65e078af06f6709f1fe2fc\lz4-java-1.4.1.jar;C:\Users\salkov\.gradle\caches\modules-2\files-2.1\org.xerial.snappy\snappy-java\1.1.7.1\d5190b41f3de61e3b83d692322d58630252bc8c3\snappy-java-1.1.7.1.jar;C:\Users\salkov\.gradle\caches\modules-2\files-2.1\net.sf.jopt-simple\jopt-simple\5.0.4\4fdac2fbe92dfad86aa6e9301736f6b4342a3f5c\jopt-simple-5.0.4.jar;C:\Users\salkov\.gradle\caches\modules-2\files-2.1\net.minidev\json-smart\2.3\7396407491352ce4fa30de92efb158adb76b5b\json-smart-2.3.jar;C:\Users\salkov\.gradle\caches\modules-2\files-2.1\net.bytebuddy\byte-buddy\1.9.13\cdaa4d47073aa70819649bf037cfefe75c39a4b6\byte-buddy-1.9.13.jar;C:\Users\salkov\.gradle\caches\modules-2\files-2.1\net.bytebuddy\byte-buddy-agent\1.9.13\df0eecb1c8f146f6331ec2d45259d66de3795d84\byte-buddy-agent-1.9.13.jar;C:\Users\salkov\.gradle\caches\modules-2\files-2.1\org.objenesis\objenesis\2.6\639033469776fd37c08358c6b92a4761feb2af4b\objenesis-2.6.jar;C:\Users\salkov\.gradle\caches\modules-2\files-2.1\com.vaadin.external.google\android-json\0.0.20131108.vaadin1\fa26d351fe62a6a17f5cda1287c1c6110dec413f\android-json-0.0.20131108.vaadin1.jar;C:\Users\salkov\.gradle\caches\modules-2\files-2.1\org.slf4j\slf4j-log4j12\1.7.26\12f5c685b71c3027fd28bcf90528ec4ec74bf818\slf4j-log4j12-1.7.26.jar;C:\Users\salkov\.gradle\caches\modules-2\files-2.1\log4j\log4j\1.2.17\5af35056b4d257e4b64b9e8069c0746e8b08629f\log4j-1.2.17.jar;C:\Users\salkov\.gradle\caches\modules-2\files-2.1\jline\jline\0.9.94\99a18e9a44834afdebc467294e1138364c207402\jline-0.9.94.jar;C:\Users\salkov\.gradle\caches\modules-2\files-2.1\org.apache.yetus\audience-annotations\0.5.0\55762d3191a8d6610ef46d11e8cb70c7667342a3\audience-annotations-0.5.0.jar;C:\Users\salkov\.gradle\caches\modules-2\files-2.1\io.netty\netty\3.10.6.Final\18ed04a0e502896552854926e908509db2987a00\netty-3.10.6.Final.jar;C:\Users\salkov\.gradle\caches\modules-2\files-2.1\ch.qos.logback\logback-core\1.2.3\864344400c3d4d92dfeb0a305dc87d953677c03c\logback-core-1.2.3.jar;C:\Users\salkov\.gradle\caches\modules-2\files-2.1\org.apache.logging.log4j\log4j-api\2.11.2\f5e9a2ffca496057d6891a3de65128efc636e26e\log4j-api-2.11.2.jar;C:\Users\salkov\.gradle\caches\modules-2\files-2.1\net.minidev\accessors-smart\1.2\c592b500269bfde36096641b01238a8350f8aa31\accessors-smart-1.2.jar;C:\Users\salkov\.gradle\caches\modules-2\files-2.1\org.ow2.asm\asm\5.0.4\da08b8cce7bbf903602a25a3a163ae252435795\asm-5.0.4.jar
19:28:40.414 [Test worker] INFO org.apache.zookeeper.server.ZooKeeperServer - Server environment:java.library.path=C:\Program Files (x86)\Java\jdk1.8.0_201\bin;C:\Windows\Sun\Java\bin;C:\Windows\system32;C:\Windows;C:\Program Files (x86)\Common Files\Oracle\Java\javapath;C:\Program Files (x86)\Intel\Intel(R) Management Engine Components\iCLS\;C:\Program Files\Intel\Intel(R) Management Engine Components\iCLS\;C:\Windows\system32;C:\Windows;C:\Windows\System32\Wbem;C:\Windows\System32\WindowsPowerShell\v1.0\;C:\Windows\System32\OpenSSH\;C:\Program Files (x86)\NVIDIA Corporation\PhysX\Common;C:\Program Files\Intel\WiFi\bin\;C:\Program Files\Common Files\Intel\WirelessCommon\;C:\Program Files (x86)\Intel\Intel(R) Management Engine Components\DAL;C:\Program Files\Intel\Intel(R) Management Engine Components\DAL;C:\Program Files (x86)\Intel\Intel(R) Management Engine Components\IPT;C:\Program Files\Intel\Intel(R) Management Engine Components\IPT;C:\Program Files\Git\cmd;C:\Program Files\nodejs\;C:\ProgramData\chocolatey\bin;C:\Users\salkov\AppData\Local\Microsoft\WindowsApps;C:\Users\salkov\AppData\Roaming\npm;.
19:28:40.415 [Test worker] INFO org.apache.zookeeper.server.ZooKeeperServer - Server environment:java.io.tmpdir=C:\Users\salkov\AppData\Local\Temp\
19:28:40.415 [Test worker] INFO org.apache.zookeeper.server.ZooKeeperServer - Server environment:java.compiler=<NA>
19:28:40.415 [Test worker] INFO org.apache.zookeeper.server.ZooKeeperServer - Server environment:os.name=Windows 10
19:28:40.415 [Test worker] INFO org.apache.zookeeper.server.ZooKeeperServer - Server environment:os.arch=x86
19:28:40.416 [Test worker] INFO org.apache.zookeeper.server.ZooKeeperServer - Server environment:os.version=10.0
19:28:40.416 [Test worker] INFO org.apache.zookeeper.server.ZooKeeperServer - Server environment:user.name=salkov
19:28:40.416 [Test worker] INFO org.apache.zookeeper.server.ZooKeeperServer - Server environment:user.home=C:\Users\salkov
19:28:40.416 [Test worker] INFO org.apache.zookeeper.server.ZooKeeperServer - Server environment:user.dir=C:\Users\salkov\IdeaProjects\app
19:28:40.426 [Test worker] DEBUG org.apache.zookeeper.server.persistence.FileTxnSnapLog - Opening datadir:C:\Users\salkov\AppData\Local\Temp\kafka-4723265571358944237 snapDir:C:\Users\salkov\AppData\Local\Temp\kafka-9040101574882680893
19:28:40.454 [Test worker] INFO org.apache.zookeeper.server.ZooKeeperServer - Created server with tickTime 500 minSessionTimeout 1000 maxSessionTimeout 10000 datadir C:\Users\salkov\AppData\Local\Temp\kafka-4723265571358944237\version-2 snapdir C:\Users\salkov\AppData\Local\Temp\kafka-9040101574882680893\version-2
19:28:40.464 [Test worker] INFO org.apache.zookeeper.server.NIOServerCnxnFactory - binding to port /127.0.0.1:0
19:28:40.478 [Test worker] DEBUG org.apache.zookeeper.server.ZooKeeperServer - ZKShutdownHandler is not registered, so ZooKeeper server won't take any action on ERROR or SHUTDOWN server state changes
19:28:40.485 [Test worker] DEBUG org.I0Itec.zkclient.ZkConnection - Creating new ZookKeeper instance to connect to 127.0.0.1:56551.
19:28:40.485 [ZkClient-EventThread-18-127.0.0.1:56551] INFO org.I0Itec.zkclient.ZkEventThread - Starting ZkClient event thread.
19:28:40.489 [Test worker] INFO org.apache.zookeeper.ZooKeeper - Client environment:zookeeper.version=3.4.13-2d71af4dbe22557fda74f9a9b4309b15a7487f03, built on 06/29/2018 00:39 GMT
19:28:40.489 [Test worker] INFO org.apache.zookeeper.ZooKeeper - Client environment:host.name=MSI
19:28:40.489 [Test worker] INFO org.apache.zookeeper.ZooKeeper - Client environment:java.version=1.8.0_201
19:28:40.489 [Test worker] INFO org.apache.zookeeper.ZooKeeper - Client environment:java.vendor=Oracle Corporation
19:28:40.489 [Test worker] INFO org.apache.zookeeper.ZooKeeper - Client environment:java.home=C:\Program Files (x86)\Java\jdk1.8.0_201\jre
19:28:40.490 [Test worker] INFO org.apache.zookeeper.ZooKeeper - Client environment:java.class.path=C:\Users\salkov\IdeaProjects\app\build\classes\java\test;C:\Users\salkov\IdeaProjects\app\build\resources\test;C:\Users\salkov\IdeaProjects\app\build\classes\java\main;C:\Users\salkov\IdeaProjects\app\build\resources\main;C:\Users\salkov\.gradle\caches\modules-2\files-2.1\io.confluent\kafka-avro-serializer\5.0.0\f3fae008b84a1b89c973872c13512f3f11b6cb\kafka-avro-serializer-5.0.0.jar;C:\Users\salkov\.gradle\caches\modules-2\files-2.1\org.springframework.kafka\spring-kafka-test\2.2.7.RELEASE\58fb0a62b45fb7735a434634e011f189bd1b0a41\spring-kafka-test-2.2.7.RELEASE.jar;C:\Users\salkov\.gradle\caches\modules-2\files-2.1\org.apache.kafka\kafka_2.11\2.0.1\74edf9dcfe1b298422dcf133e8f02b64caa9c2ed\kafka_2.11-2.0.1.jar;C:\Users\salkov\.gradle\caches\modules-2\files-2.1\org.apache.kafka\kafka_2.11\2.0.1\eae5412d901a120f9042e6e1032c6fa2f8910a7e\kafka_2.11-2.0.1-test.jar;C:\Users\salkov\.gradle\caches\modules-2\files-2.1\com.typesafe.scala-logging\scala-logging_2.11\3.9.0\e0dba06b4a763a0e2208182b264421baedbb0df\scala-logging_2.11-3.9.0.jar;C:\Users\salkov\.gradle\caches\modules-2\files-2.1\org.scala-lang\scala-reflect\2.11.12\2bb23c13c527566d9828107ca4108be2a2c06f01\scala-reflect-2.11.12.jar;C:\Users\salkov\.gradle\caches\modules-2\files-2.1\org.scala-lang\scala-library\2.11.11\e283d2b7fde6504f6a86458b1f6af465353907cc\scala-library-2.11.11.jar;C:\Users\salkov\.gradle\caches\modules-2\files-2.1\joda-time\joda-time\2.10.3\2e5366cf1f77ca3bafffecf6e87d30e1d504e959\joda-time-2.10.3.jar;C:\Users\salkov\.gradle\caches\modules-2\files-2.1\io.confluent\kafka-schema-registry-client\5.0.0\1606217ad6daf74edb9e60d67f20d44aae4fe363\kafka-schema-registry-client-5.0.0.jar;C:\Users\salkov\.gradle\caches\modules-2\files-2.1\org.apache.avro\avro\1.9.0\ee9524dab06632dcf9adea769376380d69810ead\avro-1.9.0.jar;C:\Users\salkov\.gradle\caches\modules-2\files-2.1\org.springframework.boot\spring-boot-starter-test\2.1.6.RELEASE\84ca9723624ade81ca04be40b96222e786790a89\spring-boot-starter-test-2.1.6.RELEASE.jar;C:\Users\salkov\.gradle\caches\modules-2\files-2.1\org.springframework.boot\spring-boot-starter\2.1.6.RELEASE\22f085f39ded75b0b454ee7731eccae68b20f17e\spring-boot-starter-2.1.6.RELEASE.jar;C:\Users\salkov\.gradle\caches\modules-2\files-2.1\org.springframework.kafka\spring-kafka\2.2.7.RELEASE\90ae8e1645fce2a71b429e6e642bad1f071526d3\spring-kafka-2.2.7.RELEASE.jar;C:\Users\salkov\.gradle\caches\modules-2\files-2.1\org.codehaus.jackson\jackson-mapper-asl\1.9.13\1ee2f2bed0e5dd29d1cb155a166e6f8d50bbddb7\jackson-mapper-asl-1.9.13.jar;C:\Users\salkov\.gradle\caches\modules-2\files-2.1\junit\junit\4.12\2973d150c0dc1fefe998f834810d68f278ea58ec\junit-4.12.jar;C:\Users\salkov\.gradle\caches\modules-2\files-2.1\io.confluent\common-config\5.0.0\7871d22c5e0803e7161b577da32b34fa6820b9ef\common-config-5.0.0.jar;C:\Users\salkov\.gradle\caches\modules-2\files-2.1\io.confluent\common-utils\5.0.0\2e38a7143e0f85fe2a7001bd16e90a7b567dbe6e\common-utils-5.0.0.jar;C:\Users\salkov\.gradle\caches\modules-2\files-2.1\com.fasterxml.jackson.core\jackson-databind\2.9.9\d6eb9817d9c7289a91f043ac5ee02a6b3cc86238\jackson-databind-2.9.9.jar;C:\Users\salkov\.gradle\caches\modules-2\files-2.1\com.fasterxml.jackson.core\jackson-core\2.9.9\bfff5af9fb8347d26bbb7959cb9b4fe9a2b0ca5e\jackson-core-2.9.9.jar;C:\Users\salkov\.gradle\caches\modules-2\files-2.1\org.apache.commons\commons-compress\1.18\1191f9f2bc0c47a8cce69193feb1ff0a8bcb37d5\commons-compress-1.18.jar;C:\Users\salkov\.gradle\caches\modules-2\files-2.1\org.apache.kafka\kafka-clients\2.0.1\db87f87e64714faff9c90fdc97a06c7d8e79b672\kafka-clients-2.0.1.jar;C:\Users\salkov\.gradle\caches\modules-2\files-2.1\org.apache.kafka\kafka-clients\2.0.1\61576d880bafea639d6b091adbaf260c729a3ceb\kafka-clients-2.0.1-test.jar;C:\Users\salkov\.gradle\caches\modules-2\files-2.1\com.jayway.jsonpath\json-path\2.4.0\765a4401ceb2dc8d40553c2075eb80a8fa35c2ae\json-path-2.4.0.jar;C:\Users\salkov\.gradle\caches\modules-2\files-2.1\com.101tec\zkclient\0.10\c54d4b5a5e89af75a80b6d5857400165ce5188d0\zkclient-0.10.jar;C:\Users\salkov\.gradle\caches\modules-2\files-2.1\org.apache.zookeeper\zookeeper\3.4.13\31e9937541cef95c4585b547eb2dbd34d3a76f1c\zookeeper-3.4.13.jar;C:\Users\salkov\.gradle\caches\modules-2\files-2.1\org.springframework.boot\spring-boot-starter-logging\2.1.6.RELEASE\9cb7228f463fce085317e2da8fb824568e697b7c\spring-boot-starter-logging-2.1.6.RELEASE.jar;C:\Users\salkov\.gradle\caches\modules-2\files-2.1\ch.qos.logback\logback-classic\1.2.3\7c4f3c474fb2c041d8028740440937705ebb473a\logback-classic-1.2.3.jar;C:\Users\salkov\.gradle\caches\modules-2\files-2.1\org.apache.logging.log4j\log4j-to-slf4j\2.11.2\6d37bf7b046c0ce2669f26b99365a2cfa45c4c18\log4j-to-slf4j-2.11.2.jar;C:\Users\salkov\.gradle\caches\modules-2\files-2.1\org.slf4j\jul-to-slf4j\1.7.26\8031352b2bb0a49e67818bf04c027aa92e645d5c\jul-to-slf4j-1.7.26.jar;C:\Users\salkov\.gradle\caches\modules-2\files-2.1\com.yammer.metrics\metrics-core\2.2.0\f82c035cfa786d3cbec362c38c22a5f5b1bc8724\metrics-core-2.2.0.jar;C:\Users\salkov\.gradle\caches\modules-2\files-2.1\org.slf4j\slf4j-api\1.7.26\77100a62c2e6f04b53977b9f541044d7d722693d\slf4j-api-1.7.26.jar;C:\Users\salkov\.gradle\caches\modules-2\files-2.1\org.springframework.boot\spring-boot-test-autoconfigure\2.1.6.RELEASE\6d3ed4a0b08a139892c2308d77e33ef3bb7f7be4\spring-boot-test-autoconfigure-2.1.6.RELEASE.jar;C:\Users\salkov\.gradle\caches\modules-2\files-2.1\org.springframework.boot\spring-boot-autoconfigure\2.1.6.RELEASE\875d84cfa6d5655bd11238c229e7acedf344024b\spring-boot-autoconfigure-2.1.6.RELEASE.jar;C:\Users\salkov\.gradle\caches\modules-2\files-2.1\org.springframework.boot\spring-boot-test\2.1.6.RELEASE\6a3f167e76e4dee556c9892058e60b1445c9576b\spring-boot-test-2.1.6.RELEASE.jar;C:\Users\salkov\.gradle\caches\modules-2\files-2.1\org.springframework.boot\spring-boot\2.1.6.RELEASE\b8a75ec9a9c570290523c4308c2255fbea6746c0\spring-boot-2.1.6.RELEASE.jar;C:\Users\salkov\.gradle\caches\modules-2\files-2.1\javax.annotation\javax.annotation-api\1.3.2\934c04d3cfef185a8008e7bf34331b79730a9d43\javax.annotation-api-1.3.2.jar;C:\Users\salkov\.gradle\caches\modules-2\files-2.1\org.springframework\spring-context\5.1.8.RELEASE\83ab599b042a4805bbee71b6241e9d073022d704\spring-context-5.1.8.RELEASE.jar;C:\Users\salkov\.gradle\caches\modules-2\files-2.1\org.springframework\spring-messaging\5.1.8.RELEASE\cd2f5dd9f0143d002bf34db7b81862f4dec2afc8\spring-messaging-5.1.8.RELEASE.jar;C:\Users\salkov\.gradle\caches\modules-2\files-2.1\org.springframework\spring-tx\5.1.8.RELEASE\a4941bf2e1a32e2d102dfeff8d542db8fd99a912\spring-tx-5.1.8.RELEASE.jar;C:\Users\salkov\.gradle\caches\modules-2\files-2.1\org.springframework.retry\spring-retry\1.2.4.RELEASE\e5a1e629b2743dc7bbe4a8d07ebe9ff6c3b816ce\spring-retry-1.2.4.RELEASE.jar;C:\Users\salkov\.gradle\caches\modules-2\files-2.1\org.springframework\spring-test\5.1.8.RELEASE\2a629b975a2815772b947686d4936a5c764fe4f6\spring-test-5.1.8.RELEASE.jar;C:\Users\salkov\.gradle\caches\modules-2\files-2.1\org.springframework\spring-aop\5.1.8.RELEASE\c013c5603a05bee2a80cc2ec8f3fc11b15d4de3a\spring-aop-5.1.8.RELEASE.jar;C:\Users\salkov\.gradle\caches\modules-2\files-2.1\org.springframework\spring-beans\5.1.8.RELEASE\e35fa81d0142ef7c1247a7dee8b1ef2dd78c6322\spring-beans-5.1.8.RELEASE.jar;C:\Users\salkov\.gradle\caches\modules-2\files-2.1\org.springframework\spring-expression\5.1.8.RELEASE\4f8340d8d4f52dbd527bd696358923ff4df5be1a\spring-expression-5.1.8.RELEASE.jar;C:\Users\salkov\.gradle\caches\modules-2\files-2.1\org.springframework\spring-core\5.1.8.RELEASE\37fd45c92cfd05b9ad173ee1184ec4221e0f931f\spring-core-5.1.8.RELEASE.jar;C:\Users\salkov\.gradle\caches\modules-2\files-2.1\org.yaml\snakeyaml\1.23\ec62d74fe50689c28c0ff5b35d3aebcaa8b5be68\snakeyaml-1.23.jar;C:\Users\salkov\.gradle\caches\modules-2\files-2.1\org.codehaus.jackson\jackson-core-asl\1.9.13\3c304d70f42f832e0a86d45bd437f692129299a4\jackson-core-asl-1.9.13.jar;C:\Users\salkov\.gradle\caches\modules-2\files-2.1\org.hamcrest\hamcrest-library\1.3\4785a3c21320980282f9f33d0d1264a69040538f\hamcrest-library-1.3.jar;C:\Users\salkov\.gradle\caches\modules-2\files-2.1\org.hamcrest\hamcrest-core\1.3\42a25dc3219429f0e5d060061f71acb49bf010a0\hamcrest-core-1.3.jar;C:\Users\salkov\.gradle\caches\modules-2\files-2.1\org.assertj\assertj-core\3.11.1\fdac3217b804d6900fa3650f17b5cb48e620b140\assertj-core-3.11.1.jar;C:\Users\salkov\.gradle\caches\modules-2\files-2.1\org.mockito\mockito-core\2.23.4\a35b6f8ffcfa786771eac7d7d903429e790fdf3f\mockito-core-2.23.4.jar;C:\Users\salkov\.gradle\caches\modules-2\files-2.1\org.skyscreamer\jsonassert\1.5.0\6c9d5fe2f59da598d9aefc1cfc6528ff3cf32df3\jsonassert-1.5.0.jar;C:\Users\salkov\.gradle\caches\modules-2\files-2.1\org.xmlunit\xmlunit-core\2.6.2\b0461888cdd8d3975ea8a57df96520409cadcb6c\xmlunit-core-2.6.2.jar;C:\Users\salkov\.gradle\caches\modules-2\files-2.1\com.fasterxml.jackson.core\jackson-annotations\2.9.0\7c10d545325e3a6e72e06381afe469fd40eb701\jackson-annotations-2.9.0.jar;C:\Users\salkov\.gradle\caches\modules-2\files-2.1\org.springframework\spring-jcl\5.1.8.RELEASE\60a3bb9c802ea03c955ee26526f8aebc9dd712b6\spring-jcl-5.1.8.RELEASE.jar;C:\Users\salkov\.gradle\caches\modules-2\files-2.1\org.lz4\lz4-java\1.4.1\ad89b11ac280a2992d65e078af06f6709f1fe2fc\lz4-java-1.4.1.jar;C:\Users\salkov\.gradle\caches\modules-2\files-2.1\org.xerial.snappy\snappy-java\1.1.7.1\d5190b41f3de61e3b83d692322d58630252bc8c3\snappy-java-1.1.7.1.jar;C:\Users\salkov\.gradle\caches\modules-2\files-2.1\net.sf.jopt-simple\jopt-simple\5.0.4\4fdac2fbe92dfad86aa6e9301736f6b4342a3f5c\jopt-simple-5.0.4.jar;C:\Users\salkov\.gradle\caches\modules-2\files-2.1\net.minidev\json-smart\2.3\7396407491352ce4fa30de92efb158adb76b5b\json-smart-2.3.jar;C:\Users\salkov\.gradle\caches\modules-2\files-2.1\net.bytebuddy\byte-buddy\1.9.13\cdaa4d47073aa70819649bf037cfefe75c39a4b6\byte-buddy-1.9.13.jar;C:\Users\salkov\.gradle\caches\modules-2\files-2.1\net.bytebuddy\byte-buddy-agent\1.9.13\df0eecb1c8f146f6331ec2d45259d66de3795d84\byte-buddy-agent-1.9.13.jar;C:\Users\salkov\.gradle\caches\modules-2\files-2.1\org.objenesis\objenesis\2.6\639033469776fd37c08358c6b92a4761feb2af4b\objenesis-2.6.jar;C:\Users\salkov\.gradle\caches\modules-2\files-2.1\com.vaadin.external.google\android-json\0.0.20131108.vaadin1\fa26d351fe62a6a17f5cda1287c1c6110dec413f\android-json-0.0.20131108.vaadin1.jar;C:\Users\salkov\.gradle\caches\modules-2\files-2.1\org.slf4j\slf4j-log4j12\1.7.26\12f5c685b71c3027fd28bcf90528ec4ec74bf818\slf4j-log4j12-1.7.26.jar;C:\Users\salkov\.gradle\caches\modules-2\files-2.1\log4j\log4j\1.2.17\5af35056b4d257e4b64b9e8069c0746e8b08629f\log4j-1.2.17.jar;C:\Users\salkov\.gradle\caches\modules-2\files-2.1\jline\jline\0.9.94\99a18e9a44834afdebc467294e1138364c207402\jline-0.9.94.jar;C:\Users\salkov\.gradle\caches\modules-2\files-2.1\org.apache.yetus\audience-annotations\0.5.0\55762d3191a8d6610ef46d11e8cb70c7667342a3\audience-annotations-0.5.0.jar;C:\Users\salkov\.gradle\caches\modules-2\files-2.1\io.netty\netty\3.10.6.Final\18ed04a0e502896552854926e908509db2987a00\netty-3.10.6.Final.jar;C:\Users\salkov\.gradle\caches\modules-2\files-2.1\ch.qos.logback\logback-core\1.2.3\864344400c3d4d92dfeb0a305dc87d953677c03c\logback-core-1.2.3.jar;C:\Users\salkov\.gradle\caches\modules-2\files-2.1\org.apache.logging.log4j\log4j-api\2.11.2\f5e9a2ffca496057d6891a3de65128efc636e26e\log4j-api-2.11.2.jar;C:\Users\salkov\.gradle\caches\modules-2\files-2.1\net.minidev\accessors-smart\1.2\c592b500269bfde36096641b01238a8350f8aa31\accessors-smart-1.2.jar;C:\Users\salkov\.gradle\caches\modules-2\files-2.1\org.ow2.asm\asm\5.0.4\da08b8cce7bbf903602a25a3a163ae252435795\asm-5.0.4.jar
19:28:40.492 [Test worker] INFO org.apache.zookeeper.ZooKeeper - Client environment:java.library.path=C:\Program Files (x86)\Java\jdk1.8.0_201\bin;C:\Windows\Sun\Java\bin;C:\Windows\system32;C:\Windows;C:\Program Files (x86)\Common Files\Oracle\Java\javapath;C:\Program Files (x86)\Intel\Intel(R) Management Engine Components\iCLS\;C:\Program Files\Intel\Intel(R) Management Engine Components\iCLS\;C:\Windows\system32;C:\Windows;C:\Windows\System32\Wbem;C:\Windows\System32\WindowsPowerShell\v1.0\;C:\Windows\System32\OpenSSH\;C:\Program Files (x86)\NVIDIA Corporation\PhysX\Common;C:\Program Files\Intel\WiFi\bin\;C:\Program Files\Common Files\Intel\WirelessCommon\;C:\Program Files (x86)\Intel\Intel(R) Management Engine Components\DAL;C:\Program Files\Intel\Intel(R) Management Engine Components\DAL;C:\Program Files (x86)\Intel\Intel(R) Management Engine Components\IPT;C:\Program Files\Intel\Intel(R) Management Engine Components\IPT;C:\Program Files\Git\cmd;C:\Program Files\nodejs\;C:\ProgramData\chocolatey\bin;C:\Users\salkov\AppData\Local\Microsoft\WindowsApps;C:\Users\salkov\AppData\Roaming\npm;.
19:28:40.492 [Test worker] INFO org.apache.zookeeper.ZooKeeper - Client environment:java.io.tmpdir=C:\Users\salkov\AppData\Local\Temp\
19:28:40.492 [Test worker] INFO org.apache.zookeeper.ZooKeeper - Client environment:java.compiler=<NA>
19:28:40.492 [Test worker] INFO org.apache.zookeeper.ZooKeeper - Client environment:os.name=Windows 10
19:28:40.492 [Test worker] INFO org.apache.zookeeper.ZooKeeper - Client environment:os.arch=x86
19:28:40.492 [Test worker] INFO org.apache.zookeeper.ZooKeeper - Client environment:os.version=10.0
19:28:40.492 [Test worker] INFO org.apache.zookeeper.ZooKeeper - Client environment:user.name=salkov
19:28:40.492 [Test worker] INFO org.apache.zookeeper.ZooKeeper - Client environment:user.home=C:\Users\salkov
19:28:40.492 [Test worker] INFO org.apache.zookeeper.ZooKeeper - Client environment:user.dir=C:\Users\salkov\IdeaProjects\app
19:28:40.493 [Test worker] INFO org.apache.zookeeper.ZooKeeper - Initiating client connection, connectString=127.0.0.1:56551 sessionTimeout=6000 watcher=org.I0Itec.zkclient.ZkClient@da7743
19:28:40.495 [Test worker] DEBUG org.apache.zookeeper.ClientCnxn - zookeeper.disableAutoWatchReset is false
19:28:40.501 [Test worker] DEBUG org.I0Itec.zkclient.ZkClient - Awaiting connection to Zookeeper server
19:28:40.501 [Test worker] INFO org.I0Itec.zkclient.ZkClient - Waiting for keeper state SyncConnected
19:28:40.504 [Test worker-SendThread(127.0.0.1:56551)] INFO org.apache.zookeeper.ClientCnxn - Opening socket connection to server 127.0.0.1/127.0.0.1:56551. Will not attempt to authenticate using SASL (unknown error)
19:28:40.504 [Test worker-SendThread(127.0.0.1:56551)] INFO org.apache.zookeeper.ClientCnxn - Socket connection established to 127.0.0.1/127.0.0.1:56551, initiating session
19:28:40.505 [NIOServerCxn.Factory:/127.0.0.1:0] INFO org.apache.zookeeper.server.NIOServerCnxnFactory - Accepted socket connection from /127.0.0.1:56554
19:28:40.506 [Test worker-SendThread(127.0.0.1:56551)] DEBUG org.apache.zookeeper.ClientCnxn - Session establishment request sent on 127.0.0.1/127.0.0.1:56551
19:28:40.509 [NIOServerCxn.Factory:/127.0.0.1:0] DEBUG org.apache.zookeeper.server.ZooKeeperServer - Session establishment request from client /127.0.0.1:56554 client's lastZxid is 0x0
19:28:40.509 [NIOServerCxn.Factory:/127.0.0.1:0] INFO org.apache.zookeeper.server.ZooKeeperServer - Client attempting to establish new session at /127.0.0.1:56554
19:28:40.511 [SyncThread:0] INFO org.apache.zookeeper.server.persistence.FileTxnLog - Creating new log file: log.1
19:28:40.515 [SyncThread:0] DEBUG org.apache.zookeeper.server.FinalRequestProcessor - Processing request:: sessionid:0x1000f1176cd0000 type:createSession cxid:0x0 zxid:0x1 txntype:-10 reqpath:n/a
19:28:40.517 [SyncThread:0] DEBUG org.apache.zookeeper.server.FinalRequestProcessor - sessionid:0x1000f1176cd0000 type:createSession cxid:0x0 zxid:0x1 txntype:-10 reqpath:n/a
19:28:40.520 [SyncThread:0] INFO org.apache.zookeeper.server.ZooKeeperServer - Established session 0x1000f1176cd0000 with negotiated timeout 6000 for client /127.0.0.1:56554
19:28:40.520 [Test worker-SendThread(127.0.0.1:56551)] INFO org.apache.zookeeper.ClientCnxn - Session establishment complete on server 127.0.0.1/127.0.0.1:56551, sessionid = 0x1000f1176cd0000, negotiated timeout = 6000
19:28:40.522 [Test worker-EventThread] DEBUG org.I0Itec.zkclient.ZkClient - Received event: WatchedEvent state:SyncConnected type:None path:null
19:28:40.522 [Test worker-EventThread] INFO org.I0Itec.zkclient.ZkClient - zookeeper state changed (SyncConnected)
19:28:40.522 [Test worker-EventThread] DEBUG org.I0Itec.zkclient.ZkClient - Leaving process event
19:28:40.522 [Test worker] DEBUG org.I0Itec.zkclient.ZkClient - State is SyncConnected
19:28:40.696 [Test worker] INFO kafka.server.KafkaConfig - KafkaConfig values: 
	advertised.host.name = null
	advertised.listeners = null
	advertised.port = null
	alter.config.policy.class.name = null
	alter.log.dirs.replication.quota.window.num = 11
	alter.log.dirs.replication.quota.window.size.seconds = 1
	authorizer.class.name = 
	auto.create.topics.enable = true
	auto.leader.rebalance.enable = true
	background.threads = 10
	broker.id = 0
	broker.id.generation.enable = true
	broker.rack = null
	client.quota.callback.class = null
	compression.type = producer
	connections.max.idle.ms = 600000
	controlled.shutdown.enable = false
	controlled.shutdown.max.retries = 3
	controlled.shutdown.retry.backoff.ms = 100
	controller.socket.timeout.ms = 1000
	create.topic.policy.class.name = null
	default.replication.factor = 1
	delegation.token.expiry.check.interval.ms = 3600000
	delegation.token.expiry.time.ms = 86400000
	delegation.token.master.key = null
	delegation.token.max.lifetime.ms = 604800000
	delete.records.purgatory.purge.interval.requests = 1
	delete.topic.enable = true
	fetch.purgatory.purge.interval.requests = 1000
	group.initial.rebalance.delay.ms = 0
	group.max.session.timeout.ms = 300000
	group.min.session.timeout.ms = 6000
	host.name = 
	inter.broker.listener.name = null
	inter.broker.protocol.version = 2.0-IV1
	leader.imbalance.check.interval.seconds = 300
	leader.imbalance.per.broker.percentage = 10
	listener.security.protocol.map = PLAINTEXT:PLAINTEXT,SSL:SSL,SASL_PLAINTEXT:SASL_PLAINTEXT,SASL_SSL:SASL_SSL
	listeners = PLAINTEXT://localhost:0
	log.cleaner.backoff.ms = 15000
	log.cleaner.dedupe.buffer.size = 2097152
	log.cleaner.delete.retention.ms = 86400000
	log.cleaner.enable = true
	log.cleaner.io.buffer.load.factor = 0.9
	log.cleaner.io.buffer.size = 524288
	log.cleaner.io.max.bytes.per.second = 1.7976931348623157E308
	log.cleaner.min.cleanable.ratio = 0.5
	log.cleaner.min.compaction.lag.ms = 0
	log.cleaner.threads = 1
	log.cleanup.policy = [delete]
	log.dir = C:\Users\salkov\AppData\Local\Temp\kafka-6795816940304148129
	log.dirs = null
	log.flush.interval.messages = 9223372036854775807
	log.flush.interval.ms = null
	log.flush.offset.checkpoint.interval.ms = 60000
	log.flush.scheduler.interval.ms = 9223372036854775807
	log.flush.start.offset.checkpoint.interval.ms = 60000
	log.index.interval.bytes = 4096
	log.index.size.max.bytes = 10485760
	log.message.downconversion.enable = true
	log.message.format.version = 2.0-IV1
	log.message.timestamp.difference.max.ms = 9223372036854775807
	log.message.timestamp.type = CreateTime
	log.preallocate = false
	log.retention.bytes = -1
	log.retention.check.interval.ms = 300000
	log.retention.hours = 168
	log.retention.minutes = null
	log.retention.ms = null
	log.roll.hours = 168
	log.roll.jitter.hours = 0
	log.roll.jitter.ms = null
	log.roll.ms = null
	log.segment.bytes = 1073741824
	log.segment.delete.delay.ms = 1000
	max.connections.per.ip = 2147483647
	max.connections.per.ip.overrides = 
	max.incremental.fetch.session.cache.slots = 1000
	message.max.bytes = 1000012
	metric.reporters = []
	metrics.num.samples = 2
	metrics.recording.level = INFO
	metrics.sample.window.ms = 30000
	min.insync.replicas = 1
	num.io.threads = 8
	num.network.threads = 3
	num.partitions = 1
	num.recovery.threads.per.data.dir = 1
	num.replica.alter.log.dirs.threads = null
	num.replica.fetchers = 1
	offset.metadata.max.bytes = 4096
	offsets.commit.required.acks = -1
	offsets.commit.timeout.ms = 5000
	offsets.load.buffer.size = 5242880
	offsets.retention.check.interval.ms = 600000
	offsets.retention.minutes = 10080
	offsets.topic.compression.codec = 0
	offsets.topic.num.partitions = 5
	offsets.topic.replication.factor = 1
	offsets.topic.segment.bytes = 104857600
	password.encoder.cipher.algorithm = AES/CBC/PKCS5Padding
	password.encoder.iterations = 4096
	password.encoder.key.length = 128
	password.encoder.keyfactory.algorithm = null
	password.encoder.old.secret = null
	password.encoder.secret = null
	port = 9092
	principal.builder.class = null
	producer.purgatory.purge.interval.requests = 1000
	queued.max.request.bytes = -1
	queued.max.requests = 500
	quota.consumer.default = 9223372036854775807
	quota.producer.default = 9223372036854775807
	quota.window.num = 11
	quota.window.size.seconds = 1
	replica.fetch.backoff.ms = 1000
	replica.fetch.max.bytes = 1048576
	replica.fetch.min.bytes = 1
	replica.fetch.response.max.bytes = 10485760
	replica.fetch.wait.max.ms = 500
	replica.high.watermark.checkpoint.interval.ms = 9223372036854775807
	replica.lag.time.max.ms = 10000
	replica.socket.receive.buffer.bytes = 65536
	replica.socket.timeout.ms = 1000
	replication.quota.window.num = 11
	replication.quota.window.size.seconds = 1
	request.timeout.ms = 30000
	reserved.broker.max.id = 1000
	sasl.client.callback.handler.class = null
	sasl.enabled.mechanisms = [GSSAPI]
	sasl.jaas.config = null
	sasl.kerberos.kinit.cmd = /usr/bin/kinit
	sasl.kerberos.min.time.before.relogin = 60000
	sasl.kerberos.principal.to.local.rules = [DEFAULT]
	sasl.kerberos.service.name = null
	sasl.kerberos.ticket.renew.jitter = 0.05
	sasl.kerberos.ticket.renew.window.factor = 0.8
	sasl.login.callback.handler.class = null
	sasl.login.class = null
	sasl.login.refresh.buffer.seconds = 300
	sasl.login.refresh.min.period.seconds = 60
	sasl.login.refresh.window.factor = 0.8
	sasl.login.refresh.window.jitter = 0.05
	sasl.mechanism.inter.broker.protocol = GSSAPI
	sasl.server.callback.handler.class = null
	security.inter.broker.protocol = PLAINTEXT
	socket.receive.buffer.bytes = 102400
	socket.request.max.bytes = 104857600
	socket.send.buffer.bytes = 102400
	ssl.cipher.suites = []
	ssl.client.auth = none
	ssl.enabled.protocols = [TLSv1.2, TLSv1.1, TLSv1]
	ssl.endpoint.identification.algorithm = https
	ssl.key.password = null
	ssl.keymanager.algorithm = SunX509
	ssl.keystore.location = null
	ssl.keystore.password = null
	ssl.keystore.type = JKS
	ssl.protocol = TLS
	ssl.provider = null
	ssl.secure.random.implementation = null
	ssl.trustmanager.algorithm = PKIX
	ssl.truststore.location = null
	ssl.truststore.password = null
	ssl.truststore.type = JKS
	transaction.abort.timed.out.transaction.cleanup.interval.ms = 60000
	transaction.max.timeout.ms = 900000
	transaction.remove.expired.transaction.cleanup.interval.ms = 3600000
	transaction.state.log.load.buffer.size = 5242880
	transaction.state.log.min.isr = 2
	transaction.state.log.num.partitions = 50
	transaction.state.log.replication.factor = 3
	transaction.state.log.segment.bytes = 104857600
	transactional.id.expiration.ms = 604800000
	unclean.leader.election.enable = false
	zookeeper.connect = 127.0.0.1:56551
	zookeeper.connection.timeout.ms = 10000
	zookeeper.max.in.flight.requests = 10
	zookeeper.session.timeout.ms = 6000
	zookeeper.set.acl = false
	zookeeper.sync.time.ms = 2000

19:28:40.763 [Test worker] INFO kafka.server.KafkaServer - starting
19:28:40.764 [Test worker] INFO kafka.server.KafkaServer - Connecting to zookeeper on 127.0.0.1:56551
19:28:40.780 [Test worker] INFO kafka.zookeeper.ZooKeeperClient - [ZooKeeperClient] Initializing a new session to 127.0.0.1:56551.
19:28:40.781 [Test worker] INFO org.apache.zookeeper.ZooKeeper - Initiating client connection, connectString=127.0.0.1:56551 sessionTimeout=6000 watcher=kafka.zookeeper.ZooKeeperClient$ZooKeeperClientWatcher$@18d9ee0
19:28:40.782 [Test worker-SendThread(127.0.0.1:56551)] INFO org.apache.zookeeper.ClientCnxn - Opening socket connection to server 127.0.0.1/127.0.0.1:56551. Will not attempt to authenticate using SASL (unknown error)
19:28:40.783 [Test worker] DEBUG kafka.utils.KafkaScheduler - Initializing task scheduler.
19:28:40.783 [Test worker-SendThread(127.0.0.1:56551)] INFO org.apache.zookeeper.ClientCnxn - Socket connection established to 127.0.0.1/127.0.0.1:56551, initiating session
19:28:40.783 [Test worker-SendThread(127.0.0.1:56551)] DEBUG org.apache.zookeeper.ClientCnxn - Session establishment request sent on 127.0.0.1/127.0.0.1:56551
19:28:40.783 [NIOServerCxn.Factory:/127.0.0.1:0] INFO org.apache.zookeeper.server.NIOServerCnxnFactory - Accepted socket connection from /127.0.0.1:56557
19:28:40.783 [NIOServerCxn.Factory:/127.0.0.1:0] DEBUG org.apache.zookeeper.server.ZooKeeperServer - Session establishment request from client /127.0.0.1:56557 client's lastZxid is 0x0
19:28:40.784 [NIOServerCxn.Factory:/127.0.0.1:0] INFO org.apache.zookeeper.server.ZooKeeperServer - Client attempting to establish new session at /127.0.0.1:56557
19:28:40.784 [Test worker] INFO kafka.zookeeper.ZooKeeperClient - [ZooKeeperClient] Waiting until connected.
19:28:40.785 [SyncThread:0] DEBUG org.apache.zookeeper.server.FinalRequestProcessor - Processing request:: sessionid:0x1000f1176cd0001 type:createSession cxid:0x0 zxid:0x2 txntype:-10 reqpath:n/a
19:28:40.785 [SyncThread:0] DEBUG org.apache.zookeeper.server.FinalRequestProcessor - sessionid:0x1000f1176cd0001 type:createSession cxid:0x0 zxid:0x2 txntype:-10 reqpath:n/a
19:28:40.785 [SyncThread:0] INFO org.apache.zookeeper.server.ZooKeeperServer - Established session 0x1000f1176cd0001 with negotiated timeout 6000 for client /127.0.0.1:56557
19:28:40.786 [Test worker-SendThread(127.0.0.1:56551)] INFO org.apache.zookeeper.ClientCnxn - Session establishment complete on server 127.0.0.1/127.0.0.1:56551, sessionid = 0x1000f1176cd0001, negotiated timeout = 6000
19:28:40.787 [Test worker] INFO kafka.zookeeper.ZooKeeperClient - [ZooKeeperClient] Connected.
19:28:40.787 [Test worker-EventThread] DEBUG kafka.zookeeper.ZooKeeperClient - [ZooKeeperClient] Received event: WatchedEvent state:SyncConnected type:None path:null
19:28:40.832 [SyncThread:0] DEBUG org.apache.zookeeper.server.FinalRequestProcessor - Processing request:: sessionid:0x1000f1176cd0001 type:create cxid:0x1 zxid:0x3 txntype:1 reqpath:n/a
19:28:40.833 [SyncThread:0] DEBUG org.apache.zookeeper.server.FinalRequestProcessor - sessionid:0x1000f1176cd0001 type:create cxid:0x1 zxid:0x3 txntype:1 reqpath:n/a
19:28:40.834 [Test worker-SendThread(127.0.0.1:56551)] DEBUG org.apache.zookeeper.ClientCnxn - Reading reply sessionid:0x1000f1176cd0001, packet:: clientPath:/consumers serverPath:/consumers finished:false header:: 1,1  replyHeader:: 1,3,0  request:: '/consumers,,v{s{31,s{'world,'anyone}}},0  response:: '/consumers 
19:28:40.845 [ProcessThread(sid:0 cport:56551):] INFO org.apache.zookeeper.server.PrepRequestProcessor - Got user-level KeeperException when processing sessionid:0x1000f1176cd0001 type:create cxid:0x2 zxid:0x4 txntype:-1 reqpath:n/a Error Path:/brokers Error:KeeperErrorCode = NoNode for /brokers
19:28:40.846 [SyncThread:0] DEBUG org.apache.zookeeper.server.FinalRequestProcessor - Processing request:: sessionid:0x1000f1176cd0001 type:create cxid:0x2 zxid:0x4 txntype:-1 reqpath:n/a
19:28:40.846 [SyncThread:0] DEBUG org.apache.zookeeper.server.DataTree - Ignoring processTxn failure hdr: -1 : error: -101
19:28:40.846 [Test worker-SendThread(127.0.0.1:56551)] DEBUG org.apache.zookeeper.ClientCnxn - Reading reply sessionid:0x1000f1176cd0001, packet:: clientPath:/brokers/ids serverPath:/brokers/ids finished:false header:: 2,1  replyHeader:: 2,4,-101  request:: '/brokers/ids,,v{s{31,s{'world,'anyone}}},0  response::  
19:28:40.848 [SyncThread:0] DEBUG org.apache.zookeeper.server.FinalRequestProcessor - Processing request:: sessionid:0x1000f1176cd0001 type:create cxid:0x3 zxid:0x5 txntype:1 reqpath:n/a
19:28:40.848 [SyncThread:0] DEBUG org.apache.zookeeper.server.FinalRequestProcessor - sessionid:0x1000f1176cd0001 type:create cxid:0x3 zxid:0x5 txntype:1 reqpath:n/a
19:28:40.849 [Test worker-SendThread(127.0.0.1:56551)] DEBUG org.apache.zookeeper.ClientCnxn - Reading reply sessionid:0x1000f1176cd0001, packet:: clientPath:/brokers serverPath:/brokers finished:false header:: 3,1  replyHeader:: 3,5,0  request:: '/brokers,,v{s{31,s{'world,'anyone}}},0  response:: '/brokers 
19:28:40.850 [SyncThread:0] DEBUG org.apache.zookeeper.server.FinalRequestProcessor - Processing request:: sessionid:0x1000f1176cd0001 type:create cxid:0x4 zxid:0x6 txntype:1 reqpath:n/a
19:28:40.851 [SyncThread:0] DEBUG org.apache.zookeeper.server.FinalRequestProcessor - sessionid:0x1000f1176cd0001 type:create cxid:0x4 zxid:0x6 txntype:1 reqpath:n/a
19:28:40.851 [Test worker-SendThread(127.0.0.1:56551)] DEBUG org.apache.zookeeper.ClientCnxn - Reading reply sessionid:0x1000f1176cd0001, packet:: clientPath:/brokers/ids serverPath:/brokers/ids finished:false header:: 4,1  replyHeader:: 4,6,0  request:: '/brokers/ids,,v{s{31,s{'world,'anyone}}},0  response:: '/brokers/ids 
19:28:40.853 [SyncThread:0] DEBUG org.apache.zookeeper.server.FinalRequestProcessor - Processing request:: sessionid:0x1000f1176cd0001 type:create cxid:0x5 zxid:0x7 txntype:1 reqpath:n/a
19:28:40.853 [SyncThread:0] DEBUG org.apache.zookeeper.server.FinalRequestProcessor - sessionid:0x1000f1176cd0001 type:create cxid:0x5 zxid:0x7 txntype:1 reqpath:n/a
19:28:40.854 [Test worker-SendThread(127.0.0.1:56551)] DEBUG org.apache.zookeeper.ClientCnxn - Reading reply sessionid:0x1000f1176cd0001, packet:: clientPath:/brokers/topics serverPath:/brokers/topics finished:false header:: 5,1  replyHeader:: 5,7,0  request:: '/brokers/topics,,v{s{31,s{'world,'anyone}}},0  response:: '/brokers/topics 
19:28:40.855 [ProcessThread(sid:0 cport:56551):] INFO org.apache.zookeeper.server.PrepRequestProcessor - Got user-level KeeperException when processing sessionid:0x1000f1176cd0001 type:create cxid:0x6 zxid:0x8 txntype:-1 reqpath:n/a Error Path:/config Error:KeeperErrorCode = NoNode for /config
19:28:40.856 [SyncThread:0] DEBUG org.apache.zookeeper.server.FinalRequestProcessor - Processing request:: sessionid:0x1000f1176cd0001 type:create cxid:0x6 zxid:0x8 txntype:-1 reqpath:n/a
19:28:40.856 [SyncThread:0] DEBUG org.apache.zookeeper.server.DataTree - Ignoring processTxn failure hdr: -1 : error: -101
19:28:40.856 [Test worker-SendThread(127.0.0.1:56551)] DEBUG org.apache.zookeeper.ClientCnxn - Reading reply sessionid:0x1000f1176cd0001, packet:: clientPath:/config/changes serverPath:/config/changes finished:false header:: 6,1  replyHeader:: 6,8,-101  request:: '/config/changes,,v{s{31,s{'world,'anyone}}},0  response::  
19:28:40.858 [SyncThread:0] DEBUG org.apache.zookeeper.server.FinalRequestProcessor - Processing request:: sessionid:0x1000f1176cd0001 type:create cxid:0x7 zxid:0x9 txntype:1 reqpath:n/a
19:28:40.858 [SyncThread:0] DEBUG org.apache.zookeeper.server.FinalRequestProcessor - sessionid:0x1000f1176cd0001 type:create cxid:0x7 zxid:0x9 txntype:1 reqpath:n/a
19:28:40.859 [Test worker-SendThread(127.0.0.1:56551)] DEBUG org.apache.zookeeper.ClientCnxn - Reading reply sessionid:0x1000f1176cd0001, packet:: clientPath:/config serverPath:/config finished:false header:: 7,1  replyHeader:: 7,9,0  request:: '/config,,v{s{31,s{'world,'anyone}}},0  response:: '/config 
19:28:40.861 [SyncThread:0] DEBUG org.apache.zookeeper.server.FinalRequestProcessor - Processing request:: sessionid:0x1000f1176cd0001 type:create cxid:0x8 zxid:0xa txntype:1 reqpath:n/a
19:28:40.861 [SyncThread:0] DEBUG org.apache.zookeeper.server.FinalRequestProcessor - sessionid:0x1000f1176cd0001 type:create cxid:0x8 zxid:0xa txntype:1 reqpath:n/a
19:28:40.862 [Test worker-SendThread(127.0.0.1:56551)] DEBUG org.apache.zookeeper.ClientCnxn - Reading reply sessionid:0x1000f1176cd0001, packet:: clientPath:/config/changes serverPath:/config/changes finished:false header:: 8,1  replyHeader:: 8,10,0  request:: '/config/changes,,v{s{31,s{'world,'anyone}}},0  response:: '/config/changes 
19:28:40.863 [ProcessThread(sid:0 cport:56551):] INFO org.apache.zookeeper.server.PrepRequestProcessor - Got user-level KeeperException when processing sessionid:0x1000f1176cd0001 type:create cxid:0x9 zxid:0xb txntype:-1 reqpath:n/a Error Path:/admin Error:KeeperErrorCode = NoNode for /admin
19:28:40.864 [SyncThread:0] DEBUG org.apache.zookeeper.server.FinalRequestProcessor - Processing request:: sessionid:0x1000f1176cd0001 type:create cxid:0x9 zxid:0xb txntype:-1 reqpath:n/a
19:28:40.864 [SyncThread:0] DEBUG org.apache.zookeeper.server.DataTree - Ignoring processTxn failure hdr: -1 : error: -101
19:28:40.865 [Test worker-SendThread(127.0.0.1:56551)] DEBUG org.apache.zookeeper.ClientCnxn - Reading reply sessionid:0x1000f1176cd0001, packet:: clientPath:/admin/delete_topics serverPath:/admin/delete_topics finished:false header:: 9,1  replyHeader:: 9,11,-101  request:: '/admin/delete_topics,,v{s{31,s{'world,'anyone}}},0  response::  
19:28:40.867 [SyncThread:0] DEBUG org.apache.zookeeper.server.FinalRequestProcessor - Processing request:: sessionid:0x1000f1176cd0001 type:create cxid:0xa zxid:0xc txntype:1 reqpath:n/a
19:28:40.867 [SyncThread:0] DEBUG org.apache.zookeeper.server.FinalRequestProcessor - sessionid:0x1000f1176cd0001 type:create cxid:0xa zxid:0xc txntype:1 reqpath:n/a
19:28:40.867 [Test worker-SendThread(127.0.0.1:56551)] DEBUG org.apache.zookeeper.ClientCnxn - Reading reply sessionid:0x1000f1176cd0001, packet:: clientPath:/admin serverPath:/admin finished:false header:: 10,1  replyHeader:: 10,12,0  request:: '/admin,,v{s{31,s{'world,'anyone}}},0  response:: '/admin 
19:28:40.869 [SyncThread:0] DEBUG org.apache.zookeeper.server.FinalRequestProcessor - Processing request:: sessionid:0x1000f1176cd0001 type:create cxid:0xb zxid:0xd txntype:1 reqpath:n/a
19:28:40.870 [SyncThread:0] DEBUG org.apache.zookeeper.server.FinalRequestProcessor - sessionid:0x1000f1176cd0001 type:create cxid:0xb zxid:0xd txntype:1 reqpath:n/a
19:28:40.870 [Test worker-SendThread(127.0.0.1:56551)] DEBUG org.apache.zookeeper.ClientCnxn - Reading reply sessionid:0x1000f1176cd0001, packet:: clientPath:/admin/delete_topics serverPath:/admin/delete_topics finished:false header:: 11,1  replyHeader:: 11,13,0  request:: '/admin/delete_topics,,v{s{31,s{'world,'anyone}}},0  response:: '/admin/delete_topics 
19:28:40.872 [SyncThread:0] DEBUG org.apache.zookeeper.server.FinalRequestProcessor - Processing request:: sessionid:0x1000f1176cd0001 type:create cxid:0xc zxid:0xe txntype:1 reqpath:n/a
19:28:40.873 [SyncThread:0] DEBUG org.apache.zookeeper.server.FinalRequestProcessor - sessionid:0x1000f1176cd0001 type:create cxid:0xc zxid:0xe txntype:1 reqpath:n/a
19:28:40.873 [Test worker-SendThread(127.0.0.1:56551)] DEBUG org.apache.zookeeper.ClientCnxn - Reading reply sessionid:0x1000f1176cd0001, packet:: clientPath:/brokers/seqid serverPath:/brokers/seqid finished:false header:: 12,1  replyHeader:: 12,14,0  request:: '/brokers/seqid,,v{s{31,s{'world,'anyone}}},0  response:: '/brokers/seqid 
19:28:40.875 [SyncThread:0] DEBUG org.apache.zookeeper.server.FinalRequestProcessor - Processing request:: sessionid:0x1000f1176cd0001 type:create cxid:0xd zxid:0xf txntype:1 reqpath:n/a
19:28:40.875 [SyncThread:0] DEBUG org.apache.zookeeper.server.FinalRequestProcessor - sessionid:0x1000f1176cd0001 type:create cxid:0xd zxid:0xf txntype:1 reqpath:n/a
19:28:40.876 [Test worker-SendThread(127.0.0.1:56551)] DEBUG org.apache.zookeeper.ClientCnxn - Reading reply sessionid:0x1000f1176cd0001, packet:: clientPath:/isr_change_notification serverPath:/isr_change_notification finished:false header:: 13,1  replyHeader:: 13,15,0  request:: '/isr_change_notification,,v{s{31,s{'world,'anyone}}},0  response:: '/isr_change_notification 
19:28:40.878 [SyncThread:0] DEBUG org.apache.zookeeper.server.FinalRequestProcessor - Processing request:: sessionid:0x1000f1176cd0001 type:create cxid:0xe zxid:0x10 txntype:1 reqpath:n/a
19:28:40.879 [SyncThread:0] DEBUG org.apache.zookeeper.server.FinalRequestProcessor - sessionid:0x1000f1176cd0001 type:create cxid:0xe zxid:0x10 txntype:1 reqpath:n/a
19:28:40.879 [Test worker-SendThread(127.0.0.1:56551)] DEBUG org.apache.zookeeper.ClientCnxn - Reading reply sessionid:0x1000f1176cd0001, packet:: clientPath:/latest_producer_id_block serverPath:/latest_producer_id_block finished:false header:: 14,1  replyHeader:: 14,16,0  request:: '/latest_producer_id_block,,v{s{31,s{'world,'anyone}}},0  response:: '/latest_producer_id_block 
19:28:40.881 [SyncThread:0] DEBUG org.apache.zookeeper.server.FinalRequestProcessor - Processing request:: sessionid:0x1000f1176cd0001 type:create cxid:0xf zxid:0x11 txntype:1 reqpath:n/a
19:28:40.881 [SyncThread:0] DEBUG org.apache.zookeeper.server.FinalRequestProcessor - sessionid:0x1000f1176cd0001 type:create cxid:0xf zxid:0x11 txntype:1 reqpath:n/a
19:28:40.882 [Test worker-SendThread(127.0.0.1:56551)] DEBUG org.apache.zookeeper.ClientCnxn - Reading reply sessionid:0x1000f1176cd0001, packet:: clientPath:/log_dir_event_notification serverPath:/log_dir_event_notification finished:false header:: 15,1  replyHeader:: 15,17,0  request:: '/log_dir_event_notification,,v{s{31,s{'world,'anyone}}},0  response:: '/log_dir_event_notification 
19:28:40.883 [SyncThread:0] DEBUG org.apache.zookeeper.server.FinalRequestProcessor - Processing request:: sessionid:0x1000f1176cd0001 type:create cxid:0x10 zxid:0x12 txntype:1 reqpath:n/a
19:28:40.884 [SyncThread:0] DEBUG org.apache.zookeeper.server.FinalRequestProcessor - sessionid:0x1000f1176cd0001 type:create cxid:0x10 zxid:0x12 txntype:1 reqpath:n/a
19:28:40.884 [Test worker-SendThread(127.0.0.1:56551)] DEBUG org.apache.zookeeper.ClientCnxn - Reading reply sessionid:0x1000f1176cd0001, packet:: clientPath:/config/topics serverPath:/config/topics finished:false header:: 16,1  replyHeader:: 16,18,0  request:: '/config/topics,,v{s{31,s{'world,'anyone}}},0  response:: '/config/topics 
19:28:40.886 [SyncThread:0] DEBUG org.apache.zookeeper.server.FinalRequestProcessor - Processing request:: sessionid:0x1000f1176cd0001 type:create cxid:0x11 zxid:0x13 txntype:1 reqpath:n/a
19:28:40.886 [SyncThread:0] DEBUG org.apache.zookeeper.server.FinalRequestProcessor - sessionid:0x1000f1176cd0001 type:create cxid:0x11 zxid:0x13 txntype:1 reqpath:n/a
19:28:40.887 [Test worker-SendThread(127.0.0.1:56551)] DEBUG org.apache.zookeeper.ClientCnxn - Reading reply sessionid:0x1000f1176cd0001, packet:: clientPath:/config/clients serverPath:/config/clients finished:false header:: 17,1  replyHeader:: 17,19,0  request:: '/config/clients,,v{s{31,s{'world,'anyone}}},0  response:: '/config/clients 
19:28:40.889 [SyncThread:0] DEBUG org.apache.zookeeper.server.FinalRequestProcessor - Processing request:: sessionid:0x1000f1176cd0001 type:create cxid:0x12 zxid:0x14 txntype:1 reqpath:n/a
19:28:40.889 [SyncThread:0] DEBUG org.apache.zookeeper.server.FinalRequestProcessor - sessionid:0x1000f1176cd0001 type:create cxid:0x12 zxid:0x14 txntype:1 reqpath:n/a
19:28:40.889 [Test worker-SendThread(127.0.0.1:56551)] DEBUG org.apache.zookeeper.ClientCnxn - Reading reply sessionid:0x1000f1176cd0001, packet:: clientPath:/config/users serverPath:/config/users finished:false header:: 18,1  replyHeader:: 18,20,0  request:: '/config/users,,v{s{31,s{'world,'anyone}}},0  response:: '/config/users 
19:28:40.891 [SyncThread:0] DEBUG org.apache.zookeeper.server.FinalRequestProcessor - Processing request:: sessionid:0x1000f1176cd0001 type:create cxid:0x13 zxid:0x15 txntype:1 reqpath:n/a
19:28:40.891 [SyncThread:0] DEBUG org.apache.zookeeper.server.FinalRequestProcessor - sessionid:0x1000f1176cd0001 type:create cxid:0x13 zxid:0x15 txntype:1 reqpath:n/a
19:28:40.892 [Test worker-SendThread(127.0.0.1:56551)] DEBUG org.apache.zookeeper.ClientCnxn - Reading reply sessionid:0x1000f1176cd0001, packet:: clientPath:/config/brokers serverPath:/config/brokers finished:false header:: 19,1  replyHeader:: 19,21,0  request:: '/config/brokers,,v{s{31,s{'world,'anyone}}},0  response:: '/config/brokers 
19:28:40.896 [SyncThread:0] DEBUG org.apache.zookeeper.server.FinalRequestProcessor - Processing request:: sessionid:0x1000f1176cd0001 type:getData cxid:0x14 zxid:0xfffffffffffffffe txntype:unknown reqpath:/cluster/id
19:28:40.896 [SyncThread:0] DEBUG org.apache.zookeeper.server.FinalRequestProcessor - sessionid:0x1000f1176cd0001 type:getData cxid:0x14 zxid:0xfffffffffffffffe txntype:unknown reqpath:/cluster/id
19:28:40.897 [Test worker-SendThread(127.0.0.1:56551)] DEBUG org.apache.zookeeper.ClientCnxn - Reading reply sessionid:0x1000f1176cd0001, packet:: clientPath:/cluster/id serverPath:/cluster/id finished:false header:: 20,4  replyHeader:: 20,21,-101  request:: '/cluster/id,F  response::  
19:28:41.081 [ProcessThread(sid:0 cport:56551):] INFO org.apache.zookeeper.server.PrepRequestProcessor - Got user-level KeeperException when processing sessionid:0x1000f1176cd0001 type:create cxid:0x15 zxid:0x16 txntype:-1 reqpath:n/a Error Path:/cluster Error:KeeperErrorCode = NoNode for /cluster
19:28:41.082 [SyncThread:0] DEBUG org.apache.zookeeper.server.FinalRequestProcessor - Processing request:: sessionid:0x1000f1176cd0001 type:create cxid:0x15 zxid:0x16 txntype:-1 reqpath:n/a
19:28:41.082 [SyncThread:0] DEBUG org.apache.zookeeper.server.DataTree - Ignoring processTxn failure hdr: -1 : error: -101
19:28:41.083 [Test worker-SendThread(127.0.0.1:56551)] DEBUG org.apache.zookeeper.ClientCnxn - Reading reply sessionid:0x1000f1176cd0001, packet:: clientPath:/cluster/id serverPath:/cluster/id finished:false header:: 21,1  replyHeader:: 21,22,-101  request:: '/cluster/id,#7b2276657273696f6e223a2231222c226964223a22784a626c396b445953684f475864383439674f627967227d,v{s{31,s{'world,'anyone}}},0  response::  
19:28:41.084 [SyncThread:0] DEBUG org.apache.zookeeper.server.FinalRequestProcessor - Processing request:: sessionid:0x1000f1176cd0001 type:create cxid:0x16 zxid:0x17 txntype:1 reqpath:n/a
19:28:41.085 [SyncThread:0] DEBUG org.apache.zookeeper.server.FinalRequestProcessor - sessionid:0x1000f1176cd0001 type:create cxid:0x16 zxid:0x17 txntype:1 reqpath:n/a
19:28:41.085 [Test worker-SendThread(127.0.0.1:56551)] DEBUG org.apache.zookeeper.ClientCnxn - Reading reply sessionid:0x1000f1176cd0001, packet:: clientPath:/cluster serverPath:/cluster finished:false header:: 22,1  replyHeader:: 22,23,0  request:: '/cluster,,v{s{31,s{'world,'anyone}}},0  response:: '/cluster 
19:28:41.087 [SyncThread:0] DEBUG org.apache.zookeeper.server.FinalRequestProcessor - Processing request:: sessionid:0x1000f1176cd0001 type:create cxid:0x17 zxid:0x18 txntype:1 reqpath:n/a
19:28:41.087 [SyncThread:0] DEBUG org.apache.zookeeper.server.FinalRequestProcessor - sessionid:0x1000f1176cd0001 type:create cxid:0x17 zxid:0x18 txntype:1 reqpath:n/a
19:28:41.088 [Test worker-SendThread(127.0.0.1:56551)] DEBUG org.apache.zookeeper.ClientCnxn - Reading reply sessionid:0x1000f1176cd0001, packet:: clientPath:/cluster/id serverPath:/cluster/id finished:false header:: 23,1  replyHeader:: 23,24,0  request:: '/cluster/id,#7b2276657273696f6e223a2231222c226964223a22784a626c396b445953684f475864383439674f627967227d,v{s{31,s{'world,'anyone}}},0  response:: '/cluster/id 
19:28:41.088 [Test worker] INFO kafka.server.KafkaServer - Cluster ID = xJbl9kDYShOGXd849gObyg
19:28:41.092 [Test worker] WARN kafka.server.BrokerMetadataCheckpoint - No meta.properties file under dir C:\Users\salkov\AppData\Local\Temp\kafka-6795816940304148129\meta.properties
19:28:41.101 [SyncThread:0] DEBUG org.apache.zookeeper.server.FinalRequestProcessor - Processing request:: sessionid:0x1000f1176cd0001 type:getData cxid:0x18 zxid:0xfffffffffffffffe txntype:unknown reqpath:/config/brokers/<default>
19:28:41.101 [SyncThread:0] DEBUG org.apache.zookeeper.server.FinalRequestProcessor - sessionid:0x1000f1176cd0001 type:getData cxid:0x18 zxid:0xfffffffffffffffe txntype:unknown reqpath:/config/brokers/<default>
19:28:41.102 [Test worker-SendThread(127.0.0.1:56551)] DEBUG org.apache.zookeeper.ClientCnxn - Reading reply sessionid:0x1000f1176cd0001, packet:: clientPath:/config/brokers/<default> serverPath:/config/brokers/<default> finished:false header:: 24,4  replyHeader:: 24,24,-101  request:: '/config/brokers/<default>,F  response::  
19:28:41.137 [Test worker] INFO kafka.server.KafkaConfig - KafkaConfig values: 
	advertised.host.name = null
	advertised.listeners = null
	advertised.port = null
	alter.config.policy.class.name = null
	alter.log.dirs.replication.quota.window.num = 11
	alter.log.dirs.replication.quota.window.size.seconds = 1
	authorizer.class.name = 
	auto.create.topics.enable = true
	auto.leader.rebalance.enable = true
	background.threads = 10
	broker.id = 0
	broker.id.generation.enable = true
	broker.rack = null
	client.quota.callback.class = null
	compression.type = producer
	connections.max.idle.ms = 600000
	controlled.shutdown.enable = false
	controlled.shutdown.max.retries = 3
	controlled.shutdown.retry.backoff.ms = 100
	controller.socket.timeout.ms = 1000
	create.topic.policy.class.name = null
	default.replication.factor = 1
	delegation.token.expiry.check.interval.ms = 3600000
	delegation.token.expiry.time.ms = 86400000
	delegation.token.master.key = null
	delegation.token.max.lifetime.ms = 604800000
	delete.records.purgatory.purge.interval.requests = 1
	delete.topic.enable = true
	fetch.purgatory.purge.interval.requests = 1000
	group.initial.rebalance.delay.ms = 0
	group.max.session.timeout.ms = 300000
	group.min.session.timeout.ms = 6000
	host.name = 
	inter.broker.listener.name = null
	inter.broker.protocol.version = 2.0-IV1
	leader.imbalance.check.interval.seconds = 300
	leader.imbalance.per.broker.percentage = 10
	listener.security.protocol.map = PLAINTEXT:PLAINTEXT,SSL:SSL,SASL_PLAINTEXT:SASL_PLAINTEXT,SASL_SSL:SASL_SSL
	listeners = PLAINTEXT://localhost:0
	log.cleaner.backoff.ms = 15000
	log.cleaner.dedupe.buffer.size = 2097152
	log.cleaner.delete.retention.ms = 86400000
	log.cleaner.enable = true
	log.cleaner.io.buffer.load.factor = 0.9
	log.cleaner.io.buffer.size = 524288
	log.cleaner.io.max.bytes.per.second = 1.7976931348623157E308
	log.cleaner.min.cleanable.ratio = 0.5
	log.cleaner.min.compaction.lag.ms = 0
	log.cleaner.threads = 1
	log.cleanup.policy = [delete]
	log.dir = C:\Users\salkov\AppData\Local\Temp\kafka-6795816940304148129
	log.dirs = null
	log.flush.interval.messages = 9223372036854775807
	log.flush.interval.ms = null
	log.flush.offset.checkpoint.interval.ms = 60000
	log.flush.scheduler.interval.ms = 9223372036854775807
	log.flush.start.offset.checkpoint.interval.ms = 60000
	log.index.interval.bytes = 4096
	log.index.size.max.bytes = 10485760
	log.message.downconversion.enable = true
	log.message.format.version = 2.0-IV1
	log.message.timestamp.difference.max.ms = 9223372036854775807
	log.message.timestamp.type = CreateTime
	log.preallocate = false
	log.retention.bytes = -1
	log.retention.check.interval.ms = 300000
	log.retention.hours = 168
	log.retention.minutes = null
	log.retention.ms = null
	log.roll.hours = 168
	log.roll.jitter.hours = 0
	log.roll.jitter.ms = null
	log.roll.ms = null
	log.segment.bytes = 1073741824
	log.segment.delete.delay.ms = 1000
	max.connections.per.ip = 2147483647
	max.connections.per.ip.overrides = 
	max.incremental.fetch.session.cache.slots = 1000
	message.max.bytes = 1000012
	metric.reporters = []
	metrics.num.samples = 2
	metrics.recording.level = INFO
	metrics.sample.window.ms = 30000
	min.insync.replicas = 1
	num.io.threads = 8
	num.network.threads = 3
	num.partitions = 1
	num.recovery.threads.per.data.dir = 1
	num.replica.alter.log.dirs.threads = null
	num.replica.fetchers = 1
	offset.metadata.max.bytes = 4096
	offsets.commit.required.acks = -1
	offsets.commit.timeout.ms = 5000
	offsets.load.buffer.size = 5242880
	offsets.retention.check.interval.ms = 600000
	offsets.retention.minutes = 10080
	offsets.topic.compression.codec = 0
	offsets.topic.num.partitions = 5
	offsets.topic.replication.factor = 1
	offsets.topic.segment.bytes = 104857600
	password.encoder.cipher.algorithm = AES/CBC/PKCS5Padding
	password.encoder.iterations = 4096
	password.encoder.key.length = 128
	password.encoder.keyfactory.algorithm = null
	password.encoder.old.secret = null
	password.encoder.secret = null
	port = 9092
	principal.builder.class = null
	producer.purgatory.purge.interval.requests = 1000
	queued.max.request.bytes = -1
	queued.max.requests = 500
	quota.consumer.default = 9223372036854775807
	quota.producer.default = 9223372036854775807
	quota.window.num = 11
	quota.window.size.seconds = 1
	replica.fetch.backoff.ms = 1000
	replica.fetch.max.bytes = 1048576
	replica.fetch.min.bytes = 1
	replica.fetch.response.max.bytes = 10485760
	replica.fetch.wait.max.ms = 500
	replica.high.watermark.checkpoint.interval.ms = 9223372036854775807
	replica.lag.time.max.ms = 10000
	replica.socket.receive.buffer.bytes = 65536
	replica.socket.timeout.ms = 1000
	replication.quota.window.num = 11
	replication.quota.window.size.seconds = 1
	request.timeout.ms = 30000
	reserved.broker.max.id = 1000
	sasl.client.callback.handler.class = null
	sasl.enabled.mechanisms = [GSSAPI]
	sasl.jaas.config = null
	sasl.kerberos.kinit.cmd = /usr/bin/kinit
	sasl.kerberos.min.time.before.relogin = 60000
	sasl.kerberos.principal.to.local.rules = [DEFAULT]
	sasl.kerberos.service.name = null
	sasl.kerberos.ticket.renew.jitter = 0.05
	sasl.kerberos.ticket.renew.window.factor = 0.8
	sasl.login.callback.handler.class = null
	sasl.login.class = null
	sasl.login.refresh.buffer.seconds = 300
	sasl.login.refresh.min.period.seconds = 60
	sasl.login.refresh.window.factor = 0.8
	sasl.login.refresh.window.jitter = 0.05
	sasl.mechanism.inter.broker.protocol = GSSAPI
	sasl.server.callback.handler.class = null
	security.inter.broker.protocol = PLAINTEXT
	socket.receive.buffer.bytes = 102400
	socket.request.max.bytes = 104857600
	socket.send.buffer.bytes = 102400
	ssl.cipher.suites = []
	ssl.client.auth = none
	ssl.enabled.protocols = [TLSv1.2, TLSv1.1, TLSv1]
	ssl.endpoint.identification.algorithm = https
	ssl.key.password = null
	ssl.keymanager.algorithm = SunX509
	ssl.keystore.location = null
	ssl.keystore.password = null
	ssl.keystore.type = JKS
	ssl.protocol = TLS
	ssl.provider = null
	ssl.secure.random.implementation = null
	ssl.trustmanager.algorithm = PKIX
	ssl.truststore.location = null
	ssl.truststore.password = null
	ssl.truststore.type = JKS
	transaction.abort.timed.out.transaction.cleanup.interval.ms = 60000
	transaction.max.timeout.ms = 900000
	transaction.remove.expired.transaction.cleanup.interval.ms = 3600000
	transaction.state.log.load.buffer.size = 5242880
	transaction.state.log.min.isr = 2
	transaction.state.log.num.partitions = 50
	transaction.state.log.replication.factor = 3
	transaction.state.log.segment.bytes = 104857600
	transactional.id.expiration.ms = 604800000
	unclean.leader.election.enable = false
	zookeeper.connect = 127.0.0.1:56551
	zookeeper.connection.timeout.ms = 10000
	zookeeper.max.in.flight.requests = 10
	zookeeper.session.timeout.ms = 6000
	zookeeper.set.acl = false
	zookeeper.sync.time.ms = 2000

19:28:41.142 [SyncThread:0] DEBUG org.apache.zookeeper.server.FinalRequestProcessor - Processing request:: sessionid:0x1000f1176cd0001 type:getData cxid:0x19 zxid:0xfffffffffffffffe txntype:unknown reqpath:/config/brokers/0
19:28:41.142 [SyncThread:0] DEBUG org.apache.zookeeper.server.FinalRequestProcessor - sessionid:0x1000f1176cd0001 type:getData cxid:0x19 zxid:0xfffffffffffffffe txntype:unknown reqpath:/config/brokers/0
19:28:41.142 [Test worker-SendThread(127.0.0.1:56551)] DEBUG org.apache.zookeeper.ClientCnxn - Reading reply sessionid:0x1000f1176cd0001, packet:: clientPath:/config/brokers/0 serverPath:/config/brokers/0 finished:false header:: 25,4  replyHeader:: 25,24,-101  request:: '/config/brokers/0,F  response::  
19:28:41.144 [Test worker] INFO kafka.server.KafkaConfig - KafkaConfig values: 
	advertised.host.name = null
	advertised.listeners = null
	advertised.port = null
	alter.config.policy.class.name = null
	alter.log.dirs.replication.quota.window.num = 11
	alter.log.dirs.replication.quota.window.size.seconds = 1
	authorizer.class.name = 
	auto.create.topics.enable = true
	auto.leader.rebalance.enable = true
	background.threads = 10
	broker.id = 0
	broker.id.generation.enable = true
	broker.rack = null
	client.quota.callback.class = null
	compression.type = producer
	connections.max.idle.ms = 600000
	controlled.shutdown.enable = false
	controlled.shutdown.max.retries = 3
	controlled.shutdown.retry.backoff.ms = 100
	controller.socket.timeout.ms = 1000
	create.topic.policy.class.name = null
	default.replication.factor = 1
	delegation.token.expiry.check.interval.ms = 3600000
	delegation.token.expiry.time.ms = 86400000
	delegation.token.master.key = null
	delegation.token.max.lifetime.ms = 604800000
	delete.records.purgatory.purge.interval.requests = 1
	delete.topic.enable = true
	fetch.purgatory.purge.interval.requests = 1000
	group.initial.rebalance.delay.ms = 0
	group.max.session.timeout.ms = 300000
	group.min.session.timeout.ms = 6000
	host.name = 
	inter.broker.listener.name = null
	inter.broker.protocol.version = 2.0-IV1
	leader.imbalance.check.interval.seconds = 300
	leader.imbalance.per.broker.percentage = 10
	listener.security.protocol.map = PLAINTEXT:PLAINTEXT,SSL:SSL,SASL_PLAINTEXT:SASL_PLAINTEXT,SASL_SSL:SASL_SSL
	listeners = PLAINTEXT://localhost:0
	log.cleaner.backoff.ms = 15000
	log.cleaner.dedupe.buffer.size = 2097152
	log.cleaner.delete.retention.ms = 86400000
	log.cleaner.enable = true
	log.cleaner.io.buffer.load.factor = 0.9
	log.cleaner.io.buffer.size = 524288
	log.cleaner.io.max.bytes.per.second = 1.7976931348623157E308
	log.cleaner.min.cleanable.ratio = 0.5
	log.cleaner.min.compaction.lag.ms = 0
	log.cleaner.threads = 1
	log.cleanup.policy = [delete]
	log.dir = C:\Users\salkov\AppData\Local\Temp\kafka-6795816940304148129
	log.dirs = null
	log.flush.interval.messages = 9223372036854775807
	log.flush.interval.ms = null
	log.flush.offset.checkpoint.interval.ms = 60000
	log.flush.scheduler.interval.ms = 9223372036854775807
	log.flush.start.offset.checkpoint.interval.ms = 60000
	log.index.interval.bytes = 4096
	log.index.size.max.bytes = 10485760
	log.message.downconversion.enable = true
	log.message.format.version = 2.0-IV1
	log.message.timestamp.difference.max.ms = 9223372036854775807
	log.message.timestamp.type = CreateTime
	log.preallocate = false
	log.retention.bytes = -1
	log.retention.check.interval.ms = 300000
	log.retention.hours = 168
	log.retention.minutes = null
	log.retention.ms = null
	log.roll.hours = 168
	log.roll.jitter.hours = 0
	log.roll.jitter.ms = null
	log.roll.ms = null
	log.segment.bytes = 1073741824
	log.segment.delete.delay.ms = 1000
	max.connections.per.ip = 2147483647
	max.connections.per.ip.overrides = 
	max.incremental.fetch.session.cache.slots = 1000
	message.max.bytes = 1000012
	metric.reporters = []
	metrics.num.samples = 2
	metrics.recording.level = INFO
	metrics.sample.window.ms = 30000
	min.insync.replicas = 1
	num.io.threads = 8
	num.network.threads = 3
	num.partitions = 1
	num.recovery.threads.per.data.dir = 1
	num.replica.alter.log.dirs.threads = null
	num.replica.fetchers = 1
	offset.metadata.max.bytes = 4096
	offsets.commit.required.acks = -1
	offsets.commit.timeout.ms = 5000
	offsets.load.buffer.size = 5242880
	offsets.retention.check.interval.ms = 600000
	offsets.retention.minutes = 10080
	offsets.topic.compression.codec = 0
	offsets.topic.num.partitions = 5
	offsets.topic.replication.factor = 1
	offsets.topic.segment.bytes = 104857600
	password.encoder.cipher.algorithm = AES/CBC/PKCS5Padding
	password.encoder.iterations = 4096
	password.encoder.key.length = 128
	password.encoder.keyfactory.algorithm = null
	password.encoder.old.secret = null
	password.encoder.secret = null
	port = 9092
	principal.builder.class = null
	producer.purgatory.purge.interval.requests = 1000
	queued.max.request.bytes = -1
	queued.max.requests = 500
	quota.consumer.default = 9223372036854775807
	quota.producer.default = 9223372036854775807
	quota.window.num = 11
	quota.window.size.seconds = 1
	replica.fetch.backoff.ms = 1000
	replica.fetch.max.bytes = 1048576
	replica.fetch.min.bytes = 1
	replica.fetch.response.max.bytes = 10485760
	replica.fetch.wait.max.ms = 500
	replica.high.watermark.checkpoint.interval.ms = 9223372036854775807
	replica.lag.time.max.ms = 10000
	replica.socket.receive.buffer.bytes = 65536
	replica.socket.timeout.ms = 1000
	replication.quota.window.num = 11
	replication.quota.window.size.seconds = 1
	request.timeout.ms = 30000
	reserved.broker.max.id = 1000
	sasl.client.callback.handler.class = null
	sasl.enabled.mechanisms = [GSSAPI]
	sasl.jaas.config = null
	sasl.kerberos.kinit.cmd = /usr/bin/kinit
	sasl.kerberos.min.time.before.relogin = 60000
	sasl.kerberos.principal.to.local.rules = [DEFAULT]
	sasl.kerberos.service.name = null
	sasl.kerberos.ticket.renew.jitter = 0.05
	sasl.kerberos.ticket.renew.window.factor = 0.8
	sasl.login.callback.handler.class = null
	sasl.login.class = null
	sasl.login.refresh.buffer.seconds = 300
	sasl.login.refresh.min.period.seconds = 60
	sasl.login.refresh.window.factor = 0.8
	sasl.login.refresh.window.jitter = 0.05
	sasl.mechanism.inter.broker.protocol = GSSAPI
	sasl.server.callback.handler.class = null
	security.inter.broker.protocol = PLAINTEXT
	socket.receive.buffer.bytes = 102400
	socket.request.max.bytes = 104857600
	socket.send.buffer.bytes = 102400
	ssl.cipher.suites = []
	ssl.client.auth = none
	ssl.enabled.protocols = [TLSv1.2, TLSv1.1, TLSv1]
	ssl.endpoint.identification.algorithm = https
	ssl.key.password = null
	ssl.keymanager.algorithm = SunX509
	ssl.keystore.location = null
	ssl.keystore.password = null
	ssl.keystore.type = JKS
	ssl.protocol = TLS
	ssl.provider = null
	ssl.secure.random.implementation = null
	ssl.trustmanager.algorithm = PKIX
	ssl.truststore.location = null
	ssl.truststore.password = null
	ssl.truststore.type = JKS
	transaction.abort.timed.out.transaction.cleanup.interval.ms = 60000
	transaction.max.timeout.ms = 900000
	transaction.remove.expired.transaction.cleanup.interval.ms = 3600000
	transaction.state.log.load.buffer.size = 5242880
	transaction.state.log.min.isr = 2
	transaction.state.log.num.partitions = 50
	transaction.state.log.replication.factor = 3
	transaction.state.log.segment.bytes = 104857600
	transactional.id.expiration.ms = 604800000
	unclean.leader.election.enable = false
	zookeeper.connect = 127.0.0.1:56551
	zookeeper.connection.timeout.ms = 10000
	zookeeper.max.in.flight.requests = 10
	zookeeper.session.timeout.ms = 6000
	zookeeper.set.acl = false
	zookeeper.sync.time.ms = 2000

19:28:41.147 [Test worker] DEBUG kafka.utils.KafkaScheduler - Initializing task scheduler.
19:28:41.170 [Test worker] DEBUG org.apache.kafka.common.metrics.Metrics - Added sensor with name Fetch-delayQueue
19:28:41.171 [Test worker] DEBUG org.apache.kafka.common.metrics.Metrics - Added sensor with name Produce-delayQueue
19:28:41.172 [ThrottledChannelReaper-Produce] INFO kafka.server.ClientQuotaManager$ThrottledChannelReaper - [ThrottledChannelReaper-Produce]: Starting
19:28:41.172 [ThrottledChannelReaper-Fetch] INFO kafka.server.ClientQuotaManager$ThrottledChannelReaper - [ThrottledChannelReaper-Fetch]: Starting
19:28:41.173 [Test worker] DEBUG org.apache.kafka.common.metrics.Metrics - Added sensor with name Request-delayQueue
19:28:41.174 [ThrottledChannelReaper-Request] INFO kafka.server.ClientQuotaManager$ThrottledChannelReaper - [ThrottledChannelReaper-Request]: Starting
19:28:41.183 [SyncThread:0] DEBUG org.apache.zookeeper.server.FinalRequestProcessor - Processing request:: sessionid:0x1000f1176cd0001 type:getChildren2 cxid:0x1a zxid:0xfffffffffffffffe txntype:unknown reqpath:/brokers/topics
19:28:41.183 [SyncThread:0] DEBUG org.apache.zookeeper.server.FinalRequestProcessor - sessionid:0x1000f1176cd0001 type:getChildren2 cxid:0x1a zxid:0xfffffffffffffffe txntype:unknown reqpath:/brokers/topics
19:28:41.184 [Test worker-SendThread(127.0.0.1:56551)] DEBUG org.apache.zookeeper.ClientCnxn - Reading reply sessionid:0x1000f1176cd0001, packet:: clientPath:/brokers/topics serverPath:/brokers/topics finished:false header:: 26,12  replyHeader:: 26,24,0  request:: '/brokers/topics,F  response:: v{},s{7,7,1565134120852,1565134120852,0,0,0,0,0,0,7} 
19:28:41.202 [Test worker] INFO kafka.log.LogManager - Loading logs.
19:28:41.208 [Test worker] INFO kafka.log.LogManager - Logs loading complete in 6 ms.
19:28:41.219 [Test worker] INFO kafka.log.LogManager - Starting log cleanup with a period of 300000 ms.
19:28:41.220 [Test worker] DEBUG kafka.utils.KafkaScheduler - Scheduling task kafka-log-retention with initial delay 30000 ms and period 300000 ms.
19:28:41.221 [Test worker] INFO kafka.log.LogManager - Starting log flusher with a default period of 9223372036854775807 ms.
19:28:41.221 [Test worker] DEBUG kafka.utils.KafkaScheduler - Scheduling task kafka-log-flusher with initial delay 30000 ms and period 9223372036854775807 ms.
19:28:41.222 [Test worker] DEBUG kafka.utils.KafkaScheduler - Scheduling task kafka-recovery-point-checkpoint with initial delay 30000 ms and period 60000 ms.
19:28:41.222 [Test worker] DEBUG kafka.utils.KafkaScheduler - Scheduling task kafka-log-start-offset-checkpoint with initial delay 30000 ms and period 60000 ms.
19:28:41.223 [Test worker] DEBUG kafka.utils.KafkaScheduler - Scheduling task kafka-delete-logs with initial delay 30000 ms and period -1 ms.
19:28:41.223 [Test worker] INFO kafka.log.LogCleaner - Starting the log cleaner
19:28:41.234 [kafka-log-cleaner-thread-0] INFO kafka.log.LogCleaner - [kafka-log-cleaner-thread-0]: Starting
19:28:41.244 [Test worker] DEBUG org.apache.kafka.common.metrics.Metrics - Added sensor with name MemoryPoolUtilization
19:28:41.404 [Test worker] INFO kafka.network.Acceptor - Awaiting socket connections on localhost:56561.
19:28:41.417 [Test worker] DEBUG org.apache.kafka.common.metrics.Metrics - Added sensor with name connections-closed:listener-PLAINTEXTnetworkProcessor-0
19:28:41.417 [Test worker] DEBUG org.apache.kafka.common.metrics.Metrics - Added sensor with name connections-created:listener-PLAINTEXTnetworkProcessor-0
19:28:41.417 [Test worker] DEBUG org.apache.kafka.common.metrics.Metrics - Added sensor with name successful-authentication:listener-PLAINTEXTnetworkProcessor-0
19:28:41.417 [Test worker] DEBUG org.apache.kafka.common.metrics.Metrics - Added sensor with name failed-authentication:listener-PLAINTEXTnetworkProcessor-0
19:28:41.417 [Test worker] DEBUG org.apache.kafka.common.metrics.Metrics - Added sensor with name bytes-sent-received:listener-PLAINTEXTnetworkProcessor-0
19:28:41.418 [Test worker] DEBUG org.apache.kafka.common.metrics.Metrics - Added sensor with name bytes-sent:listener-PLAINTEXTnetworkProcessor-0
19:28:41.419 [Test worker] DEBUG org.apache.kafka.common.metrics.Metrics - Added sensor with name bytes-received:listener-PLAINTEXTnetworkProcessor-0
19:28:41.419 [Test worker] DEBUG org.apache.kafka.common.metrics.Metrics - Added sensor with name select-time:listener-PLAINTEXTnetworkProcessor-0
19:28:41.419 [Test worker] DEBUG org.apache.kafka.common.metrics.Metrics - Added sensor with name io-time:listener-PLAINTEXTnetworkProcessor-0
19:28:41.422 [Test worker] DEBUG org.apache.kafka.common.metrics.Metrics - Added sensor with name connections-closed:listener-PLAINTEXTnetworkProcessor-1
19:28:41.422 [Test worker] DEBUG org.apache.kafka.common.metrics.Metrics - Added sensor with name connections-created:listener-PLAINTEXTnetworkProcessor-1
19:28:41.423 [Test worker] DEBUG org.apache.kafka.common.metrics.Metrics - Added sensor with name successful-authentication:listener-PLAINTEXTnetworkProcessor-1
19:28:41.423 [Test worker] DEBUG org.apache.kafka.common.metrics.Metrics - Added sensor with name failed-authentication:listener-PLAINTEXTnetworkProcessor-1
19:28:41.423 [Test worker] DEBUG org.apache.kafka.common.metrics.Metrics - Added sensor with name bytes-sent-received:listener-PLAINTEXTnetworkProcessor-1
19:28:41.423 [Test worker] DEBUG org.apache.kafka.common.metrics.Metrics - Added sensor with name bytes-sent:listener-PLAINTEXTnetworkProcessor-1
19:28:41.423 [Test worker] DEBUG org.apache.kafka.common.metrics.Metrics - Added sensor with name bytes-received:listener-PLAINTEXTnetworkProcessor-1
19:28:41.424 [Test worker] DEBUG org.apache.kafka.common.metrics.Metrics - Added sensor with name select-time:listener-PLAINTEXTnetworkProcessor-1
19:28:41.424 [Test worker] DEBUG org.apache.kafka.common.metrics.Metrics - Added sensor with name io-time:listener-PLAINTEXTnetworkProcessor-1
19:28:41.425 [Test worker] DEBUG org.apache.kafka.common.metrics.Metrics - Added sensor with name connections-closed:listener-PLAINTEXTnetworkProcessor-2
19:28:41.425 [Test worker] DEBUG org.apache.kafka.common.metrics.Metrics - Added sensor with name connections-created:listener-PLAINTEXTnetworkProcessor-2
19:28:41.426 [Test worker] DEBUG org.apache.kafka.common.metrics.Metrics - Added sensor with name successful-authentication:listener-PLAINTEXTnetworkProcessor-2
19:28:41.426 [Test worker] DEBUG org.apache.kafka.common.metrics.Metrics - Added sensor with name failed-authentication:listener-PLAINTEXTnetworkProcessor-2
19:28:41.426 [Test worker] DEBUG org.apache.kafka.common.metrics.Metrics - Added sensor with name bytes-sent-received:listener-PLAINTEXTnetworkProcessor-2
19:28:41.426 [Test worker] DEBUG org.apache.kafka.common.metrics.Metrics - Added sensor with name bytes-sent:listener-PLAINTEXTnetworkProcessor-2
19:28:41.426 [Test worker] DEBUG org.apache.kafka.common.metrics.Metrics - Added sensor with name bytes-received:listener-PLAINTEXTnetworkProcessor-2
19:28:41.427 [Test worker] DEBUG org.apache.kafka.common.metrics.Metrics - Added sensor with name select-time:listener-PLAINTEXTnetworkProcessor-2
19:28:41.427 [Test worker] DEBUG org.apache.kafka.common.metrics.Metrics - Added sensor with name io-time:listener-PLAINTEXTnetworkProcessor-2
19:28:41.429 [Test worker] INFO kafka.network.SocketServer - [SocketServer brokerId=0] Started 1 acceptor threads
19:28:41.449 [ExpirationReaper-0-Produce] INFO kafka.server.DelayedOperationPurgatory$ExpiredOperationReaper - [ExpirationReaper-0-Produce]: Starting
19:28:41.450 [ExpirationReaper-0-Fetch] INFO kafka.server.DelayedOperationPurgatory$ExpiredOperationReaper - [ExpirationReaper-0-Fetch]: Starting
19:28:41.450 [ExpirationReaper-0-DeleteRecords] INFO kafka.server.DelayedOperationPurgatory$ExpiredOperationReaper - [ExpirationReaper-0-DeleteRecords]: Starting
19:28:41.458 [Test worker] DEBUG kafka.utils.KafkaScheduler - Scheduling task isr-expiration with initial delay 0 ms and period 5000 ms.
19:28:41.459 [Test worker] DEBUG kafka.utils.KafkaScheduler - Scheduling task isr-change-propagation with initial delay 0 ms and period 2500 ms.
19:28:41.460 [Test worker] DEBUG kafka.utils.KafkaScheduler - Scheduling task shutdown-idle-replica-alter-log-dirs-thread with initial delay 0 ms and period 10000 ms.
19:28:41.461 [LogDirFailureHandler] INFO kafka.server.ReplicaManager$LogDirFailureHandler - [LogDirFailureHandler]: Starting
19:28:41.462 [SyncThread:0] DEBUG org.apache.zookeeper.server.FinalRequestProcessor - Processing request:: sessionid:0x1000f1176cd0001 type:getChildren2 cxid:0x1b zxid:0xfffffffffffffffe txntype:unknown reqpath:/brokers/ids
19:28:41.462 [SyncThread:0] DEBUG org.apache.zookeeper.server.FinalRequestProcessor - sessionid:0x1000f1176cd0001 type:getChildren2 cxid:0x1b zxid:0xfffffffffffffffe txntype:unknown reqpath:/brokers/ids
19:28:41.463 [Test worker-SendThread(127.0.0.1:56551)] DEBUG org.apache.zookeeper.ClientCnxn - Reading reply sessionid:0x1000f1176cd0001, packet:: clientPath:/brokers/ids serverPath:/brokers/ids finished:false header:: 27,12  replyHeader:: 27,24,0  request:: '/brokers/ids,F  response:: v{},s{6,6,1565134120850,1565134120850,0,0,0,0,0,0,6} 
19:28:41.484 [Test worker] INFO kafka.zk.KafkaZkClient - Creating /brokers/ids/0 (is it secure? false)
19:28:41.491 [SyncThread:0] DEBUG org.apache.zookeeper.server.FinalRequestProcessor - Processing request:: sessionid:0x1000f1176cd0001 type:create cxid:0x1c zxid:0x19 txntype:1 reqpath:n/a
19:28:41.491 [SyncThread:0] DEBUG org.apache.zookeeper.server.FinalRequestProcessor - sessionid:0x1000f1176cd0001 type:create cxid:0x1c zxid:0x19 txntype:1 reqpath:n/a
19:28:41.492 [Test worker-SendThread(127.0.0.1:56551)] DEBUG org.apache.zookeeper.ClientCnxn - Reading reply sessionid:0x1000f1176cd0001, packet:: clientPath:/brokers/ids/0 serverPath:/brokers/ids/0 finished:false header:: 28,1  replyHeader:: 28,25,0  request:: '/brokers/ids/0,#7b226c697374656e65725f73656375726974795f70726f746f636f6c5f6d6170223a7b22504c41494e54455854223a22504c41494e54455854227d2c22656e64706f696e7473223a5b22504c41494e544558543a2f2f6c6f63616c686f73743a3536353631225d2c226a6d785f706f7274223a2d312c22686f7374223a226c6f63616c686f7374222c2274696d657374616d70223a2231353635313334313231343730222c22706f7274223a35363536312c2276657273696f6e223a347d,v{s{31,s{'world,'anyone}}},1  response:: '/brokers/ids/0 
19:28:41.493 [Test worker] INFO kafka.zk.KafkaZkClient - Result of znode creation at /brokers/ids/0 is: OK
19:28:41.494 [Test worker] INFO kafka.zk.KafkaZkClient - Registered broker 0 at path /brokers/ids/0 with addresses: ArrayBuffer(EndPoint(localhost,56561,ListenerName(PLAINTEXT),PLAINTEXT))
19:28:41.495 [Test worker] WARN kafka.server.BrokerMetadataCheckpoint - No meta.properties file under dir C:\Users\salkov\AppData\Local\Temp\kafka-6795816940304148129\meta.properties
19:28:41.563 [controller-event-thread] INFO kafka.controller.ControllerEventManager$ControllerEventThread - [ControllerEventThread controllerId=0] Starting
19:28:41.566 [ExpirationReaper-0-topic] INFO kafka.server.DelayedOperationPurgatory$ExpiredOperationReaper - [ExpirationReaper-0-topic]: Starting
19:28:41.568 [SyncThread:0] DEBUG org.apache.zookeeper.server.FinalRequestProcessor - Processing request:: sessionid:0x1000f1176cd0001 type:exists cxid:0x1d zxid:0xfffffffffffffffe txntype:unknown reqpath:/controller
19:28:41.569 [SyncThread:0] DEBUG org.apache.zookeeper.server.FinalRequestProcessor - sessionid:0x1000f1176cd0001 type:exists cxid:0x1d zxid:0xfffffffffffffffe txntype:unknown reqpath:/controller
19:28:41.569 [Test worker-SendThread(127.0.0.1:56551)] DEBUG org.apache.zookeeper.ClientCnxn - Reading reply sessionid:0x1000f1176cd0001, packet:: clientPath:/controller serverPath:/controller finished:false header:: 29,3  replyHeader:: 29,25,-101  request:: '/controller,T  response::  
19:28:41.569 [ExpirationReaper-0-Heartbeat] INFO kafka.server.DelayedOperationPurgatory$ExpiredOperationReaper - [ExpirationReaper-0-Heartbeat]: Starting
19:28:41.569 [SyncThread:0] DEBUG org.apache.zookeeper.server.FinalRequestProcessor - Processing request:: sessionid:0x1000f1176cd0001 type:getData cxid:0x1e zxid:0xfffffffffffffffe txntype:unknown reqpath:/controller
19:28:41.569 [SyncThread:0] DEBUG org.apache.zookeeper.server.FinalRequestProcessor - sessionid:0x1000f1176cd0001 type:getData cxid:0x1e zxid:0xfffffffffffffffe txntype:unknown reqpath:/controller
19:28:41.570 [ExpirationReaper-0-Rebalance] INFO kafka.server.DelayedOperationPurgatory$ExpiredOperationReaper - [ExpirationReaper-0-Rebalance]: Starting
19:28:41.570 [Test worker-SendThread(127.0.0.1:56551)] DEBUG org.apache.zookeeper.ClientCnxn - Reading reply sessionid:0x1000f1176cd0001, packet:: clientPath:/controller serverPath:/controller finished:false header:: 30,4  replyHeader:: 30,25,-101  request:: '/controller,T  response::  
19:28:41.571 [controller-event-thread] INFO kafka.zk.KafkaZkClient - Creating /controller (is it secure? false)
19:28:41.574 [SyncThread:0] DEBUG org.apache.zookeeper.server.FinalRequestProcessor - Processing request:: sessionid:0x1000f1176cd0001 type:create cxid:0x1f zxid:0x1a txntype:1 reqpath:n/a
19:28:41.574 [SyncThread:0] DEBUG org.apache.zookeeper.server.FinalRequestProcessor - sessionid:0x1000f1176cd0001 type:create cxid:0x1f zxid:0x1a txntype:1 reqpath:n/a
19:28:41.574 [Test worker-SendThread(127.0.0.1:56551)] DEBUG org.apache.zookeeper.ClientCnxn - Got notification sessionid:0x1000f1176cd0001
19:28:41.574 [Test worker-SendThread(127.0.0.1:56551)] DEBUG org.apache.zookeeper.ClientCnxn - Got WatchedEvent state:SyncConnected type:NodeCreated path:/controller for sessionid 0x1000f1176cd0001
19:28:41.575 [Test worker-EventThread] DEBUG kafka.zookeeper.ZooKeeperClient - [ZooKeeperClient] Received event: WatchedEvent state:SyncConnected type:NodeCreated path:/controller
19:28:41.575 [Test worker-SendThread(127.0.0.1:56551)] DEBUG org.apache.zookeeper.ClientCnxn - Reading reply sessionid:0x1000f1176cd0001, packet:: clientPath:/controller serverPath:/controller finished:false header:: 31,1  replyHeader:: 31,26,0  request:: '/controller,#7b2276657273696f6e223a312c2262726f6b65726964223a302c2274696d657374616d70223a2231353635313334313231353639227d,v{s{31,s{'world,'anyone}}},1  response:: '/controller 
19:28:41.576 [controller-event-thread] INFO kafka.zk.KafkaZkClient - Result of znode creation at /controller is: OK
19:28:41.577 [controller-event-thread] INFO kafka.controller.KafkaController - [Controller id=0] 0 successfully elected as the controller
19:28:41.577 [controller-event-thread] INFO kafka.controller.KafkaController - [Controller id=0] Reading controller epoch from ZooKeeper
19:28:41.579 [SyncThread:0] DEBUG org.apache.zookeeper.server.FinalRequestProcessor - Processing request:: sessionid:0x1000f1176cd0001 type:getData cxid:0x20 zxid:0xfffffffffffffffe txntype:unknown reqpath:/controller_epoch
19:28:41.579 [SyncThread:0] DEBUG org.apache.zookeeper.server.FinalRequestProcessor - sessionid:0x1000f1176cd0001 type:getData cxid:0x20 zxid:0xfffffffffffffffe txntype:unknown reqpath:/controller_epoch
19:28:41.579 [Test worker-SendThread(127.0.0.1:56551)] DEBUG org.apache.zookeeper.ClientCnxn - Reading reply sessionid:0x1000f1176cd0001, packet:: clientPath:/controller_epoch serverPath:/controller_epoch finished:false header:: 32,4  replyHeader:: 32,26,-101  request:: '/controller_epoch,F  response::  
19:28:41.579 [SyncThread:0] DEBUG org.apache.zookeeper.server.FinalRequestProcessor - Processing request:: sessionid:0x1000f1176cd0001 type:getData cxid:0x21 zxid:0xfffffffffffffffe txntype:unknown reqpath:/brokers/topics/__consumer_offsets
19:28:41.579 [SyncThread:0] DEBUG org.apache.zookeeper.server.FinalRequestProcessor - sessionid:0x1000f1176cd0001 type:getData cxid:0x21 zxid:0xfffffffffffffffe txntype:unknown reqpath:/brokers/topics/__consumer_offsets
19:28:41.580 [Test worker-SendThread(127.0.0.1:56551)] DEBUG org.apache.zookeeper.ClientCnxn - Reading reply sessionid:0x1000f1176cd0001, packet:: clientPath:/brokers/topics/__consumer_offsets serverPath:/brokers/topics/__consumer_offsets finished:false header:: 33,4  replyHeader:: 33,26,-101  request:: '/brokers/topics/__consumer_offsets,F  response::  
19:28:41.580 [controller-event-thread] INFO kafka.controller.KafkaController - [Controller id=0] Incrementing controller epoch in ZooKeeper
19:28:41.585 [ProcessThread(sid:0 cport:56551):] INFO org.apache.zookeeper.server.PrepRequestProcessor - Got user-level KeeperException when processing sessionid:0x1000f1176cd0001 type:setData cxid:0x22 zxid:0x1b txntype:-1 reqpath:n/a Error Path:/controller_epoch Error:KeeperErrorCode = NoNode for /controller_epoch
19:28:41.586 [SyncThread:0] DEBUG org.apache.zookeeper.server.FinalRequestProcessor - Processing request:: sessionid:0x1000f1176cd0001 type:setData cxid:0x22 zxid:0x1b txntype:-1 reqpath:n/a
19:28:41.586 [SyncThread:0] DEBUG org.apache.zookeeper.server.DataTree - Ignoring processTxn failure hdr: -1 : error: -101
19:28:41.586 [Test worker] INFO kafka.coordinator.group.GroupCoordinator - [GroupCoordinator 0]: Starting up.
19:28:41.586 [Test worker] DEBUG kafka.utils.KafkaScheduler - Initializing task scheduler.
19:28:41.587 [Test worker-SendThread(127.0.0.1:56551)] DEBUG org.apache.zookeeper.ClientCnxn - Reading reply sessionid:0x1000f1176cd0001, packet:: clientPath:/controller_epoch serverPath:/controller_epoch finished:false header:: 34,5  replyHeader:: 34,27,-101  request:: '/controller_epoch,#31,0  response::  
19:28:41.587 [Test worker] DEBUG kafka.utils.KafkaScheduler - Scheduling task delete-expired-group-metadata with initial delay 0 ms and period 600000 ms.
19:28:41.587 [Test worker] INFO kafka.coordinator.group.GroupCoordinator - [GroupCoordinator 0]: Startup complete.
19:28:41.589 [SyncThread:0] DEBUG org.apache.zookeeper.server.FinalRequestProcessor - Processing request:: sessionid:0x1000f1176cd0001 type:create cxid:0x23 zxid:0x1c txntype:1 reqpath:n/a
19:28:41.589 [SyncThread:0] DEBUG org.apache.zookeeper.server.FinalRequestProcessor - sessionid:0x1000f1176cd0001 type:create cxid:0x23 zxid:0x1c txntype:1 reqpath:n/a
19:28:41.590 [Test worker-SendThread(127.0.0.1:56551)] DEBUG org.apache.zookeeper.ClientCnxn - Reading reply sessionid:0x1000f1176cd0001, packet:: clientPath:/controller_epoch serverPath:/controller_epoch finished:false header:: 35,1  replyHeader:: 35,28,0  request:: '/controller_epoch,#31,v{s{31,s{'world,'anyone}}},0  response:: '/controller_epoch 
19:28:41.591 [controller-event-thread] INFO kafka.controller.KafkaController - [Controller id=0] Epoch incremented to 1
19:28:41.591 [controller-event-thread] INFO kafka.controller.KafkaController - [Controller id=0] Registering handlers
19:28:41.592 [SyncThread:0] DEBUG org.apache.zookeeper.server.FinalRequestProcessor - Processing request:: sessionid:0x1000f1176cd0001 type:getData cxid:0x24 zxid:0xfffffffffffffffe txntype:unknown reqpath:/latest_producer_id_block
19:28:41.592 [SyncThread:0] DEBUG org.apache.zookeeper.server.FinalRequestProcessor - sessionid:0x1000f1176cd0001 type:getData cxid:0x24 zxid:0xfffffffffffffffe txntype:unknown reqpath:/latest_producer_id_block
19:28:41.592 [group-metadata-manager-0] INFO kafka.coordinator.group.GroupMetadataManager - [GroupMetadataManager brokerId=0] Removed 0 expired offsets in 4 milliseconds.
19:28:41.592 [Test worker-SendThread(127.0.0.1:56551)] DEBUG org.apache.zookeeper.ClientCnxn - Reading reply sessionid:0x1000f1176cd0001, packet:: clientPath:/latest_producer_id_block serverPath:/latest_producer_id_block finished:false header:: 36,4  replyHeader:: 36,28,0  request:: '/latest_producer_id_block,F  response:: ,s{16,16,1565134120877,1565134120877,0,0,0,0,0,0,16} 
19:28:41.593 [Test worker] DEBUG kafka.coordinator.transaction.ProducerIdManager - [ProducerId Manager 0]: There is no producerId block yet (Zk path version 0), creating the first block
19:28:41.593 [SyncThread:0] DEBUG org.apache.zookeeper.server.FinalRequestProcessor - Processing request:: sessionid:0x1000f1176cd0001 type:exists cxid:0x25 zxid:0xfffffffffffffffe txntype:unknown reqpath:/admin/preferred_replica_election
19:28:41.593 [SyncThread:0] DEBUG org.apache.zookeeper.server.FinalRequestProcessor - sessionid:0x1000f1176cd0001 type:exists cxid:0x25 zxid:0xfffffffffffffffe txntype:unknown reqpath:/admin/preferred_replica_election
19:28:41.594 [Test worker-SendThread(127.0.0.1:56551)] DEBUG org.apache.zookeeper.ClientCnxn - Reading reply sessionid:0x1000f1176cd0001, packet:: clientPath:/admin/preferred_replica_election serverPath:/admin/preferred_replica_election finished:false header:: 37,3  replyHeader:: 37,28,-101  request:: '/admin/preferred_replica_election,T  response::  
19:28:41.595 [SyncThread:0] DEBUG org.apache.zookeeper.server.FinalRequestProcessor - Processing request:: sessionid:0x1000f1176cd0001 type:exists cxid:0x26 zxid:0xfffffffffffffffe txntype:unknown reqpath:/admin/reassign_partitions
19:28:41.595 [SyncThread:0] DEBUG org.apache.zookeeper.server.FinalRequestProcessor - sessionid:0x1000f1176cd0001 type:exists cxid:0x26 zxid:0xfffffffffffffffe txntype:unknown reqpath:/admin/reassign_partitions
19:28:41.595 [Test worker-SendThread(127.0.0.1:56551)] DEBUG org.apache.zookeeper.ClientCnxn - Reading reply sessionid:0x1000f1176cd0001, packet:: clientPath:/admin/reassign_partitions serverPath:/admin/reassign_partitions finished:false header:: 38,3  replyHeader:: 38,28,-101  request:: '/admin/reassign_partitions,T  response::  
19:28:41.596 [controller-event-thread] INFO kafka.controller.KafkaController - [Controller id=0] Deleting log dir event notifications
19:28:41.596 [SyncThread:0] DEBUG org.apache.zookeeper.server.FinalRequestProcessor - Processing request:: sessionid:0x1000f1176cd0001 type:getChildren2 cxid:0x27 zxid:0xfffffffffffffffe txntype:unknown reqpath:/log_dir_event_notification
19:28:41.596 [SyncThread:0] DEBUG org.apache.zookeeper.server.FinalRequestProcessor - sessionid:0x1000f1176cd0001 type:getChildren2 cxid:0x27 zxid:0xfffffffffffffffe txntype:unknown reqpath:/log_dir_event_notification
19:28:41.597 [Test worker-SendThread(127.0.0.1:56551)] DEBUG org.apache.zookeeper.ClientCnxn - Reading reply sessionid:0x1000f1176cd0001, packet:: clientPath:/log_dir_event_notification serverPath:/log_dir_event_notification finished:false header:: 39,12  replyHeader:: 39,28,0  request:: '/log_dir_event_notification,T  response:: v{},s{17,17,1565134120880,1565134120880,0,0,0,0,0,0,17} 
19:28:41.598 [controller-event-thread] INFO kafka.controller.KafkaController - [Controller id=0] Deleting isr change notifications
19:28:41.598 [SyncThread:0] DEBUG org.apache.zookeeper.server.FinalRequestProcessor - Processing request:: sessionid:0x1000f1176cd0001 type:setData cxid:0x28 zxid:0x1d txntype:5 reqpath:n/a
19:28:41.598 [SyncThread:0] DEBUG org.apache.zookeeper.server.FinalRequestProcessor - sessionid:0x1000f1176cd0001 type:setData cxid:0x28 zxid:0x1d txntype:5 reqpath:n/a
19:28:41.599 [Test worker-SendThread(127.0.0.1:56551)] DEBUG org.apache.zookeeper.ClientCnxn - Reading reply sessionid:0x1000f1176cd0001, packet:: clientPath:/latest_producer_id_block serverPath:/latest_producer_id_block finished:false header:: 40,5  replyHeader:: 40,29,0  request:: '/latest_producer_id_block,#7b2276657273696f6e223a312c2262726f6b6572223a302c22626c6f636b5f7374617274223a2230222c22626c6f636b5f656e64223a22393939227d,0  response:: s{16,29,1565134120877,1565134121597,1,0,0,0,60,0,16} 
19:28:41.599 [SyncThread:0] DEBUG org.apache.zookeeper.server.FinalRequestProcessor - Processing request:: sessionid:0x1000f1176cd0001 type:getChildren2 cxid:0x29 zxid:0xfffffffffffffffe txntype:unknown reqpath:/isr_change_notification
19:28:41.599 [SyncThread:0] DEBUG org.apache.zookeeper.server.FinalRequestProcessor - sessionid:0x1000f1176cd0001 type:getChildren2 cxid:0x29 zxid:0xfffffffffffffffe txntype:unknown reqpath:/isr_change_notification
19:28:41.599 [Test worker-SendThread(127.0.0.1:56551)] DEBUG org.apache.zookeeper.ClientCnxn - Reading reply sessionid:0x1000f1176cd0001, packet:: clientPath:/isr_change_notification serverPath:/isr_change_notification finished:false header:: 41,12  replyHeader:: 41,29,0  request:: '/isr_change_notification,T  response:: v{},s{15,15,1565134120874,1565134120874,0,0,0,0,0,0,15} 
19:28:41.600 [Test worker] DEBUG kafka.zk.KafkaZkClient - Conditional update of path /latest_producer_id_block with value {"version":1,"broker":0,"block_start":"0","block_end":"999"} and expected version 0 succeeded, returning the new version: 1
19:28:41.600 [Test worker] INFO kafka.coordinator.transaction.ProducerIdManager - [ProducerId Manager 0]: Acquired new producerId block (brokerId:0,blockStartProducerId:0,blockEndProducerId:999) by writing to Zk with path version 1
19:28:41.601 [controller-event-thread] INFO kafka.controller.KafkaController - [Controller id=0] Initializing controller context
19:28:41.601 [SyncThread:0] DEBUG org.apache.zookeeper.server.FinalRequestProcessor - Processing request:: sessionid:0x1000f1176cd0001 type:getChildren2 cxid:0x2a zxid:0xfffffffffffffffe txntype:unknown reqpath:/brokers/ids
19:28:41.601 [SyncThread:0] DEBUG org.apache.zookeeper.server.FinalRequestProcessor - sessionid:0x1000f1176cd0001 type:getChildren2 cxid:0x2a zxid:0xfffffffffffffffe txntype:unknown reqpath:/brokers/ids
19:28:41.602 [Test worker-SendThread(127.0.0.1:56551)] DEBUG org.apache.zookeeper.ClientCnxn - Reading reply sessionid:0x1000f1176cd0001, packet:: clientPath:/brokers/ids serverPath:/brokers/ids finished:false header:: 42,12  replyHeader:: 42,29,0  request:: '/brokers/ids,T  response:: v{'0},s{6,6,1565134120850,1565134120850,0,1,0,0,0,1,25} 
19:28:41.603 [SyncThread:0] DEBUG org.apache.zookeeper.server.FinalRequestProcessor - Processing request:: sessionid:0x1000f1176cd0001 type:getData cxid:0x2b zxid:0xfffffffffffffffe txntype:unknown reqpath:/brokers/ids/0
19:28:41.603 [SyncThread:0] DEBUG org.apache.zookeeper.server.FinalRequestProcessor - sessionid:0x1000f1176cd0001 type:getData cxid:0x2b zxid:0xfffffffffffffffe txntype:unknown reqpath:/brokers/ids/0
19:28:41.607 [Test worker-SendThread(127.0.0.1:56551)] DEBUG org.apache.zookeeper.ClientCnxn - Reading reply sessionid:0x1000f1176cd0001, packet:: clientPath:/brokers/ids/0 serverPath:/brokers/ids/0 finished:false header:: 43,4  replyHeader:: 43,29,0  request:: '/brokers/ids/0,F  response:: #7b226c697374656e65725f73656375726974795f70726f746f636f6c5f6d6170223a7b22504c41494e54455854223a22504c41494e54455854227d2c22656e64706f696e7473223a5b22504c41494e544558543a2f2f6c6f63616c686f73743a3536353631225d2c226a6d785f706f7274223a2d312c22686f7374223a226c6f63616c686f7374222c2274696d657374616d70223a2231353635313334313231343730222c22706f7274223a35363536312c2276657273696f6e223a347d,s{25,25,1565134121485,1565134121485,0,0,0,72074161719934977,190,0,25} 
19:28:41.607 [SyncThread:0] DEBUG org.apache.zookeeper.server.FinalRequestProcessor - Processing request:: sessionid:0x1000f1176cd0001 type:getData cxid:0x2c zxid:0xfffffffffffffffe txntype:unknown reqpath:/brokers/topics/__transaction_state
19:28:41.607 [SyncThread:0] DEBUG org.apache.zookeeper.server.FinalRequestProcessor - sessionid:0x1000f1176cd0001 type:getData cxid:0x2c zxid:0xfffffffffffffffe txntype:unknown reqpath:/brokers/topics/__transaction_state
19:28:41.607 [Test worker-SendThread(127.0.0.1:56551)] DEBUG org.apache.zookeeper.ClientCnxn - Reading reply sessionid:0x1000f1176cd0001, packet:: clientPath:/brokers/topics/__transaction_state serverPath:/brokers/topics/__transaction_state finished:false header:: 44,4  replyHeader:: 44,29,-101  request:: '/brokers/topics/__transaction_state,F  response::  
19:28:41.611 [Test worker] DEBUG org.apache.kafka.common.metrics.Metrics - Added sensor with name connections-closed:
19:28:41.611 [Test worker] DEBUG org.apache.kafka.common.metrics.Metrics - Added sensor with name connections-created:
19:28:41.611 [Test worker] DEBUG org.apache.kafka.common.metrics.Metrics - Added sensor with name successful-authentication:
19:28:41.611 [Test worker] DEBUG org.apache.kafka.common.metrics.Metrics - Added sensor with name failed-authentication:
19:28:41.612 [Test worker] DEBUG org.apache.kafka.common.metrics.Metrics - Added sensor with name bytes-sent-received:
19:28:41.612 [Test worker] DEBUG org.apache.kafka.common.metrics.Metrics - Added sensor with name bytes-sent:
19:28:41.612 [Test worker] DEBUG org.apache.kafka.common.metrics.Metrics - Added sensor with name bytes-received:
19:28:41.612 [Test worker] DEBUG org.apache.kafka.common.metrics.Metrics - Added sensor with name select-time:
19:28:41.613 [Test worker] DEBUG org.apache.kafka.common.metrics.Metrics - Added sensor with name io-time:
19:28:41.624 [Test worker] INFO kafka.coordinator.transaction.TransactionCoordinator - [TransactionCoordinator id=0] Starting up.
19:28:41.624 [Test worker] DEBUG kafka.utils.KafkaScheduler - Initializing task scheduler.
19:28:41.624 [Test worker] DEBUG kafka.utils.KafkaScheduler - Scheduling task transaction-abort with initial delay 60000 ms and period 60000 ms.
19:28:41.626 [Test worker] DEBUG kafka.utils.KafkaScheduler - Scheduling task transactionalId-expiration with initial delay 3600000 ms and period 3600000 ms.
19:28:41.626 [TxnMarkerSenderThread-0] INFO kafka.coordinator.transaction.TransactionMarkerChannelManager - [Transaction Marker Channel Manager 0]: Starting
19:28:41.627 [Test worker] INFO kafka.coordinator.transaction.TransactionCoordinator - [TransactionCoordinator id=0] Startup complete.
19:28:41.643 [SyncThread:0] DEBUG org.apache.zookeeper.server.FinalRequestProcessor - Processing request:: sessionid:0x1000f1176cd0001 type:getChildren2 cxid:0x2d zxid:0xfffffffffffffffe txntype:unknown reqpath:/brokers/topics
19:28:41.643 [SyncThread:0] DEBUG org.apache.zookeeper.server.FinalRequestProcessor - sessionid:0x1000f1176cd0001 type:getChildren2 cxid:0x2d zxid:0xfffffffffffffffe txntype:unknown reqpath:/brokers/topics
19:28:41.644 [Test worker-SendThread(127.0.0.1:56551)] DEBUG org.apache.zookeeper.ClientCnxn - Reading reply sessionid:0x1000f1176cd0001, packet:: clientPath:/brokers/topics serverPath:/brokers/topics finished:false header:: 45,12  replyHeader:: 45,29,0  request:: '/brokers/topics,T  response:: v{},s{7,7,1565134120852,1565134120852,0,0,0,0,0,0,7} 
19:28:41.647 [controller-event-thread] DEBUG kafka.controller.KafkaController - [Controller id=0] Register BrokerModifications handler for Set(0)
19:28:41.648 [SyncThread:0] DEBUG org.apache.zookeeper.server.FinalRequestProcessor - Processing request:: sessionid:0x1000f1176cd0001 type:exists cxid:0x2e zxid:0xfffffffffffffffe txntype:unknown reqpath:/brokers/ids/0
19:28:41.648 [SyncThread:0] DEBUG org.apache.zookeeper.server.FinalRequestProcessor - sessionid:0x1000f1176cd0001 type:exists cxid:0x2e zxid:0xfffffffffffffffe txntype:unknown reqpath:/brokers/ids/0
19:28:41.649 [Test worker-SendThread(127.0.0.1:56551)] DEBUG org.apache.zookeeper.ClientCnxn - Reading reply sessionid:0x1000f1176cd0001, packet:: clientPath:/brokers/ids/0 serverPath:/brokers/ids/0 finished:false header:: 46,3  replyHeader:: 46,29,0  request:: '/brokers/ids/0,T  response:: s{25,25,1565134121485,1565134121485,0,0,0,72074161719934977,190,0,25} 
19:28:41.654 [controller-event-thread] DEBUG kafka.controller.ControllerChannelManager - [Channel manager on controller 0]: Controller 0 trying to connect to broker 0
19:28:41.656 [controller-event-thread] DEBUG org.apache.kafka.common.metrics.Metrics - Added sensor with name connections-closed:broker-id-0
19:28:41.657 [controller-event-thread] DEBUG org.apache.kafka.common.metrics.Metrics - Added sensor with name connections-created:broker-id-0
19:28:41.657 [controller-event-thread] DEBUG org.apache.kafka.common.metrics.Metrics - Added sensor with name successful-authentication:broker-id-0
19:28:41.657 [controller-event-thread] DEBUG org.apache.kafka.common.metrics.Metrics - Added sensor with name failed-authentication:broker-id-0
19:28:41.657 [controller-event-thread] DEBUG org.apache.kafka.common.metrics.Metrics - Added sensor with name bytes-sent-received:broker-id-0
19:28:41.658 [controller-event-thread] DEBUG org.apache.kafka.common.metrics.Metrics - Added sensor with name bytes-sent:broker-id-0
19:28:41.658 [controller-event-thread] DEBUG org.apache.kafka.common.metrics.Metrics - Added sensor with name bytes-received:broker-id-0
19:28:41.660 [controller-event-thread] DEBUG org.apache.kafka.common.metrics.Metrics - Added sensor with name select-time:broker-id-0
19:28:41.660 [controller-event-thread] DEBUG org.apache.kafka.common.metrics.Metrics - Added sensor with name io-time:broker-id-0
19:28:41.664 [Controller-0-to-broker-0-send-thread] INFO kafka.controller.RequestSendThread - [RequestSendThread controllerId=0] Starting
19:28:41.664 [SyncThread:0] DEBUG org.apache.zookeeper.server.FinalRequestProcessor - Processing request:: sessionid:0x1000f1176cd0001 type:getData cxid:0x2f zxid:0xfffffffffffffffe txntype:unknown reqpath:/admin/reassign_partitions
19:28:41.664 [SyncThread:0] DEBUG org.apache.zookeeper.server.FinalRequestProcessor - sessionid:0x1000f1176cd0001 type:getData cxid:0x2f zxid:0xfffffffffffffffe txntype:unknown reqpath:/admin/reassign_partitions
19:28:41.665 [Test worker-SendThread(127.0.0.1:56551)] DEBUG org.apache.zookeeper.ClientCnxn - Reading reply sessionid:0x1000f1176cd0001, packet:: clientPath:/admin/reassign_partitions serverPath:/admin/reassign_partitions finished:false header:: 47,4  replyHeader:: 47,29,-101  request:: '/admin/reassign_partitions,T  response::  
19:28:41.665 [/config/changes-event-process-thread] INFO kafka.common.ZkNodeChangeNotificationListener$ChangeEventProcessThread - [/config/changes-event-process-thread]: Starting
19:28:41.669 [controller-event-thread] INFO kafka.controller.KafkaController - [Controller id=0] Partitions being reassigned: Map()
19:28:41.669 [SyncThread:0] DEBUG org.apache.zookeeper.server.FinalRequestProcessor - Processing request:: sessionid:0x1000f1176cd0001 type:getChildren2 cxid:0x30 zxid:0xfffffffffffffffe txntype:unknown reqpath:/config/topics
19:28:41.669 [SyncThread:0] DEBUG org.apache.zookeeper.server.FinalRequestProcessor - sessionid:0x1000f1176cd0001 type:getChildren2 cxid:0x30 zxid:0xfffffffffffffffe txntype:unknown reqpath:/config/topics
19:28:41.670 [SyncThread:0] DEBUG org.apache.zookeeper.server.FinalRequestProcessor - Processing request:: sessionid:0x1000f1176cd0001 type:getChildren2 cxid:0x31 zxid:0xfffffffffffffffe txntype:unknown reqpath:/config/changes
19:28:41.670 [SyncThread:0] DEBUG org.apache.zookeeper.server.FinalRequestProcessor - sessionid:0x1000f1176cd0001 type:getChildren2 cxid:0x31 zxid:0xfffffffffffffffe txntype:unknown reqpath:/config/changes
19:28:41.670 [Test worker-SendThread(127.0.0.1:56551)] DEBUG org.apache.zookeeper.ClientCnxn - Reading reply sessionid:0x1000f1176cd0001, packet:: clientPath:/config/topics serverPath:/config/topics finished:false header:: 48,12  replyHeader:: 48,29,0  request:: '/config/topics,F  response:: v{},s{18,18,1565134120883,1565134120883,0,0,0,0,0,0,18} 
19:28:41.670 [controller-event-thread] INFO kafka.controller.KafkaController - [Controller id=0] Currently active brokers in the cluster: Set(0)
19:28:41.670 [Test worker-SendThread(127.0.0.1:56551)] DEBUG org.apache.zookeeper.ClientCnxn - Reading reply sessionid:0x1000f1176cd0001, packet:: clientPath:/config/changes serverPath:/config/changes finished:false header:: 49,12  replyHeader:: 49,29,0  request:: '/config/changes,T  response:: v{},s{10,10,1565134120860,1565134120860,0,0,0,0,0,0,10} 
19:28:41.670 [controller-event-thread] INFO kafka.controller.KafkaController - [Controller id=0] Currently shutting brokers in the cluster: Set()
19:28:41.671 [controller-event-thread] INFO kafka.controller.KafkaController - [Controller id=0] Current list of topics in the cluster: Set()
19:28:41.671 [controller-event-thread] INFO kafka.controller.KafkaController - [Controller id=0] Fetching topic deletions in progress
19:28:41.672 [SyncThread:0] DEBUG org.apache.zookeeper.server.FinalRequestProcessor - Processing request:: sessionid:0x1000f1176cd0001 type:getChildren2 cxid:0x32 zxid:0xfffffffffffffffe txntype:unknown reqpath:/config/clients
19:28:41.672 [SyncThread:0] DEBUG org.apache.zookeeper.server.FinalRequestProcessor - sessionid:0x1000f1176cd0001 type:getChildren2 cxid:0x32 zxid:0xfffffffffffffffe txntype:unknown reqpath:/config/clients
19:28:41.672 [SyncThread:0] DEBUG org.apache.zookeeper.server.FinalRequestProcessor - Processing request:: sessionid:0x1000f1176cd0001 type:getChildren2 cxid:0x33 zxid:0xfffffffffffffffe txntype:unknown reqpath:/admin/delete_topics
19:28:41.672 [SyncThread:0] DEBUG org.apache.zookeeper.server.FinalRequestProcessor - sessionid:0x1000f1176cd0001 type:getChildren2 cxid:0x33 zxid:0xfffffffffffffffe txntype:unknown reqpath:/admin/delete_topics
19:28:41.672 [Test worker-SendThread(127.0.0.1:56551)] DEBUG org.apache.zookeeper.ClientCnxn - Reading reply sessionid:0x1000f1176cd0001, packet:: clientPath:/config/clients serverPath:/config/clients finished:false header:: 50,12  replyHeader:: 50,29,0  request:: '/config/clients,F  response:: v{},s{19,19,1565134120885,1565134120885,0,0,0,0,0,0,19} 
19:28:41.672 [Test worker-SendThread(127.0.0.1:56551)] DEBUG org.apache.zookeeper.ClientCnxn - Reading reply sessionid:0x1000f1176cd0001, packet:: clientPath:/admin/delete_topics serverPath:/admin/delete_topics finished:false header:: 51,12  replyHeader:: 51,29,0  request:: '/admin/delete_topics,T  response:: v{},s{13,13,1565134120868,1565134120868,0,0,0,0,0,0,13} 
19:28:41.673 [SyncThread:0] DEBUG org.apache.zookeeper.server.FinalRequestProcessor - Processing request:: sessionid:0x1000f1176cd0001 type:getChildren2 cxid:0x34 zxid:0xfffffffffffffffe txntype:unknown reqpath:/config/users
19:28:41.673 [SyncThread:0] DEBUG org.apache.zookeeper.server.FinalRequestProcessor - sessionid:0x1000f1176cd0001 type:getChildren2 cxid:0x34 zxid:0xfffffffffffffffe txntype:unknown reqpath:/config/users
19:28:41.674 [Test worker-SendThread(127.0.0.1:56551)] DEBUG org.apache.zookeeper.ClientCnxn - Reading reply sessionid:0x1000f1176cd0001, packet:: clientPath:/config/users serverPath:/config/users finished:false header:: 52,12  replyHeader:: 52,29,0  request:: '/config/users,F  response:: v{},s{20,20,1565134120887,1565134120887,0,0,0,0,0,0,20} 
19:28:41.674 [controller-event-thread] INFO kafka.controller.KafkaController - [Controller id=0] List of topics to be deleted: 
19:28:41.675 [controller-event-thread] INFO kafka.controller.KafkaController - [Controller id=0] List of topics ineligible for deletion: 
19:28:41.675 [SyncThread:0] DEBUG org.apache.zookeeper.server.FinalRequestProcessor - Processing request:: sessionid:0x1000f1176cd0001 type:getChildren2 cxid:0x35 zxid:0xfffffffffffffffe txntype:unknown reqpath:/config/users
19:28:41.675 [SyncThread:0] DEBUG org.apache.zookeeper.server.FinalRequestProcessor - sessionid:0x1000f1176cd0001 type:getChildren2 cxid:0x35 zxid:0xfffffffffffffffe txntype:unknown reqpath:/config/users
19:28:41.675 [controller-event-thread] INFO kafka.controller.KafkaController - [Controller id=0] Initializing topic deletion manager
19:28:41.675 [Test worker-SendThread(127.0.0.1:56551)] DEBUG org.apache.zookeeper.ClientCnxn - Reading reply sessionid:0x1000f1176cd0001, packet:: clientPath:/config/users serverPath:/config/users finished:false header:: 53,12  replyHeader:: 53,29,0  request:: '/config/users,F  response:: v{},s{20,20,1565134120887,1565134120887,0,0,0,0,0,0,20} 
19:28:41.675 [controller-event-thread] INFO kafka.controller.KafkaController - [Controller id=0] Sending update metadata request
19:28:41.677 [SyncThread:0] DEBUG org.apache.zookeeper.server.FinalRequestProcessor - Processing request:: sessionid:0x1000f1176cd0001 type:getChildren2 cxid:0x36 zxid:0xfffffffffffffffe txntype:unknown reqpath:/config/brokers
19:28:41.677 [SyncThread:0] DEBUG org.apache.zookeeper.server.FinalRequestProcessor - sessionid:0x1000f1176cd0001 type:getChildren2 cxid:0x36 zxid:0xfffffffffffffffe txntype:unknown reqpath:/config/brokers
19:28:41.678 [Test worker-SendThread(127.0.0.1:56551)] DEBUG org.apache.zookeeper.ClientCnxn - Reading reply sessionid:0x1000f1176cd0001, packet:: clientPath:/config/brokers serverPath:/config/brokers finished:false header:: 54,12  replyHeader:: 54,29,0  request:: '/config/brokers,F  response:: v{},s{21,21,1565134120890,1565134120890,0,0,0,0,0,0,21} 
19:28:41.679 [Test worker] INFO kafka.network.SocketServer - [SocketServer brokerId=0] Started processors for 1 acceptors
19:28:41.682 [Test worker] INFO org.apache.kafka.common.utils.AppInfoParser - Kafka version : 2.0.1
19:28:41.682 [Test worker] INFO org.apache.kafka.common.utils.AppInfoParser - Kafka commitId : fa14705e51bd2ce5
19:28:41.682 [controller-event-thread] INFO kafka.controller.ReplicaStateMachine - [ReplicaStateMachine controllerId=0] Initializing replica state
19:28:41.683 [controller-event-thread] INFO kafka.controller.ReplicaStateMachine - [ReplicaStateMachine controllerId=0] Triggering online replica state changes
19:28:41.683 [Test worker] INFO kafka.server.KafkaServer - [KafkaServer id=0] started
19:28:41.683 [Controller-0-to-broker-0-send-thread] DEBUG org.apache.kafka.clients.NetworkClient - [Controller id=0, targetBrokerId=0] Initiating connection to node localhost:56561 (id: 0 rack: null)
19:28:41.686 [kafka-socket-acceptor-ListenerName(PLAINTEXT)-PLAINTEXT-0] DEBUG kafka.network.Acceptor - Accepted connection from /127.0.0.1:56573 on /127.0.0.1:56561 and assigned it to processor 0, sendBufferSize [actual|requested]: [102400|102400] recvBufferSize [actual|requested]: [102400|102400]
19:28:41.689 [Test worker] INFO org.apache.kafka.clients.admin.AdminClientConfig - AdminClientConfig values: 
	bootstrap.servers = [127.0.0.1:56561]
	client.id = 
	connections.max.idle.ms = 300000
	metadata.max.age.ms = 300000
	metric.reporters = []
	metrics.num.samples = 2
	metrics.recording.level = INFO
	metrics.sample.window.ms = 30000
	receive.buffer.bytes = 65536
	reconnect.backoff.max.ms = 1000
	reconnect.backoff.ms = 50
	request.timeout.ms = 120000
	retries = 5
	retry.backoff.ms = 100
	sasl.client.callback.handler.class = null
	sasl.jaas.config = null
	sasl.kerberos.kinit.cmd = /usr/bin/kinit
	sasl.kerberos.min.time.before.relogin = 60000
	sasl.kerberos.service.name = null
	sasl.kerberos.ticket.renew.jitter = 0.05
	sasl.kerberos.ticket.renew.window.factor = 0.8
	sasl.login.callback.handler.class = null
	sasl.login.class = null
	sasl.login.refresh.buffer.seconds = 300
	sasl.login.refresh.min.period.seconds = 60
	sasl.login.refresh.window.factor = 0.8
	sasl.login.refresh.window.jitter = 0.05
	sasl.mechanism = GSSAPI
	security.protocol = PLAINTEXT
	send.buffer.bytes = 131072
	ssl.cipher.suites = null
	ssl.enabled.protocols = [TLSv1.2, TLSv1.1, TLSv1]
	ssl.endpoint.identification.algorithm = https
	ssl.key.password = null
	ssl.keymanager.algorithm = SunX509
	ssl.keystore.location = null
	ssl.keystore.password = null
	ssl.keystore.type = JKS
	ssl.protocol = TLS
	ssl.provider = null
	ssl.secure.random.implementation = null
	ssl.trustmanager.algorithm = PKIX
	ssl.truststore.location = null
	ssl.truststore.password = null
	ssl.truststore.type = JKS

19:28:41.689 [controller-event-thread] INFO kafka.controller.ReplicaStateMachine - [ReplicaStateMachine controllerId=0] Started replica state machine with initial state -> Map()
19:28:41.689 [controller-event-thread] INFO kafka.controller.PartitionStateMachine - [PartitionStateMachine controllerId=0] Initializing partition state
19:28:41.689 [Controller-0-to-broker-0-send-thread] DEBUG org.apache.kafka.common.network.Selector - [Controller id=0, targetBrokerId=0] Created socket with SO_RCVBUF = 65536, SO_SNDBUF = 64512, SO_TIMEOUT = 0 to node 0
19:28:41.690 [Controller-0-to-broker-0-send-thread] DEBUG org.apache.kafka.clients.NetworkClient - [Controller id=0, targetBrokerId=0] Completed connection to node 0. Ready.
19:28:41.690 [kafka-network-thread-0-ListenerName(PLAINTEXT)-PLAINTEXT-0] DEBUG kafka.network.Processor - Processor 0 listening to new connection from /127.0.0.1:56573
19:28:41.690 [Controller-0-to-broker-0-send-thread] INFO kafka.controller.RequestSendThread - [RequestSendThread controllerId=0] Controller 0 connected to localhost:56561 (id: 0 rack: null) for sending state change requests
19:28:41.690 [controller-event-thread] INFO kafka.controller.PartitionStateMachine - [PartitionStateMachine controllerId=0] Triggering online partition state changes
19:28:41.694 [controller-event-thread] INFO kafka.controller.PartitionStateMachine - [PartitionStateMachine controllerId=0] Started partition state machine with initial state -> Map()
19:28:41.694 [controller-event-thread] INFO kafka.controller.KafkaController - [Controller id=0] Ready to serve as the new controller with epoch 1
19:28:41.696 [controller-event-thread] INFO kafka.controller.KafkaController - [Controller id=0] Removing partitions Set() from the list of reassigned partitions in zookeeper
19:28:41.696 [controller-event-thread] INFO kafka.controller.KafkaController - [Controller id=0] No more partitions need to be reassigned. Deleting zk path /admin/reassign_partitions
19:28:41.700 [ProcessThread(sid:0 cport:56551):] INFO org.apache.zookeeper.server.PrepRequestProcessor - Got user-level KeeperException when processing sessionid:0x1000f1176cd0001 type:delete cxid:0x37 zxid:0x1e txntype:-1 reqpath:n/a Error Path:/admin/reassign_partitions Error:KeeperErrorCode = NoNode for /admin/reassign_partitions
19:28:41.701 [SyncThread:0] DEBUG org.apache.zookeeper.server.FinalRequestProcessor - Processing request:: sessionid:0x1000f1176cd0001 type:delete cxid:0x37 zxid:0x1e txntype:-1 reqpath:n/a
19:28:41.701 [SyncThread:0] DEBUG org.apache.zookeeper.server.DataTree - Ignoring processTxn failure hdr: -1 : error: -101
19:28:41.701 [Test worker-SendThread(127.0.0.1:56551)] DEBUG org.apache.zookeeper.ClientCnxn - Reading reply sessionid:0x1000f1176cd0001, packet:: clientPath:/admin/reassign_partitions serverPath:/admin/reassign_partitions finished:false header:: 55,2  replyHeader:: 55,30,-101  request:: '/admin/reassign_partitions,-1  response:: null
19:28:41.706 [SyncThread:0] DEBUG org.apache.zookeeper.server.FinalRequestProcessor - Processing request:: sessionid:0x1000f1176cd0001 type:getData cxid:0x38 zxid:0xfffffffffffffffe txntype:unknown reqpath:/admin/preferred_replica_election
19:28:41.707 [SyncThread:0] DEBUG org.apache.zookeeper.server.FinalRequestProcessor - sessionid:0x1000f1176cd0001 type:getData cxid:0x38 zxid:0xfffffffffffffffe txntype:unknown reqpath:/admin/preferred_replica_election
19:28:41.707 [Test worker] DEBUG org.apache.kafka.common.metrics.Metrics - Added sensor with name connections-closed:
19:28:41.707 [Test worker] DEBUG org.apache.kafka.common.metrics.Metrics - Added sensor with name connections-created:
19:28:41.707 [Test worker-SendThread(127.0.0.1:56551)] DEBUG org.apache.zookeeper.ClientCnxn - Reading reply sessionid:0x1000f1176cd0001, packet:: clientPath:/admin/preferred_replica_election serverPath:/admin/preferred_replica_election finished:false header:: 56,4  replyHeader:: 56,30,-101  request:: '/admin/preferred_replica_election,T  response::  
19:28:41.707 [Test worker] DEBUG org.apache.kafka.common.metrics.Metrics - Added sensor with name successful-authentication:
19:28:41.707 [Test worker] DEBUG org.apache.kafka.common.metrics.Metrics - Added sensor with name failed-authentication:
19:28:41.707 [Test worker] DEBUG org.apache.kafka.common.metrics.Metrics - Added sensor with name bytes-sent-received:
19:28:41.707 [Test worker] DEBUG org.apache.kafka.common.metrics.Metrics - Added sensor with name bytes-sent:
19:28:41.708 [Test worker] DEBUG org.apache.kafka.common.metrics.Metrics - Added sensor with name bytes-received:
19:28:41.708 [Test worker] DEBUG org.apache.kafka.common.metrics.Metrics - Added sensor with name select-time:
19:28:41.708 [Test worker] DEBUG org.apache.kafka.common.metrics.Metrics - Added sensor with name io-time:
19:28:41.709 [controller-event-thread] INFO kafka.controller.KafkaController - [Controller id=0] Partitions undergoing preferred replica election: 
19:28:41.709 [Test worker] DEBUG org.apache.kafka.clients.admin.internals.AdminMetadataManager - [AdminClient clientId=adminclient-1] Setting bootstrap cluster metadata Cluster(id = null, nodes = [127.0.0.1:56561 (id: -1 rack: null)], partitions = [], controller = null).
19:28:41.709 [controller-event-thread] INFO kafka.controller.KafkaController - [Controller id=0] Partitions that completed preferred replica election: 
19:28:41.709 [controller-event-thread] INFO kafka.controller.KafkaController - [Controller id=0] Skipping preferred replica election for partitions due to topic deletion: 
19:28:41.710 [controller-event-thread] INFO kafka.controller.KafkaController - [Controller id=0] Resuming preferred replica election for partitions: 
19:28:41.710 [controller-event-thread] INFO kafka.controller.KafkaController - [Controller id=0] Starting preferred replica leader election for partitions 
19:28:41.711 [Test worker] INFO org.apache.kafka.common.utils.AppInfoParser - Kafka version : 2.0.1
19:28:41.711 [Test worker] INFO org.apache.kafka.common.utils.AppInfoParser - Kafka commitId : fa14705e51bd2ce5
19:28:41.711 [Test worker] DEBUG org.apache.kafka.clients.admin.KafkaAdminClient - [AdminClient clientId=adminclient-1] Kafka admin client initialized
19:28:41.712 [ProcessThread(sid:0 cport:56551):] INFO org.apache.zookeeper.server.PrepRequestProcessor - Got user-level KeeperException when processing sessionid:0x1000f1176cd0001 type:delete cxid:0x39 zxid:0x1f txntype:-1 reqpath:n/a Error Path:/admin/preferred_replica_election Error:KeeperErrorCode = NoNode for /admin/preferred_replica_election
19:28:41.713 [SyncThread:0] DEBUG org.apache.zookeeper.server.FinalRequestProcessor - Processing request:: sessionid:0x1000f1176cd0001 type:delete cxid:0x39 zxid:0x1f txntype:-1 reqpath:n/a
19:28:41.713 [SyncThread:0] DEBUG org.apache.zookeeper.server.DataTree - Ignoring processTxn failure hdr: -1 : error: -101
19:28:41.713 [kafka-admin-client-thread | adminclient-1] DEBUG org.apache.kafka.clients.NetworkClient - [AdminClient clientId=adminclient-1] Initiating connection to node 127.0.0.1:56561 (id: -1 rack: null)
19:28:41.714 [Test worker-SendThread(127.0.0.1:56551)] DEBUG org.apache.zookeeper.ClientCnxn - Reading reply sessionid:0x1000f1176cd0001, packet:: clientPath:/admin/preferred_replica_election serverPath:/admin/preferred_replica_election finished:false header:: 57,2  replyHeader:: 57,31,-101  request:: '/admin/preferred_replica_election,-1  response:: null
19:28:41.714 [kafka-admin-client-thread | adminclient-1] DEBUG org.apache.kafka.common.metrics.Metrics - Added sensor with name node--1.bytes-sent
19:28:41.714 [kafka-socket-acceptor-ListenerName(PLAINTEXT)-PLAINTEXT-0] DEBUG kafka.network.Acceptor - Accepted connection from /127.0.0.1:56576 on /127.0.0.1:56561 and assigned it to processor 1, sendBufferSize [actual|requested]: [102400|102400] recvBufferSize [actual|requested]: [102400|102400]
19:28:41.715 [kafka-network-thread-0-ListenerName(PLAINTEXT)-PLAINTEXT-1] DEBUG kafka.network.Processor - Processor 1 listening to new connection from /127.0.0.1:56576
19:28:41.715 [kafka-admin-client-thread | adminclient-1] DEBUG org.apache.kafka.common.metrics.Metrics - Added sensor with name node--1.bytes-received
19:28:41.716 [kafka-admin-client-thread | adminclient-1] DEBUG org.apache.kafka.common.metrics.Metrics - Added sensor with name node--1.latency
19:28:41.716 [controller-event-thread] INFO kafka.controller.KafkaController - [Controller id=0] Starting the controller scheduler
19:28:41.716 [kafka-admin-client-thread | adminclient-1] DEBUG org.apache.kafka.common.network.Selector - [AdminClient clientId=adminclient-1] Created socket with SO_RCVBUF = 65536, SO_SNDBUF = 131072, SO_TIMEOUT = 0 to node -1
19:28:41.716 [controller-event-thread] DEBUG kafka.utils.KafkaScheduler - Initializing task scheduler.
19:28:41.716 [kafka-admin-client-thread | adminclient-1] DEBUG org.apache.kafka.clients.NetworkClient - [AdminClient clientId=adminclient-1] Completed connection to node -1. Fetching API versions.
19:28:41.716 [kafka-admin-client-thread | adminclient-1] DEBUG org.apache.kafka.clients.NetworkClient - [AdminClient clientId=adminclient-1] Initiating API versions fetch from node -1.
19:28:41.716 [controller-event-thread] DEBUG kafka.utils.KafkaScheduler - Scheduling task auto-leader-rebalance-task with initial delay 5000 ms and period -1000 ms.
19:28:41.718 [Test worker] DEBUG org.apache.kafka.clients.admin.KafkaAdminClient - [AdminClient clientId=adminclient-1] Queueing Call(callName=createTopics, deadlineMs=1565134241717) with a timeout 120000 ms from now.
19:28:41.719 [SyncThread:0] DEBUG org.apache.zookeeper.server.FinalRequestProcessor - Processing request:: sessionid:0x1000f1176cd0001 type:exists cxid:0x3a zxid:0xfffffffffffffffe txntype:unknown reqpath:/controller
19:28:41.719 [SyncThread:0] DEBUG org.apache.zookeeper.server.FinalRequestProcessor - sessionid:0x1000f1176cd0001 type:exists cxid:0x3a zxid:0xfffffffffffffffe txntype:unknown reqpath:/controller
19:28:41.720 [Test worker-SendThread(127.0.0.1:56551)] DEBUG org.apache.zookeeper.ClientCnxn - Reading reply sessionid:0x1000f1176cd0001, packet:: clientPath:/controller serverPath:/controller finished:false header:: 58,3  replyHeader:: 58,31,0  request:: '/controller,T  response:: s{26,26,1565134121572,1565134121572,0,0,0,72074161719934977,54,0,26} 
19:28:41.721 [SyncThread:0] DEBUG org.apache.zookeeper.server.FinalRequestProcessor - Processing request:: sessionid:0x1000f1176cd0001 type:getData cxid:0x3b zxid:0xfffffffffffffffe txntype:unknown reqpath:/controller
19:28:41.721 [SyncThread:0] DEBUG org.apache.zookeeper.server.FinalRequestProcessor - sessionid:0x1000f1176cd0001 type:getData cxid:0x3b zxid:0xfffffffffffffffe txntype:unknown reqpath:/controller
19:28:41.721 [Test worker-SendThread(127.0.0.1:56551)] DEBUG org.apache.zookeeper.ClientCnxn - Reading reply sessionid:0x1000f1176cd0001, packet:: clientPath:/controller serverPath:/controller finished:false header:: 59,4  replyHeader:: 59,31,0  request:: '/controller,T  response:: #7b2276657273696f6e223a312c2262726f6b65726964223a302c2274696d657374616d70223a2231353635313334313231353639227d,s{26,26,1565134121572,1565134121572,0,0,0,72074161719934977,54,0,26} 
19:28:41.725 [SyncThread:0] DEBUG org.apache.zookeeper.server.FinalRequestProcessor - Processing request:: sessionid:0x1000f1176cd0001 type:exists cxid:0x3c zxid:0xfffffffffffffffe txntype:unknown reqpath:/admin/reassign_partitions
19:28:41.725 [SyncThread:0] DEBUG org.apache.zookeeper.server.FinalRequestProcessor - sessionid:0x1000f1176cd0001 type:exists cxid:0x3c zxid:0xfffffffffffffffe txntype:unknown reqpath:/admin/reassign_partitions
19:28:41.725 [Test worker-SendThread(127.0.0.1:56551)] DEBUG org.apache.zookeeper.ClientCnxn - Reading reply sessionid:0x1000f1176cd0001, packet:: clientPath:/admin/reassign_partitions serverPath:/admin/reassign_partitions finished:false header:: 60,3  replyHeader:: 60,31,-101  request:: '/admin/reassign_partitions,T  response::  
19:28:41.726 [kafka-admin-client-thread | adminclient-1] DEBUG org.apache.kafka.clients.NetworkClient - [AdminClient clientId=adminclient-1] Recorded API versions for node -1: (Produce(0): 0 to 6 [usable: 6], Fetch(1): 0 to 8 [usable: 8], ListOffsets(2): 0 to 3 [usable: 3], Metadata(3): 0 to 6 [usable: 6], LeaderAndIsr(4): 0 to 1 [usable: 1], StopReplica(5): 0 [usable: 0], UpdateMetadata(6): 0 to 4 [usable: 4], ControlledShutdown(7): 0 to 1 [usable: 1], OffsetCommit(8): 0 to 4 [usable: 4], OffsetFetch(9): 0 to 4 [usable: 4], FindCoordinator(10): 0 to 2 [usable: 2], JoinGroup(11): 0 to 3 [usable: 3], Heartbeat(12): 0 to 2 [usable: 2], LeaveGroup(13): 0 to 2 [usable: 2], SyncGroup(14): 0 to 2 [usable: 2], DescribeGroups(15): 0 to 2 [usable: 2], ListGroups(16): 0 to 2 [usable: 2], SaslHandshake(17): 0 to 1 [usable: 1], ApiVersions(18): 0 to 2 [usable: 2], CreateTopics(19): 0 to 3 [usable: 3], DeleteTopics(20): 0 to 2 [usable: 2], DeleteRecords(21): 0 to 1 [usable: 1], InitProducerId(22): 0 to 1 [usable: 1], OffsetForLeaderEpoch(23): 0 to 1 [usable: 1], AddPartitionsToTxn(24): 0 to 1 [usable: 1], AddOffsetsToTxn(25): 0 to 1 [usable: 1], EndTxn(26): 0 to 1 [usable: 1], WriteTxnMarkers(27): 0 [usable: 0], TxnOffsetCommit(28): 0 to 1 [usable: 1], DescribeAcls(29): 0 to 1 [usable: 1], CreateAcls(30): 0 to 1 [usable: 1], DeleteAcls(31): 0 to 1 [usable: 1], DescribeConfigs(32): 0 to 2 [usable: 2], AlterConfigs(33): 0 to 1 [usable: 1], AlterReplicaLogDirs(34): 0 to 1 [usable: 1], DescribeLogDirs(35): 0 to 1 [usable: 1], SaslAuthenticate(36): 0 [usable: 0], CreatePartitions(37): 0 to 1 [usable: 1], CreateDelegationToken(38): 0 to 1 [usable: 1], RenewDelegationToken(39): 0 to 1 [usable: 1], ExpireDelegationToken(40): 0 to 1 [usable: 1], DescribeDelegationToken(41): 0 to 1 [usable: 1], DeleteGroups(42): 0 to 1 [usable: 1])
19:28:41.726 [SyncThread:0] DEBUG org.apache.zookeeper.server.FinalRequestProcessor - Processing request:: sessionid:0x1000f1176cd0001 type:exists cxid:0x3d zxid:0xfffffffffffffffe txntype:unknown reqpath:/admin/preferred_replica_election
19:28:41.726 [SyncThread:0] DEBUG org.apache.zookeeper.server.FinalRequestProcessor - sessionid:0x1000f1176cd0001 type:exists cxid:0x3d zxid:0xfffffffffffffffe txntype:unknown reqpath:/admin/preferred_replica_election
19:28:41.727 [Test worker-SendThread(127.0.0.1:56551)] DEBUG org.apache.zookeeper.ClientCnxn - Reading reply sessionid:0x1000f1176cd0001, packet:: clientPath:/admin/preferred_replica_election serverPath:/admin/preferred_replica_election finished:false header:: 61,3  replyHeader:: 61,31,-101  request:: '/admin/preferred_replica_election,T  response::  
19:28:41.730 [kafka-network-thread-0-ListenerName(PLAINTEXT)-PLAINTEXT-0] DEBUG kafka.request.logger - Completed request:RequestHeader(apiKey=UPDATE_METADATA, apiVersion=4, clientId=0, correlationId=0) -- {controller_id=0,controller_epoch=1,partition_states=[],live_brokers=[{id=0,end_points=[{port=56561,host=localhost,listener_name=PLAINTEXT,security_protocol_type=0}],rack=null}]},response:{error_code=0} from connection 127.0.0.1:56561-127.0.0.1:56573-0;totalTime:25.721,requestQueueTime:6.055,localTime:15.011,remoteTime:0.0,throttleTime:0.0,responseQueueTime:0.404,sendTime:4.479,securityProtocol:PLAINTEXT,principal:User:ANONYMOUS,listener:PLAINTEXT
19:28:41.730 [kafka-network-thread-0-ListenerName(PLAINTEXT)-PLAINTEXT-1] DEBUG kafka.request.logger - Completed request:RequestHeader(apiKey=API_VERSIONS, apiVersion=2, clientId=adminclient-1, correlationId=0) -- {},response:{error_code=0,api_versions=[{api_key=0,min_version=0,max_version=6},{api_key=1,min_version=0,max_version=8},{api_key=2,min_version=0,max_version=3},{api_key=3,min_version=0,max_version=6},{api_key=4,min_version=0,max_version=1},{api_key=5,min_version=0,max_version=0},{api_key=6,min_version=0,max_version=4},{api_key=7,min_version=0,max_version=1},{api_key=8,min_version=0,max_version=4},{api_key=9,min_version=0,max_version=4},{api_key=10,min_version=0,max_version=2},{api_key=11,min_version=0,max_version=3},{api_key=12,min_version=0,max_version=2},{api_key=13,min_version=0,max_version=2},{api_key=14,min_version=0,max_version=2},{api_key=15,min_version=0,max_version=2},{api_key=16,min_version=0,max_version=2},{api_key=17,min_version=0,max_version=1},{api_key=18,min_version=0,max_version=2},{api_key=19,min_version=0,max_version=3},{api_key=20,min_version=0,max_version=2},{api_key=21,min_version=0,max_version=1},{api_key=22,min_version=0,max_version=1},{api_key=23,min_version=0,max_version=1},{api_key=24,min_version=0,max_version=1},{api_key=25,min_version=0,max_version=1},{api_key=26,min_version=0,max_version=1},{api_key=27,min_version=0,max_version=0},{api_key=28,min_version=0,max_version=1},{api_key=29,min_version=0,max_version=1},{api_key=30,min_version=0,max_version=1},{api_key=31,min_version=0,max_version=1},{api_key=32,min_version=0,max_version=2},{api_key=33,min_version=0,max_version=1},{api_key=34,min_version=0,max_version=1},{api_key=35,min_version=0,max_version=1},{api_key=36,min_version=0,max_version=0},{api_key=37,min_version=0,max_version=1},{api_key=38,min_version=0,max_version=1},{api_key=39,min_version=0,max_version=1},{api_key=40,min_version=0,max_version=1},{api_key=41,min_version=0,max_version=1},{api_key=42,min_version=0,max_version=1}],throttle_time_ms=0} from connection 127.0.0.1:56561-127.0.0.1:56576-0;totalTime:8.256,requestQueueTime:0.083,localTime:3.539,remoteTime:0.0,throttleTime:2.324,responseQueueTime:0.33,sendTime:4.454,securityProtocol:PLAINTEXT,principal:User:ANONYMOUS,listener:PLAINTEXT
19:28:41.736 [kafka-admin-client-thread | adminclient-1] DEBUG org.apache.kafka.clients.admin.internals.AdminMetadataManager - [AdminClient clientId=adminclient-1] Updating cluster metadata to Cluster(id = xJbl9kDYShOGXd849gObyg, nodes = [localhost:56561 (id: 0 rack: null)], partitions = [], controller = localhost:56561 (id: 0 rack: null))
19:28:41.736 [kafka-network-thread-0-ListenerName(PLAINTEXT)-PLAINTEXT-1] DEBUG kafka.request.logger - Completed request:RequestHeader(apiKey=METADATA, apiVersion=6, clientId=adminclient-1, correlationId=1) -- {topics=[],allow_auto_topic_creation=true},response:{throttle_time_ms=0,brokers=[{node_id=0,host=localhost,port=56561,rack=null}],cluster_id=xJbl9kDYShOGXd849gObyg,controller_id=0,topic_metadata=[]} from connection 127.0.0.1:56561-127.0.0.1:56576-0;totalTime:4.813,requestQueueTime:0.091,localTime:4.433,remoteTime:0.0,throttleTime:0.689,responseQueueTime:0.165,sendTime:0.216,securityProtocol:PLAINTEXT,principal:User:ANONYMOUS,listener:PLAINTEXT
19:28:41.736 [kafka-admin-client-thread | adminclient-1] DEBUG org.apache.kafka.clients.NetworkClient - [AdminClient clientId=adminclient-1] Initiating connection to node localhost:56561 (id: 0 rack: null)
19:28:41.737 [kafka-admin-client-thread | adminclient-1] DEBUG org.apache.kafka.common.metrics.Metrics - Added sensor with name node-0.bytes-sent
19:28:41.737 [kafka-socket-acceptor-ListenerName(PLAINTEXT)-PLAINTEXT-0] DEBUG kafka.network.Acceptor - Accepted connection from /127.0.0.1:56577 on /127.0.0.1:56561 and assigned it to processor 2, sendBufferSize [actual|requested]: [102400|102400] recvBufferSize [actual|requested]: [102400|102400]
19:28:41.737 [kafka-admin-client-thread | adminclient-1] DEBUG org.apache.kafka.common.metrics.Metrics - Added sensor with name node-0.bytes-received
19:28:41.738 [kafka-admin-client-thread | adminclient-1] DEBUG org.apache.kafka.common.metrics.Metrics - Added sensor with name node-0.latency
19:28:41.738 [kafka-network-thread-0-ListenerName(PLAINTEXT)-PLAINTEXT-2] DEBUG kafka.network.Processor - Processor 2 listening to new connection from /127.0.0.1:56577
19:28:41.738 [kafka-admin-client-thread | adminclient-1] DEBUG org.apache.kafka.common.network.Selector - [AdminClient clientId=adminclient-1] Created socket with SO_RCVBUF = 65536, SO_SNDBUF = 131072, SO_TIMEOUT = 0 to node 0
19:28:41.738 [kafka-admin-client-thread | adminclient-1] DEBUG org.apache.kafka.clients.NetworkClient - [AdminClient clientId=adminclient-1] Completed connection to node 0. Fetching API versions.
19:28:41.738 [kafka-admin-client-thread | adminclient-1] DEBUG org.apache.kafka.clients.NetworkClient - [AdminClient clientId=adminclient-1] Initiating API versions fetch from node 0.
19:28:41.740 [kafka-network-thread-0-ListenerName(PLAINTEXT)-PLAINTEXT-2] DEBUG kafka.request.logger - Completed request:RequestHeader(apiKey=API_VERSIONS, apiVersion=2, clientId=adminclient-1, correlationId=2) -- {},response:{error_code=0,api_versions=[{api_key=0,min_version=0,max_version=6},{api_key=1,min_version=0,max_version=8},{api_key=2,min_version=0,max_version=3},{api_key=3,min_version=0,max_version=6},{api_key=4,min_version=0,max_version=1},{api_key=5,min_version=0,max_version=0},{api_key=6,min_version=0,max_version=4},{api_key=7,min_version=0,max_version=1},{api_key=8,min_version=0,max_version=4},{api_key=9,min_version=0,max_version=4},{api_key=10,min_version=0,max_version=2},{api_key=11,min_version=0,max_version=3},{api_key=12,min_version=0,max_version=2},{api_key=13,min_version=0,max_version=2},{api_key=14,min_version=0,max_version=2},{api_key=15,min_version=0,max_version=2},{api_key=16,min_version=0,max_version=2},{api_key=17,min_version=0,max_version=1},{api_key=18,min_version=0,max_version=2},{api_key=19,min_version=0,max_version=3},{api_key=20,min_version=0,max_version=2},{api_key=21,min_version=0,max_version=1},{api_key=22,min_version=0,max_version=1},{api_key=23,min_version=0,max_version=1},{api_key=24,min_version=0,max_version=1},{api_key=25,min_version=0,max_version=1},{api_key=26,min_version=0,max_version=1},{api_key=27,min_version=0,max_version=0},{api_key=28,min_version=0,max_version=1},{api_key=29,min_version=0,max_version=1},{api_key=30,min_version=0,max_version=1},{api_key=31,min_version=0,max_version=1},{api_key=32,min_version=0,max_version=2},{api_key=33,min_version=0,max_version=1},{api_key=34,min_version=0,max_version=1},{api_key=35,min_version=0,max_version=1},{api_key=36,min_version=0,max_version=0},{api_key=37,min_version=0,max_version=1},{api_key=38,min_version=0,max_version=1},{api_key=39,min_version=0,max_version=1},{api_key=40,min_version=0,max_version=1},{api_key=41,min_version=0,max_version=1},{api_key=42,min_version=0,max_version=1}],throttle_time_ms=0} from connection 127.0.0.1:56561-127.0.0.1:56577-0;totalTime:0.772,requestQueueTime:0.071,localTime:0.39,remoteTime:0.0,throttleTime:0.279,responseQueueTime:0.152,sendTime:0.249,securityProtocol:PLAINTEXT,principal:User:ANONYMOUS,listener:PLAINTEXT
19:28:41.740 [kafka-admin-client-thread | adminclient-1] DEBUG org.apache.kafka.clients.NetworkClient - [AdminClient clientId=adminclient-1] Recorded API versions for node 0: (Produce(0): 0 to 6 [usable: 6], Fetch(1): 0 to 8 [usable: 8], ListOffsets(2): 0 to 3 [usable: 3], Metadata(3): 0 to 6 [usable: 6], LeaderAndIsr(4): 0 to 1 [usable: 1], StopReplica(5): 0 [usable: 0], UpdateMetadata(6): 0 to 4 [usable: 4], ControlledShutdown(7): 0 to 1 [usable: 1], OffsetCommit(8): 0 to 4 [usable: 4], OffsetFetch(9): 0 to 4 [usable: 4], FindCoordinator(10): 0 to 2 [usable: 2], JoinGroup(11): 0 to 3 [usable: 3], Heartbeat(12): 0 to 2 [usable: 2], LeaveGroup(13): 0 to 2 [usable: 2], SyncGroup(14): 0 to 2 [usable: 2], DescribeGroups(15): 0 to 2 [usable: 2], ListGroups(16): 0 to 2 [usable: 2], SaslHandshake(17): 0 to 1 [usable: 1], ApiVersions(18): 0 to 2 [usable: 2], CreateTopics(19): 0 to 3 [usable: 3], DeleteTopics(20): 0 to 2 [usable: 2], DeleteRecords(21): 0 to 1 [usable: 1], InitProducerId(22): 0 to 1 [usable: 1], OffsetForLeaderEpoch(23): 0 to 1 [usable: 1], AddPartitionsToTxn(24): 0 to 1 [usable: 1], AddOffsetsToTxn(25): 0 to 1 [usable: 1], EndTxn(26): 0 to 1 [usable: 1], WriteTxnMarkers(27): 0 [usable: 0], TxnOffsetCommit(28): 0 to 1 [usable: 1], DescribeAcls(29): 0 to 1 [usable: 1], CreateAcls(30): 0 to 1 [usable: 1], DeleteAcls(31): 0 to 1 [usable: 1], DescribeConfigs(32): 0 to 2 [usable: 2], AlterConfigs(33): 0 to 1 [usable: 1], AlterReplicaLogDirs(34): 0 to 1 [usable: 1], DescribeLogDirs(35): 0 to 1 [usable: 1], SaslAuthenticate(36): 0 [usable: 0], CreatePartitions(37): 0 to 1 [usable: 1], CreateDelegationToken(38): 0 to 1 [usable: 1], RenewDelegationToken(39): 0 to 1 [usable: 1], ExpireDelegationToken(40): 0 to 1 [usable: 1], DescribeDelegationToken(41): 0 to 1 [usable: 1], DeleteGroups(42): 0 to 1 [usable: 1])
19:28:41.753 [SyncThread:0] DEBUG org.apache.zookeeper.server.FinalRequestProcessor - Processing request:: sessionid:0x1000f1176cd0001 type:exists cxid:0x3e zxid:0xfffffffffffffffe txntype:unknown reqpath:/brokers/topics/foo
19:28:41.753 [SyncThread:0] DEBUG org.apache.zookeeper.server.FinalRequestProcessor - sessionid:0x1000f1176cd0001 type:exists cxid:0x3e zxid:0xfffffffffffffffe txntype:unknown reqpath:/brokers/topics/foo
19:28:41.753 [Test worker-SendThread(127.0.0.1:56551)] DEBUG org.apache.zookeeper.ClientCnxn - Reading reply sessionid:0x1000f1176cd0001, packet:: clientPath:/brokers/topics/foo serverPath:/brokers/topics/foo finished:false header:: 62,3  replyHeader:: 62,31,-101  request:: '/brokers/topics/foo,F  response::  
19:28:41.756 [ProcessThread(sid:0 cport:56551):] INFO org.apache.zookeeper.server.PrepRequestProcessor - Got user-level KeeperException when processing sessionid:0x1000f1176cd0001 type:setData cxid:0x3f zxid:0x20 txntype:-1 reqpath:n/a Error Path:/config/topics/foo Error:KeeperErrorCode = NoNode for /config/topics/foo
19:28:41.757 [SyncThread:0] DEBUG org.apache.zookeeper.server.FinalRequestProcessor - Processing request:: sessionid:0x1000f1176cd0001 type:setData cxid:0x3f zxid:0x20 txntype:-1 reqpath:n/a
19:28:41.757 [SyncThread:0] DEBUG org.apache.zookeeper.server.DataTree - Ignoring processTxn failure hdr: -1 : error: -101
19:28:41.757 [Test worker-SendThread(127.0.0.1:56551)] DEBUG org.apache.zookeeper.ClientCnxn - Reading reply sessionid:0x1000f1176cd0001, packet:: clientPath:/config/topics/foo serverPath:/config/topics/foo finished:false header:: 63,5  replyHeader:: 63,32,-101  request:: '/config/topics/foo,#7b2276657273696f6e223a312c22636f6e666967223a7b7d7d,-1  response::  
19:28:41.759 [SyncThread:0] DEBUG org.apache.zookeeper.server.FinalRequestProcessor - Processing request:: sessionid:0x1000f1176cd0001 type:create cxid:0x40 zxid:0x21 txntype:1 reqpath:n/a
19:28:41.760 [SyncThread:0] DEBUG org.apache.zookeeper.server.FinalRequestProcessor - sessionid:0x1000f1176cd0001 type:create cxid:0x40 zxid:0x21 txntype:1 reqpath:n/a
19:28:41.760 [Test worker-SendThread(127.0.0.1:56551)] DEBUG org.apache.zookeeper.ClientCnxn - Reading reply sessionid:0x1000f1176cd0001, packet:: clientPath:/config/topics/foo serverPath:/config/topics/foo finished:false header:: 64,1  replyHeader:: 64,33,0  request:: '/config/topics/foo,#7b2276657273696f6e223a312c22636f6e666967223a7b7d7d,v{s{31,s{'world,'anyone}}},0  response:: '/config/topics/foo 
19:28:41.761 [kafka-request-handler-6] INFO kafka.zk.AdminZkClient - Topic creation Map(foo-1 -> ArrayBuffer(0), foo-0 -> ArrayBuffer(0))
19:28:41.764 [SyncThread:0] DEBUG org.apache.zookeeper.server.FinalRequestProcessor - Processing request:: sessionid:0x1000f1176cd0001 type:create cxid:0x41 zxid:0x22 txntype:1 reqpath:n/a
19:28:41.765 [Test worker-SendThread(127.0.0.1:56551)] DEBUG org.apache.zookeeper.ClientCnxn - Got notification sessionid:0x1000f1176cd0001
19:28:41.765 [Test worker-SendThread(127.0.0.1:56551)] DEBUG org.apache.zookeeper.ClientCnxn - Got WatchedEvent state:SyncConnected type:NodeChildrenChanged path:/brokers/topics for sessionid 0x1000f1176cd0001
19:28:41.765 [SyncThread:0] DEBUG org.apache.zookeeper.server.FinalRequestProcessor - sessionid:0x1000f1176cd0001 type:create cxid:0x41 zxid:0x22 txntype:1 reqpath:n/a
19:28:41.765 [Test worker-EventThread] DEBUG kafka.zookeeper.ZooKeeperClient - [ZooKeeperClient] Received event: WatchedEvent state:SyncConnected type:NodeChildrenChanged path:/brokers/topics
19:28:41.765 [Test worker-SendThread(127.0.0.1:56551)] DEBUG org.apache.zookeeper.ClientCnxn - Reading reply sessionid:0x1000f1176cd0001, packet:: clientPath:/brokers/topics/foo serverPath:/brokers/topics/foo finished:false header:: 65,1  replyHeader:: 65,34,0  request:: '/brokers/topics/foo,#7b2276657273696f6e223a312c22706172746974696f6e73223a7b2231223a5b305d2c2230223a5b305d7d7d,v{s{31,s{'world,'anyone}}},0  response:: '/brokers/topics/foo 
19:28:41.767 [kafka-request-handler-6] DEBUG kafka.zk.AdminZkClient - Updated path /brokers/topics/foo with Map(foo-1 -> ArrayBuffer(0), foo-0 -> ArrayBuffer(0)) for replica assignment
19:28:41.767 [SyncThread:0] DEBUG org.apache.zookeeper.server.FinalRequestProcessor - Processing request:: sessionid:0x1000f1176cd0001 type:getChildren2 cxid:0x42 zxid:0xfffffffffffffffe txntype:unknown reqpath:/brokers/topics
19:28:41.767 [SyncThread:0] DEBUG org.apache.zookeeper.server.FinalRequestProcessor - sessionid:0x1000f1176cd0001 type:getChildren2 cxid:0x42 zxid:0xfffffffffffffffe txntype:unknown reqpath:/brokers/topics
19:28:41.768 [Test worker-SendThread(127.0.0.1:56551)] DEBUG org.apache.zookeeper.ClientCnxn - Reading reply sessionid:0x1000f1176cd0001, packet:: clientPath:/brokers/topics serverPath:/brokers/topics finished:false header:: 66,12  replyHeader:: 66,34,0  request:: '/brokers/topics,T  response:: v{'foo},s{7,7,1565134120852,1565134120852,0,1,0,0,0,1,34} 
19:28:41.769 [SyncThread:0] DEBUG org.apache.zookeeper.server.FinalRequestProcessor - Processing request:: sessionid:0x1000f1176cd0001 type:getData cxid:0x43 zxid:0xfffffffffffffffe txntype:unknown reqpath:/brokers/topics/foo
19:28:41.769 [SyncThread:0] DEBUG org.apache.zookeeper.server.FinalRequestProcessor - sessionid:0x1000f1176cd0001 type:getData cxid:0x43 zxid:0xfffffffffffffffe txntype:unknown reqpath:/brokers/topics/foo
19:28:41.769 [Test worker-SendThread(127.0.0.1:56551)] DEBUG org.apache.zookeeper.ClientCnxn - Reading reply sessionid:0x1000f1176cd0001, packet:: clientPath:/brokers/topics/foo serverPath:/brokers/topics/foo finished:false header:: 67,4  replyHeader:: 67,34,0  request:: '/brokers/topics/foo,T  response:: #7b2276657273696f6e223a312c22706172746974696f6e73223a7b2231223a5b305d2c2230223a5b305d7d7d,s{34,34,1565134121763,1565134121763,0,0,0,0,44,0,34} 
19:28:41.781 [controller-event-thread] INFO kafka.controller.KafkaController - [Controller id=0] New topics: [Set(foo)], deleted topics: [Set()], new partition replica assignment [Map(foo-1 -> Vector(0), foo-0 -> Vector(0))]
19:28:41.784 [controller-event-thread] INFO kafka.controller.KafkaController - [Controller id=0] New partition creation callback for foo-1,foo-0
19:28:41.810 [SyncThread:0] DEBUG org.apache.zookeeper.server.FinalRequestProcessor - Processing request:: sessionid:0x1000f1176cd0001 type:create cxid:0x44 zxid:0x23 txntype:1 reqpath:n/a
19:28:41.810 [SyncThread:0] DEBUG org.apache.zookeeper.server.FinalRequestProcessor - sessionid:0x1000f1176cd0001 type:create cxid:0x44 zxid:0x23 txntype:1 reqpath:n/a
19:28:41.811 [Test worker-SendThread(127.0.0.1:56551)] DEBUG org.apache.zookeeper.ClientCnxn - Reading reply sessionid:0x1000f1176cd0001, packet:: clientPath:/brokers/topics/foo/partitions serverPath:/brokers/topics/foo/partitions finished:false header:: 68,1  replyHeader:: 68,35,0  request:: '/brokers/topics/foo/partitions,,v{s{31,s{'world,'anyone}}},0  response:: '/brokers/topics/foo/partitions 
19:28:41.813 [SyncThread:0] DEBUG org.apache.zookeeper.server.FinalRequestProcessor - Processing request:: sessionid:0x1000f1176cd0001 type:create cxid:0x45 zxid:0x24 txntype:1 reqpath:n/a
19:28:41.813 [SyncThread:0] DEBUG org.apache.zookeeper.server.FinalRequestProcessor - sessionid:0x1000f1176cd0001 type:create cxid:0x45 zxid:0x24 txntype:1 reqpath:n/a
19:28:41.814 [Test worker-SendThread(127.0.0.1:56551)] DEBUG org.apache.zookeeper.ClientCnxn - Reading reply sessionid:0x1000f1176cd0001, packet:: clientPath:/brokers/topics/foo/partitions/1 serverPath:/brokers/topics/foo/partitions/1 finished:false header:: 69,1  replyHeader:: 69,36,0  request:: '/brokers/topics/foo/partitions/1,,v{s{31,s{'world,'anyone}}},0  response:: '/brokers/topics/foo/partitions/1 
19:28:41.814 [SyncThread:0] DEBUG org.apache.zookeeper.server.FinalRequestProcessor - Processing request:: sessionid:0x1000f1176cd0001 type:create cxid:0x46 zxid:0x25 txntype:1 reqpath:n/a
19:28:41.814 [SyncThread:0] DEBUG org.apache.zookeeper.server.FinalRequestProcessor - sessionid:0x1000f1176cd0001 type:create cxid:0x46 zxid:0x25 txntype:1 reqpath:n/a
19:28:41.815 [Test worker-SendThread(127.0.0.1:56551)] DEBUG org.apache.zookeeper.ClientCnxn - Reading reply sessionid:0x1000f1176cd0001, packet:: clientPath:/brokers/topics/foo/partitions/0 serverPath:/brokers/topics/foo/partitions/0 finished:false header:: 70,1  replyHeader:: 70,37,0  request:: '/brokers/topics/foo/partitions/0,,v{s{31,s{'world,'anyone}}},0  response:: '/brokers/topics/foo/partitions/0 
19:28:41.817 [SyncThread:0] DEBUG org.apache.zookeeper.server.FinalRequestProcessor - Processing request:: sessionid:0x1000f1176cd0001 type:create cxid:0x47 zxid:0x26 txntype:1 reqpath:n/a
19:28:41.817 [SyncThread:0] DEBUG org.apache.zookeeper.server.FinalRequestProcessor - sessionid:0x1000f1176cd0001 type:create cxid:0x47 zxid:0x26 txntype:1 reqpath:n/a
19:28:41.818 [Test worker-SendThread(127.0.0.1:56551)] DEBUG org.apache.zookeeper.ClientCnxn - Reading reply sessionid:0x1000f1176cd0001, packet:: clientPath:/brokers/topics/foo/partitions/1/state serverPath:/brokers/topics/foo/partitions/1/state finished:false header:: 71,1  replyHeader:: 71,38,0  request:: '/brokers/topics/foo/partitions/1/state,#7b22636f6e74726f6c6c65725f65706f6368223a312c226c6561646572223a302c2276657273696f6e223a312c226c65616465725f65706f6368223a302c22697372223a5b305d7d,v{s{31,s{'world,'anyone}}},0  response:: '/brokers/topics/foo/partitions/1/state 
19:28:41.818 [SyncThread:0] DEBUG org.apache.zookeeper.server.FinalRequestProcessor - Processing request:: sessionid:0x1000f1176cd0001 type:create cxid:0x48 zxid:0x27 txntype:1 reqpath:n/a
19:28:41.819 [SyncThread:0] DEBUG org.apache.zookeeper.server.FinalRequestProcessor - sessionid:0x1000f1176cd0001 type:create cxid:0x48 zxid:0x27 txntype:1 reqpath:n/a
19:28:41.819 [Test worker-SendThread(127.0.0.1:56551)] DEBUG org.apache.zookeeper.ClientCnxn - Reading reply sessionid:0x1000f1176cd0001, packet:: clientPath:/brokers/topics/foo/partitions/0/state serverPath:/brokers/topics/foo/partitions/0/state finished:false header:: 72,1  replyHeader:: 72,39,0  request:: '/brokers/topics/foo/partitions/0/state,#7b22636f6e74726f6c6c65725f65706f6368223a312c226c6561646572223a302c2276657273696f6e223a312c226c65616465725f65706f6368223a302c22697372223a5b305d7d,v{s{31,s{'world,'anyone}}},0  response:: '/brokers/topics/foo/partitions/0/state 
19:28:41.834 [kafka-request-handler-5] INFO kafka.server.ReplicaFetcherManager - [ReplicaFetcherManager on broker 0] Removed fetcher for partitions foo-0,foo-1
19:28:41.838 [SyncThread:0] DEBUG org.apache.zookeeper.server.FinalRequestProcessor - Processing request:: sessionid:0x1000f1176cd0001 type:getData cxid:0x49 zxid:0xfffffffffffffffe txntype:unknown reqpath:/config/topics/foo
19:28:41.838 [SyncThread:0] DEBUG org.apache.zookeeper.server.FinalRequestProcessor - sessionid:0x1000f1176cd0001 type:getData cxid:0x49 zxid:0xfffffffffffffffe txntype:unknown reqpath:/config/topics/foo
19:28:41.839 [Test worker-SendThread(127.0.0.1:56551)] DEBUG org.apache.zookeeper.ClientCnxn - Reading reply sessionid:0x1000f1176cd0001, packet:: clientPath:/config/topics/foo serverPath:/config/topics/foo finished:false header:: 73,4  replyHeader:: 73,39,0  request:: '/config/topics/foo,F  response:: #7b2276657273696f6e223a312c22636f6e666967223a7b7d7d,s{33,33,1565134121758,1565134121758,0,0,0,0,25,0,33} 
19:28:41.868 [kafka-request-handler-5] DEBUG kafka.log.OffsetIndex - Loaded index file C:\Users\salkov\AppData\Local\Temp\kafka-6795816940304148129\foo-0\00000000000000000000.index with maxEntries = 1310720, maxIndexSize = 10485760, entries = 0, lastOffset = 0, file position = 0
19:28:41.877 [kafka-request-handler-5] INFO kafka.log.Log - [Log partition=foo-0, dir=C:\Users\salkov\AppData\Local\Temp\kafka-6795816940304148129] Loading producer state till offset 0 with message format version 2
19:28:41.884 [kafka-request-handler-5] INFO kafka.log.Log - [Log partition=foo-0, dir=C:\Users\salkov\AppData\Local\Temp\kafka-6795816940304148129] Completed load of log with 1 segments, log start offset 0 and log end offset 0 in 32 ms
19:28:41.885 [kafka-request-handler-5] DEBUG kafka.utils.KafkaScheduler - Scheduling task PeriodicProducerExpirationCheck with initial delay 600000 ms and period 600000 ms.
19:28:41.886 [kafka-request-handler-5] INFO kafka.log.LogManager - Created log for partition foo-0 in C:\Users\salkov\AppData\Local\Temp\kafka-6795816940304148129 with properties {compression.type -> producer, message.format.version -> 2.0-IV1, file.delete.delay.ms -> 1000, max.message.bytes -> 1000012, min.compaction.lag.ms -> 0, message.timestamp.type -> CreateTime, message.downconversion.enable -> true, min.insync.replicas -> 1, segment.jitter.ms -> 0, preallocate -> false, min.cleanable.dirty.ratio -> 0.5, index.interval.bytes -> 4096, unclean.leader.election.enable -> false, retention.bytes -> -1, delete.retention.ms -> 86400000, cleanup.policy -> [delete], flush.ms -> 9223372036854775807, segment.ms -> 604800000, segment.bytes -> 1073741824, retention.ms -> 604800000, message.timestamp.difference.max.ms -> 9223372036854775807, segment.index.bytes -> 10485760, flush.messages -> 9223372036854775807}.
19:28:41.886 [kafka-request-handler-5] INFO kafka.cluster.Partition - [Partition foo-0 broker=0] No checkpointed highwatermark is found for partition foo-0
19:28:41.888 [kafka-request-handler-5] INFO kafka.cluster.Replica - Replica loaded for partition foo-0 with initial high watermark 0
19:28:41.890 [kafka-request-handler-5] INFO kafka.cluster.Partition - [Partition foo-0 broker=0] foo-0 starts at Leader Epoch 0 from offset 0. Previous Leader Epoch was: -1
19:28:41.892 [kafka-request-handler-5] DEBUG kafka.server.epoch.LeaderEpochFileCache - [LeaderEpochCache foo-0] Appended new epoch entry EpochEntry(epoch=0, startOffset=0). Cache now contains 1 entries.
19:28:41.903 [kafka-request-handler-5] DEBUG kafka.cluster.Partition - [Partition foo-0 broker=0] Skipping update high watermark since new hw (offset=0 segment=[0:0]) is not larger than old hw (offset=0 segment=[0:0]). All current LEOs are Set(replica 0: (offset=0 segment=[0:0]))
19:28:41.905 [SyncThread:0] DEBUG org.apache.zookeeper.server.FinalRequestProcessor - Processing request:: sessionid:0x1000f1176cd0001 type:getData cxid:0x4a zxid:0xfffffffffffffffe txntype:unknown reqpath:/config/topics/foo
19:28:41.905 [SyncThread:0] DEBUG org.apache.zookeeper.server.FinalRequestProcessor - sessionid:0x1000f1176cd0001 type:getData cxid:0x4a zxid:0xfffffffffffffffe txntype:unknown reqpath:/config/topics/foo
19:28:41.905 [Test worker-SendThread(127.0.0.1:56551)] DEBUG org.apache.zookeeper.ClientCnxn - Reading reply sessionid:0x1000f1176cd0001, packet:: clientPath:/config/topics/foo serverPath:/config/topics/foo finished:false header:: 74,4  replyHeader:: 74,39,0  request:: '/config/topics/foo,F  response:: #7b2276657273696f6e223a312c22636f6e666967223a7b7d7d,s{33,33,1565134121758,1565134121758,0,0,0,0,25,0,33} 
19:28:41.909 [kafka-request-handler-5] DEBUG kafka.log.OffsetIndex - Loaded index file C:\Users\salkov\AppData\Local\Temp\kafka-6795816940304148129\foo-1\00000000000000000000.index with maxEntries = 1310720, maxIndexSize = 10485760, entries = 0, lastOffset = 0, file position = 0
19:28:41.910 [kafka-request-handler-5] INFO kafka.log.Log - [Log partition=foo-1, dir=C:\Users\salkov\AppData\Local\Temp\kafka-6795816940304148129] Loading producer state till offset 0 with message format version 2
19:28:41.911 [kafka-request-handler-5] INFO kafka.log.Log - [Log partition=foo-1, dir=C:\Users\salkov\AppData\Local\Temp\kafka-6795816940304148129] Completed load of log with 1 segments, log start offset 0 and log end offset 0 in 4 ms
19:28:41.912 [kafka-request-handler-5] DEBUG kafka.utils.KafkaScheduler - Scheduling task PeriodicProducerExpirationCheck with initial delay 600000 ms and period 600000 ms.
19:28:41.912 [kafka-request-handler-5] INFO kafka.log.LogManager - Created log for partition foo-1 in C:\Users\salkov\AppData\Local\Temp\kafka-6795816940304148129 with properties {compression.type -> producer, message.format.version -> 2.0-IV1, file.delete.delay.ms -> 1000, max.message.bytes -> 1000012, min.compaction.lag.ms -> 0, message.timestamp.type -> CreateTime, message.downconversion.enable -> true, min.insync.replicas -> 1, segment.jitter.ms -> 0, preallocate -> false, min.cleanable.dirty.ratio -> 0.5, index.interval.bytes -> 4096, unclean.leader.election.enable -> false, retention.bytes -> -1, delete.retention.ms -> 86400000, cleanup.policy -> [delete], flush.ms -> 9223372036854775807, segment.ms -> 604800000, segment.bytes -> 1073741824, retention.ms -> 604800000, message.timestamp.difference.max.ms -> 9223372036854775807, segment.index.bytes -> 10485760, flush.messages -> 9223372036854775807}.
19:28:41.913 [kafka-request-handler-5] INFO kafka.cluster.Partition - [Partition foo-1 broker=0] No checkpointed highwatermark is found for partition foo-1
19:28:41.913 [kafka-request-handler-5] INFO kafka.cluster.Replica - Replica loaded for partition foo-1 with initial high watermark 0
19:28:41.913 [kafka-request-handler-5] INFO kafka.cluster.Partition - [Partition foo-1 broker=0] foo-1 starts at Leader Epoch 0 from offset 0. Previous Leader Epoch was: -1
19:28:41.913 [kafka-request-handler-5] DEBUG kafka.server.epoch.LeaderEpochFileCache - [LeaderEpochCache foo-1] Appended new epoch entry EpochEntry(epoch=0, startOffset=0). Cache now contains 1 entries.
19:28:41.916 [kafka-request-handler-5] DEBUG kafka.cluster.Partition - [Partition foo-1 broker=0] Skipping update high watermark since new hw (offset=0 segment=[0:0]) is not larger than old hw (offset=0 segment=[0:0]). All current LEOs are Set(replica 0: (offset=0 segment=[0:0]))
19:28:41.918 [kafka-request-handler-5] DEBUG kafka.utils.KafkaScheduler - Scheduling task highwatermark-checkpoint with initial delay 0 ms and period 9223372036854775807 ms.
19:28:41.922 [kafka-request-handler-5] INFO kafka.server.ReplicaAlterLogDirsManager - [ReplicaAlterLogDirsManager on broker 0] Added fetcher for partitions List()
19:28:41.925 [kafka-network-thread-0-ListenerName(PLAINTEXT)-PLAINTEXT-0] DEBUG kafka.request.logger - Completed request:RequestHeader(apiKey=LEADER_AND_ISR, apiVersion=1, clientId=0, correlationId=1) -- {controller_id=0,controller_epoch=1,partition_states=[{topic=foo,partition=0,controller_epoch=1,leader=0,leader_epoch=0,isr=[0],zk_version=0,replicas=[0],is_new=true},{topic=foo,partition=1,controller_epoch=1,leader=0,leader_epoch=0,isr=[0],zk_version=0,replicas=[0],is_new=true}],live_leaders=[{id=0,host=localhost,port=56561}]},response:{error_code=0,partitions=[{topic=foo,partition=0,error_code=0},{topic=foo,partition=1,error_code=0}]} from connection 127.0.0.1:56561-127.0.0.1:56573-0;totalTime:97.483,requestQueueTime:0.13,localTime:97.033,remoteTime:0.0,throttleTime:0.0,responseQueueTime:0.171,sendTime:0.24,securityProtocol:PLAINTEXT,principal:User:ANONYMOUS,listener:PLAINTEXT
19:28:41.934 [Test worker] DEBUG org.apache.kafka.clients.admin.KafkaAdminClient - [AdminClient clientId=adminclient-1] Initiating close operation.
19:28:41.934 [kafka-network-thread-0-ListenerName(PLAINTEXT)-PLAINTEXT-2] DEBUG kafka.request.logger - Completed request:RequestHeader(apiKey=CREATE_TOPICS, apiVersion=3, clientId=adminclient-1, correlationId=3) -- {create_topic_requests=[{topic=foo,num_partitions=2,replication_factor=1,replica_assignment=[],config_entries=[]}],timeout=119977,validate_only=false},response:{throttle_time_ms=0,topic_errors=[{topic=foo,error_code=0,error_message=null}]} from connection 127.0.0.1:56561-127.0.0.1:56577-0;totalTime:192.379,requestQueueTime:0.126,localTime:52.432,remoteTime:138.107,throttleTime:1.32,responseQueueTime:0.168,sendTime:0.224,securityProtocol:PLAINTEXT,principal:User:ANONYMOUS,listener:PLAINTEXT
19:28:41.935 [Test worker] DEBUG org.apache.kafka.clients.admin.KafkaAdminClient - [AdminClient clientId=adminclient-1] Waiting for the I/O thread to exit. Hard shutdown in 29999 ms.
19:28:41.935 [kafka-request-handler-4] DEBUG kafka.server.AdminManager - [Admin Manager on Broker 0]: Request key foo unblocked 1 topic requests.
19:28:41.935 [kafka-network-thread-0-ListenerName(PLAINTEXT)-PLAINTEXT-0] DEBUG kafka.request.logger - Completed request:RequestHeader(apiKey=UPDATE_METADATA, apiVersion=4, clientId=0, correlationId=2) -- {controller_id=0,controller_epoch=1,partition_states=[{topic=foo,partition=0,controller_epoch=1,leader=0,leader_epoch=0,isr=[0],zk_version=0,replicas=[0],offline_replicas=[]},{topic=foo,partition=1,controller_epoch=1,leader=0,leader_epoch=0,isr=[0],zk_version=0,replicas=[0],offline_replicas=[]}],live_brokers=[{id=0,end_points=[{port=56561,host=localhost,listener_name=PLAINTEXT,security_protocol_type=0}],rack=null}]},response:{error_code=0} from connection 127.0.0.1:56561-127.0.0.1:56573-0;totalTime:8.272,requestQueueTime:0.134,localTime:7.808,remoteTime:0.0,throttleTime:0.0,responseQueueTime:0.177,sendTime:0.191,securityProtocol:PLAINTEXT,principal:User:ANONYMOUS,listener:PLAINTEXT
19:28:41.935 [kafka-admin-client-thread | adminclient-1] DEBUG org.apache.kafka.common.metrics.Metrics - Removed sensor with name connections-closed:
19:28:41.935 [kafka-admin-client-thread | adminclient-1] DEBUG org.apache.kafka.common.metrics.Metrics - Removed sensor with name connections-created:
19:28:41.936 [kafka-admin-client-thread | adminclient-1] DEBUG org.apache.kafka.common.metrics.Metrics - Removed sensor with name successful-authentication:
19:28:41.936 [kafka-admin-client-thread | adminclient-1] DEBUG org.apache.kafka.common.metrics.Metrics - Removed sensor with name failed-authentication:
19:28:41.936 [kafka-admin-client-thread | adminclient-1] DEBUG org.apache.kafka.common.metrics.Metrics - Removed sensor with name bytes-sent-received:
19:28:41.936 [kafka-admin-client-thread | adminclient-1] DEBUG org.apache.kafka.common.metrics.Metrics - Removed sensor with name bytes-sent:
19:28:41.936 [kafka-admin-client-thread | adminclient-1] DEBUG org.apache.kafka.common.metrics.Metrics - Removed sensor with name bytes-received:
19:28:41.936 [kafka-admin-client-thread | adminclient-1] DEBUG org.apache.kafka.common.metrics.Metrics - Removed sensor with name select-time:
19:28:41.936 [kafka-admin-client-thread | adminclient-1] DEBUG org.apache.kafka.common.metrics.Metrics - Removed sensor with name io-time:
19:28:41.937 [kafka-admin-client-thread | adminclient-1] DEBUG org.apache.kafka.common.metrics.Metrics - Removed sensor with name node--1.bytes-sent
19:28:41.937 [kafka-admin-client-thread | adminclient-1] DEBUG org.apache.kafka.common.metrics.Metrics - Removed sensor with name node--1.bytes-received
19:28:41.937 [kafka-admin-client-thread | adminclient-1] DEBUG org.apache.kafka.common.metrics.Metrics - Removed sensor with name node--1.latency
19:28:41.937 [kafka-network-thread-0-ListenerName(PLAINTEXT)-PLAINTEXT-2] DEBUG org.apache.kafka.common.network.Selector - [SocketServer brokerId=0] Connection with /127.0.0.1 disconnected
java.io.EOFException: null
	at org.apache.kafka.common.network.NetworkReceive.readFrom(NetworkReceive.java:96)
	at org.apache.kafka.common.network.KafkaChannel.receive(KafkaChannel.java:335)
	at org.apache.kafka.common.network.KafkaChannel.read(KafkaChannel.java:296)
	at org.apache.kafka.common.network.Selector.attemptRead(Selector.java:562)
	at org.apache.kafka.common.network.Selector.pollSelectionKeys(Selector.java:498)
	at org.apache.kafka.common.network.Selector.poll(Selector.java:427)
	at kafka.network.Processor.poll(SocketServer.scala:679)
	at kafka.network.Processor.run(SocketServer.scala:584)
	at java.lang.Thread.run(Thread.java:748)
19:28:41.937 [kafka-network-thread-0-ListenerName(PLAINTEXT)-PLAINTEXT-1] DEBUG org.apache.kafka.common.network.Selector - [SocketServer brokerId=0] Connection with /127.0.0.1 disconnected
java.io.EOFException: null
	at org.apache.kafka.common.network.NetworkReceive.readFrom(NetworkReceive.java:96)
	at org.apache.kafka.common.network.KafkaChannel.receive(KafkaChannel.java:335)
	at org.apache.kafka.common.network.KafkaChannel.read(KafkaChannel.java:296)
	at org.apache.kafka.common.network.Selector.attemptRead(Selector.java:562)
	at org.apache.kafka.common.network.Selector.pollSelectionKeys(Selector.java:498)
	at org.apache.kafka.common.network.Selector.poll(Selector.java:427)
	at kafka.network.Processor.poll(SocketServer.scala:679)
	at kafka.network.Processor.run(SocketServer.scala:584)
	at java.lang.Thread.run(Thread.java:748)
19:28:41.937 [kafka-admin-client-thread | adminclient-1] DEBUG org.apache.kafka.common.metrics.Metrics - Removed sensor with name node-0.bytes-sent
19:28:41.937 [kafka-admin-client-thread | adminclient-1] DEBUG org.apache.kafka.common.metrics.Metrics - Removed sensor with name node-0.bytes-received
19:28:41.938 [kafka-admin-client-thread | adminclient-1] DEBUG org.apache.kafka.common.metrics.Metrics - Removed sensor with name node-0.latency
19:28:41.938 [kafka-admin-client-thread | adminclient-1] DEBUG org.apache.kafka.clients.admin.KafkaAdminClient - [AdminClient clientId=adminclient-1] Exiting AdminClientRunnable thread.
19:28:41.938 [Test worker] DEBUG org.apache.kafka.clients.admin.KafkaAdminClient - [AdminClient clientId=adminclient-1] Kafka admin client closed.
19:28:41.941 [Test worker] DEBUG org.springframework.test.context.support.AbstractDirtiesContextTestExecutionListener - Before test class: context [DefaultTestContext@1b01b6d testClass = KafkaTest, testInstance = [null], testMethod = [null], testException = [null], mergedContextConfiguration = [MergedContextConfiguration@1585775 testClass = KafkaTest, locations = '{}', classes = '{class com.ansa.kafka.Runner}', contextInitializerClasses = '[]', activeProfiles = '{}', propertySourceLocations = '{}', propertySourceProperties = '{org.springframework.boot.test.context.SpringBootTestContextBootstrapper=true}', contextCustomizers = set[org.springframework.boot.test.autoconfigure.properties.PropertyMappingContextCustomizer@0, org.springframework.boot.test.autoconfigure.web.servlet.WebDriverContextCustomizerFactory$Customizer@1b2bf9a, org.springframework.boot.test.context.filter.ExcludeFilterContextCustomizer@56a0b9, org.springframework.boot.test.json.DuplicateJsonObjectContextCustomizerFactory$DuplicateJsonObjectContextCustomizer@1101522, org.springframework.boot.test.mock.mockito.MockitoContextCustomizer@0, org.springframework.boot.test.web.client.TestRestTemplateContextCustomizer@1214a41], contextLoader = 'org.springframework.boot.test.context.SpringBootContextLoader', parent = [null]], attributes = map[[empty]]], class annotated with @DirtiesContext [false] with mode [null].
19:28:41.942 [Test worker] DEBUG org.springframework.test.annotation.ProfileValueUtils - Retrieved @ProfileValueSourceConfiguration [null] for test class [com.ansa.kafka.KafkaTest]
19:28:41.942 [Test worker] DEBUG org.springframework.test.annotation.ProfileValueUtils - Retrieved ProfileValueSource type [class org.springframework.test.annotation.SystemProfileValueSource] for class [com.ansa.kafka.KafkaTest]
19:28:41.945 [Test worker] DEBUG org.springframework.test.context.support.DependencyInjectionTestExecutionListener - Performing dependency injection for test context [[DefaultTestContext@1b01b6d testClass = KafkaTest, testInstance = com.ansa.kafka.KafkaTest@b89cc2, testMethod = [null], testException = [null], mergedContextConfiguration = [MergedContextConfiguration@1585775 testClass = KafkaTest, locations = '{}', classes = '{class com.ansa.kafka.Runner}', contextInitializerClasses = '[]', activeProfiles = '{}', propertySourceLocations = '{}', propertySourceProperties = '{org.springframework.boot.test.context.SpringBootTestContextBootstrapper=true}', contextCustomizers = set[org.springframework.boot.test.autoconfigure.properties.PropertyMappingContextCustomizer@0, org.springframework.boot.test.autoconfigure.web.servlet.WebDriverContextCustomizerFactory$Customizer@1b2bf9a, org.springframework.boot.test.context.filter.ExcludeFilterContextCustomizer@56a0b9, org.springframework.boot.test.json.DuplicateJsonObjectContextCustomizerFactory$DuplicateJsonObjectContextCustomizer@1101522, org.springframework.boot.test.mock.mockito.MockitoContextCustomizer@0, org.springframework.boot.test.web.client.TestRestTemplateContextCustomizer@1214a41], contextLoader = 'org.springframework.boot.test.context.SpringBootContextLoader', parent = [null]], attributes = map[[empty]]]].
19:28:41.964 [Test worker] DEBUG org.springframework.test.context.support.TestPropertySourceUtils - Adding inlined properties to environment: {spring.jmx.enabled=false, org.springframework.boot.test.context.SpringBootTestContextBootstrapper=true, server.port=-1}

  .   ____          _            __ _ _
 /\\ / ___'_ __ _ _(_)_ __  __ _ \ \ \ \
( ( )\___ | '_ | '_| | '_ \/ _` | \ \ \ \
 \\/  ___)| |_)| | | | | || (_| |  ) ) ) )
  '  |____| .__|_| |_|_| |_\__, | / / / /
 =========|_|==============|___/=/_/_/_/
 :: Spring Boot ::        (v2.1.6.RELEASE)

2019-08-06 19:28:42.197  INFO 13316 --- [    Test worker] com.ansa.kafka.KafkaTest                 : Starting KafkaTest on MSI with PID 13316 (started by salkov in C:\Users\salkov\IdeaProjects\app)
2019-08-06 19:28:42.198  INFO 13316 --- [    Test worker] com.ansa.kafka.KafkaTest                 : No active profile set, falling back to default profiles: default
2019-08-06 19:28:42.405  WARN 13316 --- [    Test worker] s.c.a.AnnotationConfigApplicationContext : Exception encountered during context initialization - cancelling refresh attempt: org.springframework.beans.factory.support.BeanDefinitionOverrideException: Invalid bean definition with name 'producerFactory' defined in class path resource [com/ansa/kafka/SenderConfig.class]: Cannot register bean definition [Root bean: class [null]; scope=; abstract=false; lazyInit=false; autowireMode=3; dependencyCheck=0; autowireCandidate=true; primary=false; factoryBeanName=senderConfig; factoryMethodName=producerFactory; initMethodName=null; destroyMethodName=(inferred); defined in class path resource [com/ansa/kafka/SenderConfig.class]] for bean 'producerFactory': There is already [Root bean: class [null]; scope=; abstract=false; lazyInit=false; autowireMode=3; dependencyCheck=0; autowireCandidate=true; primary=false; factoryBeanName=mockSerdeConfig; factoryMethodName=producerFactory; initMethodName=null; destroyMethodName=(inferred); defined in class path resource [com/ansa/kafka/MockSerdeConfig.class]] bound.
2019-08-06 19:28:42.410  INFO 13316 --- [    Test worker] ConditionEvaluationReportLoggingListener : 

Error starting ApplicationContext. To display the conditions report re-run your application with 'debug' enabled.
2019-08-06 19:28:42.412 ERROR 13316 --- [    Test worker] o.s.b.d.LoggingFailureAnalysisReporter   : 

***************************
APPLICATION FAILED TO START
***************************

Description:

The bean 'producerFactory', defined in class path resource [com/ansa/kafka/SenderConfig.class], could not be registered. A bean with that name has already been defined in class path resource [com/ansa/kafka/MockSerdeConfig.class] and overriding is disabled.

Action:

Consider renaming one of the beans or enabling overriding by setting spring.main.allow-bean-definition-overriding=true


  .   ____          _            __ _ _
 /\\ / ___'_ __ _ _(_)_ __  __ _ \ \ \ \
( ( )\___ | '_ | '_| | '_ \/ _` | \ \ \ \
 \\/  ___)| |_)| | | | | || (_| |  ) ) ) )
  '  |____| .__|_| |_|_| |_\__, | / / / /
 =========|_|==============|___/=/_/_/_/
 :: Spring Boot ::        (v2.1.6.RELEASE)

2019-08-06 19:28:42.438  INFO 13316 --- [    Test worker] com.ansa.kafka.KafkaTest                 : Starting KafkaTest on MSI with PID 13316 (started by salkov in C:\Users\salkov\IdeaProjects\app)
2019-08-06 19:28:42.438  INFO 13316 --- [    Test worker] com.ansa.kafka.KafkaTest                 : No active profile set, falling back to default profiles: default
2019-08-06 19:28:42.507  WARN 13316 --- [    Test worker] s.c.a.AnnotationConfigApplicationContext : Exception encountered during context initialization - cancelling refresh attempt: org.springframework.beans.factory.support.BeanDefinitionOverrideException: Invalid bean definition with name 'producerFactory' defined in class path resource [com/ansa/kafka/SenderConfig.class]: Cannot register bean definition [Root bean: class [null]; scope=; abstract=false; lazyInit=false; autowireMode=3; dependencyCheck=0; autowireCandidate=true; primary=false; factoryBeanName=senderConfig; factoryMethodName=producerFactory; initMethodName=null; destroyMethodName=(inferred); defined in class path resource [com/ansa/kafka/SenderConfig.class]] for bean 'producerFactory': There is already [Root bean: class [null]; scope=; abstract=false; lazyInit=false; autowireMode=3; dependencyCheck=0; autowireCandidate=true; primary=false; factoryBeanName=mockSerdeConfig; factoryMethodName=producerFactory; initMethodName=null; destroyMethodName=(inferred); defined in class path resource [com/ansa/kafka/MockSerdeConfig.class]] bound.
2019-08-06 19:28:42.508  INFO 13316 --- [    Test worker] ConditionEvaluationReportLoggingListener : 

Error starting ApplicationContext. To display the conditions report re-run your application with 'debug' enabled.
2019-08-06 19:28:42.508 ERROR 13316 --- [    Test worker] o.s.b.d.LoggingFailureAnalysisReporter   : 

***************************
APPLICATION FAILED TO START
***************************

Description:

The bean 'producerFactory', defined in class path resource [com/ansa/kafka/SenderConfig.class], could not be registered. A bean with that name has already been defined in class path resource [com/ansa/kafka/MockSerdeConfig.class] and overriding is disabled.

Action:

Consider renaming one of the beans or enabling overriding by setting spring.main.allow-bean-definition-overriding=true

2019-08-06 19:28:42.510 ERROR 13316 --- [    Test worker] o.s.test.context.TestContextManager      : Caught exception while allowing TestExecutionListener [org.springframework.boot.test.autoconfigure.SpringBootDependencyInjectionTestExecutionListener@56e8ac] to prepare test instance [com.ansa.kafka.KafkaTest@b89cc2]

java.lang.IllegalStateException: Failed to load ApplicationContext
	at org.springframework.test.context.cache.DefaultCacheAwareContextLoaderDelegate.loadContext(DefaultCacheAwareContextLoaderDelegate.java:125) ~[spring-test-5.1.8.RELEASE.jar:5.1.8.RELEASE]
	at org.springframework.test.context.support.DefaultTestContext.getApplicationContext(DefaultTestContext.java:108) ~[spring-test-5.1.8.RELEASE.jar:5.1.8.RELEASE]
	at org.springframework.test.context.support.DependencyInjectionTestExecutionListener.injectDependencies(DependencyInjectionTestExecutionListener.java:118) ~[spring-test-5.1.8.RELEASE.jar:5.1.8.RELEASE]
	at org.springframework.test.context.support.DependencyInjectionTestExecutionListener.prepareTestInstance(DependencyInjectionTestExecutionListener.java:83) ~[spring-test-5.1.8.RELEASE.jar:5.1.8.RELEASE]
	at org.springframework.boot.test.autoconfigure.SpringBootDependencyInjectionTestExecutionListener.prepareTestInstance(SpringBootDependencyInjectionTestExecutionListener.java:43) ~[spring-boot-test-autoconfigure-2.1.6.RELEASE.jar:2.1.6.RELEASE]
	at org.springframework.test.context.TestContextManager.prepareTestInstance(TestContextManager.java:246) ~[spring-test-5.1.8.RELEASE.jar:5.1.8.RELEASE]
	at org.springframework.test.context.junit4.SpringJUnit4ClassRunner.createTest(SpringJUnit4ClassRunner.java:227) [spring-test-5.1.8.RELEASE.jar:5.1.8.RELEASE]
	at org.springframework.test.context.junit4.SpringJUnit4ClassRunner$1.runReflectiveCall(SpringJUnit4ClassRunner.java:289) [spring-test-5.1.8.RELEASE.jar:5.1.8.RELEASE]
	at org.junit.internal.runners.model.ReflectiveCallable.run(ReflectiveCallable.java:12) [junit-4.12.jar:4.12]
	at org.springframework.test.context.junit4.SpringJUnit4ClassRunner.methodBlock(SpringJUnit4ClassRunner.java:291) [spring-test-5.1.8.RELEASE.jar:5.1.8.RELEASE]
	at org.springframework.test.context.junit4.SpringJUnit4ClassRunner.runChild(SpringJUnit4ClassRunner.java:246) [spring-test-5.1.8.RELEASE.jar:5.1.8.RELEASE]
	at org.springframework.test.context.junit4.SpringJUnit4ClassRunner.runChild(SpringJUnit4ClassRunner.java:97) [spring-test-5.1.8.RELEASE.jar:5.1.8.RELEASE]
	at org.junit.runners.ParentRunner$3.run(ParentRunner.java:290) [junit-4.12.jar:4.12]
	at org.junit.runners.ParentRunner$1.schedule(ParentRunner.java:71) [junit-4.12.jar:4.12]
	at org.junit.runners.ParentRunner.runChildren(ParentRunner.java:288) [junit-4.12.jar:4.12]
	at org.junit.runners.ParentRunner.access$000(ParentRunner.java:58) [junit-4.12.jar:4.12]
	at org.junit.runners.ParentRunner$2.evaluate(ParentRunner.java:268) [junit-4.12.jar:4.12]
	at org.junit.internal.runners.statements.RunBefores.evaluate(RunBefores.java:26) [junit-4.12.jar:4.12]
	at org.springframework.test.context.junit4.statements.RunBeforeTestClassCallbacks.evaluate(RunBeforeTestClassCallbacks.java:61) [spring-test-5.1.8.RELEASE.jar:5.1.8.RELEASE]
	at org.springframework.test.context.junit4.statements.RunAfterTestClassCallbacks.evaluate(RunAfterTestClassCallbacks.java:70) [spring-test-5.1.8.RELEASE.jar:5.1.8.RELEASE]
	at org.junit.rules.ExternalResource$1.evaluate(ExternalResource.java:48) [junit-4.12.jar:4.12]
	at org.junit.rules.RunRules.evaluate(RunRules.java:20) [junit-4.12.jar:4.12]
	at org.junit.runners.ParentRunner.run(ParentRunner.java:363) [junit-4.12.jar:4.12]
	at org.springframework.test.context.junit4.SpringJUnit4ClassRunner.run(SpringJUnit4ClassRunner.java:190) [spring-test-5.1.8.RELEASE.jar:5.1.8.RELEASE]
	at org.gradle.api.internal.tasks.testing.junit.JUnitTestClassExecutor.runTestClass(JUnitTestClassExecutor.java:106) [gradle-testing-jvm-4.10.jar:4.10]
	at org.gradle.api.internal.tasks.testing.junit.JUnitTestClassExecutor.execute(JUnitTestClassExecutor.java:58) [gradle-testing-jvm-4.10.jar:4.10]
	at org.gradle.api.internal.tasks.testing.junit.JUnitTestClassExecutor.execute(JUnitTestClassExecutor.java:38) [gradle-testing-jvm-4.10.jar:4.10]
	at org.gradle.api.internal.tasks.testing.junit.AbstractJUnitTestClassProcessor.processTestClass(AbstractJUnitTestClassProcessor.java:66) [gradle-testing-jvm-4.10.jar:4.10]
	at org.gradle.api.internal.tasks.testing.SuiteTestClassProcessor.processTestClass(SuiteTestClassProcessor.java:51) [gradle-testing-base-4.10.jar:4.10]
	at sun.reflect.NativeMethodAccessorImpl.invoke0(Native Method) ~[na:1.8.0_201]
	at sun.reflect.NativeMethodAccessorImpl.invoke(NativeMethodAccessorImpl.java:62) ~[na:1.8.0_201]
	at sun.reflect.DelegatingMethodAccessorImpl.invoke(DelegatingMethodAccessorImpl.java:43) ~[na:1.8.0_201]
	at java.lang.reflect.Method.invoke(Method.java:498) ~[na:1.8.0_201]
	at org.gradle.internal.dispatch.ReflectionDispatch.dispatch(ReflectionDispatch.java:35) [gradle-messaging-4.10.jar:4.10]
	at org.gradle.internal.dispatch.ReflectionDispatch.dispatch(ReflectionDispatch.java:24) [gradle-messaging-4.10.jar:4.10]
	at org.gradle.internal.dispatch.ContextClassLoaderDispatch.dispatch(ContextClassLoaderDispatch.java:32) [gradle-messaging-4.10.jar:4.10]
	at org.gradle.internal.dispatch.ProxyDispatchAdapter$DispatchingInvocationHandler.invoke(ProxyDispatchAdapter.java:93) [gradle-messaging-4.10.jar:4.10]
	at com.sun.proxy.$Proxy2.processTestClass(Unknown Source) [na:na]
	at org.gradle.api.internal.tasks.testing.worker.TestWorker.processTestClass(TestWorker.java:117) [gradle-testing-base-4.10.jar:4.10]
	at sun.reflect.NativeMethodAccessorImpl.invoke0(Native Method) ~[na:1.8.0_201]
	at sun.reflect.NativeMethodAccessorImpl.invoke(NativeMethodAccessorImpl.java:62) ~[na:1.8.0_201]
	at sun.reflect.DelegatingMethodAccessorImpl.invoke(DelegatingMethodAccessorImpl.java:43) ~[na:1.8.0_201]
	at java.lang.reflect.Method.invoke(Method.java:498) ~[na:1.8.0_201]
	at org.gradle.internal.dispatch.ReflectionDispatch.dispatch(ReflectionDispatch.java:35) [gradle-messaging-4.10.jar:4.10]
	at org.gradle.internal.dispatch.ReflectionDispatch.dispatch(ReflectionDispatch.java:24) [gradle-messaging-4.10.jar:4.10]
	at org.gradle.internal.remote.internal.hub.MessageHubBackedObjectConnection$DispatchWrapper.dispatch(MessageHubBackedObjectConnection.java:155) [gradle-messaging-4.10.jar:4.10]
	at org.gradle.internal.remote.internal.hub.MessageHubBackedObjectConnection$DispatchWrapper.dispatch(MessageHubBackedObjectConnection.java:137) [gradle-messaging-4.10.jar:4.10]
	at org.gradle.internal.remote.internal.hub.MessageHub$Handler.run(MessageHub.java:404) [gradle-messaging-4.10.jar:4.10]
	at org.gradle.internal.concurrent.ExecutorPolicy$CatchAndRecordFailures.onExecute(ExecutorPolicy.java:63) [gradle-base-services-4.10.jar:4.10]
	at org.gradle.internal.concurrent.ManagedExecutorImpl$1.run(ManagedExecutorImpl.java:46) [gradle-base-services-4.10.jar:4.10]
	at java.util.concurrent.ThreadPoolExecutor.runWorker(ThreadPoolExecutor.java:1149) [na:1.8.0_201]
	at java.util.concurrent.ThreadPoolExecutor$Worker.run(ThreadPoolExecutor.java:624) [na:1.8.0_201]
	at org.gradle.internal.concurrent.ThreadFactoryImpl$ManagedThreadRunnable.run(ThreadFactoryImpl.java:55) [gradle-base-services-4.10.jar:4.10]
	at java.lang.Thread.run(Thread.java:748) [na:1.8.0_201]
Caused by: org.springframework.beans.factory.support.BeanDefinitionOverrideException: Invalid bean definition with name 'producerFactory' defined in class path resource [com/ansa/kafka/SenderConfig.class]: Cannot register bean definition [Root bean: class [null]; scope=; abstract=false; lazyInit=false; autowireMode=3; dependencyCheck=0; autowireCandidate=true; primary=false; factoryBeanName=senderConfig; factoryMethodName=producerFactory; initMethodName=null; destroyMethodName=(inferred); defined in class path resource [com/ansa/kafka/SenderConfig.class]] for bean 'producerFactory': There is already [Root bean: class [null]; scope=; abstract=false; lazyInit=false; autowireMode=3; dependencyCheck=0; autowireCandidate=true; primary=false; factoryBeanName=mockSerdeConfig; factoryMethodName=producerFactory; initMethodName=null; destroyMethodName=(inferred); defined in class path resource [com/ansa/kafka/MockSerdeConfig.class]] bound.
	at org.springframework.beans.factory.support.DefaultListableBeanFactory.registerBeanDefinition(DefaultListableBeanFactory.java:893) ~[spring-beans-5.1.8.RELEASE.jar:5.1.8.RELEASE]
	at org.springframework.context.annotation.ConfigurationClassBeanDefinitionReader.loadBeanDefinitionsForBeanMethod(ConfigurationClassBeanDefinitionReader.java:274) ~[spring-context-5.1.8.RELEASE.jar:5.1.8.RELEASE]
	at org.springframework.context.annotation.ConfigurationClassBeanDefinitionReader.loadBeanDefinitionsForConfigurationClass(ConfigurationClassBeanDefinitionReader.java:141) ~[spring-context-5.1.8.RELEASE.jar:5.1.8.RELEASE]
	at org.springframework.context.annotation.ConfigurationClassBeanDefinitionReader.loadBeanDefinitions(ConfigurationClassBeanDefinitionReader.java:117) ~[spring-context-5.1.8.RELEASE.jar:5.1.8.RELEASE]
	at org.springframework.context.annotation.ConfigurationClassPostProcessor.processConfigBeanDefinitions(ConfigurationClassPostProcessor.java:327) ~[spring-context-5.1.8.RELEASE.jar:5.1.8.RELEASE]
	at org.springframework.context.annotation.ConfigurationClassPostProcessor.postProcessBeanDefinitionRegistry(ConfigurationClassPostProcessor.java:232) ~[spring-context-5.1.8.RELEASE.jar:5.1.8.RELEASE]
	at org.springframework.context.support.PostProcessorRegistrationDelegate.invokeBeanDefinitionRegistryPostProcessors(PostProcessorRegistrationDelegate.java:275) ~[spring-context-5.1.8.RELEASE.jar:5.1.8.RELEASE]
	at org.springframework.context.support.PostProcessorRegistrationDelegate.invokeBeanFactoryPostProcessors(PostProcessorRegistrationDelegate.java:95) ~[spring-context-5.1.8.RELEASE.jar:5.1.8.RELEASE]
	at org.springframework.context.support.AbstractApplicationContext.invokeBeanFactoryPostProcessors(AbstractApplicationContext.java:705) ~[spring-context-5.1.8.RELEASE.jar:5.1.8.RELEASE]
	at org.springframework.context.support.AbstractApplicationContext.refresh(AbstractApplicationContext.java:531) ~[spring-context-5.1.8.RELEASE.jar:5.1.8.RELEASE]
	at org.springframework.boot.SpringApplication.refresh(SpringApplication.java:742) ~[spring-boot-2.1.6.RELEASE.jar:2.1.6.RELEASE]
	at org.springframework.boot.SpringApplication.refreshContext(SpringApplication.java:389) ~[spring-boot-2.1.6.RELEASE.jar:2.1.6.RELEASE]
	at org.springframework.boot.SpringApplication.run(SpringApplication.java:311) ~[spring-boot-2.1.6.RELEASE.jar:2.1.6.RELEASE]
	at org.springframework.boot.test.context.SpringBootContextLoader.loadContext(SpringBootContextLoader.java:119) ~[spring-boot-test-2.1.6.RELEASE.jar:2.1.6.RELEASE]
	at org.springframework.test.context.cache.DefaultCacheAwareContextLoaderDelegate.loadContextInternal(DefaultCacheAwareContextLoaderDelegate.java:99) ~[spring-test-5.1.8.RELEASE.jar:5.1.8.RELEASE]
	at org.springframework.test.context.cache.DefaultCacheAwareContextLoaderDelegate.loadContext(DefaultCacheAwareContextLoaderDelegate.java:117) ~[spring-test-5.1.8.RELEASE.jar:5.1.8.RELEASE]
	... 53 common frames omitted

2019-08-06 19:28:42.514  INFO 13316 --- [    Test worker] kafka.server.KafkaServer                 : [KafkaServer id=0] shutting down
2019-08-06 19:28:42.516  INFO 13316 --- [    Test worker] icationListener$ChangeEventProcessThread : [/config/changes-event-process-thread]: Shutting down
2019-08-06 19:28:42.516  INFO 13316 --- [    Test worker] icationListener$ChangeEventProcessThread : [/config/changes-event-process-thread]: Shutdown completed
2019-08-06 19:28:42.516  INFO 13316 --- [-process-thread] icationListener$ChangeEventProcessThread : [/config/changes-event-process-thread]: Stopped
2019-08-06 19:28:42.517  INFO 13316 --- [    Test worker] kafka.network.SocketServer               : [SocketServer brokerId=0] Stopping socket server request processors
2019-08-06 19:28:42.529  INFO 13316 --- [    Test worker] kafka.network.SocketServer               : [SocketServer brokerId=0] Stopped socket server request processors
2019-08-06 19:28:42.530  INFO 13316 --- [    Test worker] kafka.server.KafkaRequestHandlerPool     : [Kafka Request Handler on Broker 0], shutting down
2019-08-06 19:28:42.532  INFO 13316 --- [    Test worker] kafka.server.KafkaRequestHandlerPool     : [Kafka Request Handler on Broker 0], shut down completely
2019-08-06 19:28:42.534  INFO 13316 --- [    Test worker] kafka.server.KafkaApis                   : [KafkaApi-0] Shutdown complete.
2019-08-06 19:28:42.535  INFO 13316 --- [    Test worker] perationPurgatory$ExpiredOperationReaper : [ExpirationReaper-0-topic]: Shutting down
2019-08-06 19:28:42.569  INFO 13316 --- [nReaper-0-topic] perationPurgatory$ExpiredOperationReaper : [ExpirationReaper-0-topic]: Stopped
2019-08-06 19:28:42.569  INFO 13316 --- [    Test worker] perationPurgatory$ExpiredOperationReaper : [ExpirationReaper-0-topic]: Shutdown completed
2019-08-06 19:28:42.571  INFO 13316 --- [    Test worker] k.c.transaction.TransactionCoordinator   : [TransactionCoordinator id=0] Shutting down.
2019-08-06 19:28:42.572  INFO 13316 --- [    Test worker] k.c.transaction.ProducerIdManager        : [ProducerId Manager 0]: Shutdown complete: last producerId assigned 0
2019-08-06 19:28:42.572  INFO 13316 --- [    Test worker] k.c.transaction.TransactionStateManager  : [Transaction State Manager 0]: Shutdown complete
2019-08-06 19:28:42.572  INFO 13316 --- [    Test worker] k.c.t.TransactionMarkerChannelManager    : [Transaction Marker Channel Manager 0]: Shutting down
2019-08-06 19:28:42.573  INFO 13316 --- [    Test worker] k.c.t.TransactionMarkerChannelManager    : [Transaction Marker Channel Manager 0]: Shutdown completed
2019-08-06 19:28:42.573  INFO 13316 --- [rSenderThread-0] k.c.t.TransactionMarkerChannelManager    : [Transaction Marker Channel Manager 0]: Stopped
2019-08-06 19:28:42.574  INFO 13316 --- [    Test worker] k.c.transaction.TransactionCoordinator   : [TransactionCoordinator id=0] Shutdown complete.
2019-08-06 19:28:42.575  INFO 13316 --- [    Test worker] k.coordinator.group.GroupCoordinator     : [GroupCoordinator 0]: Shutting down.
2019-08-06 19:28:42.575  INFO 13316 --- [    Test worker] perationPurgatory$ExpiredOperationReaper : [ExpirationReaper-0-Heartbeat]: Shutting down
2019-08-06 19:28:42.581  INFO 13316 --- [per-0-Heartbeat] perationPurgatory$ExpiredOperationReaper : [ExpirationReaper-0-Heartbeat]: Stopped
2019-08-06 19:28:42.581  INFO 13316 --- [    Test worker] perationPurgatory$ExpiredOperationReaper : [ExpirationReaper-0-Heartbeat]: Shutdown completed
2019-08-06 19:28:42.581  INFO 13316 --- [    Test worker] perationPurgatory$ExpiredOperationReaper : [ExpirationReaper-0-Rebalance]: Shutting down
2019-08-06 19:28:42.782  INFO 13316 --- [per-0-Rebalance] perationPurgatory$ExpiredOperationReaper : [ExpirationReaper-0-Rebalance]: Stopped
2019-08-06 19:28:42.782  INFO 13316 --- [    Test worker] perationPurgatory$ExpiredOperationReaper : [ExpirationReaper-0-Rebalance]: Shutdown completed
2019-08-06 19:28:42.782  INFO 13316 --- [    Test worker] k.coordinator.group.GroupCoordinator     : [GroupCoordinator 0]: Shutdown complete.
2019-08-06 19:28:42.783  INFO 13316 --- [    Test worker] kafka.server.ReplicaManager              : [ReplicaManager broker=0] Shutting down
2019-08-06 19:28:42.784  INFO 13316 --- [    Test worker] k.s.ReplicaManager$LogDirFailureHandler  : [LogDirFailureHandler]: Shutting down
2019-08-06 19:28:42.784  INFO 13316 --- [rFailureHandler] k.s.ReplicaManager$LogDirFailureHandler  : [LogDirFailureHandler]: Stopped
2019-08-06 19:28:42.784  INFO 13316 --- [    Test worker] k.s.ReplicaManager$LogDirFailureHandler  : [LogDirFailureHandler]: Shutdown completed
2019-08-06 19:28:42.784  INFO 13316 --- [    Test worker] kafka.server.ReplicaFetcherManager       : [ReplicaFetcherManager on broker 0] shutting down
2019-08-06 19:28:42.785  INFO 13316 --- [    Test worker] kafka.server.ReplicaFetcherManager       : [ReplicaFetcherManager on broker 0] shutdown completed
2019-08-06 19:28:42.786  INFO 13316 --- [    Test worker] kafka.server.ReplicaAlterLogDirsManager  : [ReplicaAlterLogDirsManager on broker 0] shutting down
2019-08-06 19:28:42.786  INFO 13316 --- [    Test worker] kafka.server.ReplicaAlterLogDirsManager  : [ReplicaAlterLogDirsManager on broker 0] shutdown completed
2019-08-06 19:28:42.786  INFO 13316 --- [    Test worker] perationPurgatory$ExpiredOperationReaper : [ExpirationReaper-0-Fetch]: Shutting down
2019-08-06 19:28:42.855  INFO 13316 --- [nReaper-0-Fetch] perationPurgatory$ExpiredOperationReaper : [ExpirationReaper-0-Fetch]: Stopped
2019-08-06 19:28:42.855  INFO 13316 --- [    Test worker] perationPurgatory$ExpiredOperationReaper : [ExpirationReaper-0-Fetch]: Shutdown completed
2019-08-06 19:28:42.855  INFO 13316 --- [    Test worker] perationPurgatory$ExpiredOperationReaper : [ExpirationReaper-0-Produce]: Shutting down
2019-08-06 19:28:43.055  INFO 13316 --- [eaper-0-Produce] perationPurgatory$ExpiredOperationReaper : [ExpirationReaper-0-Produce]: Stopped
2019-08-06 19:28:43.055  INFO 13316 --- [    Test worker] perationPurgatory$ExpiredOperationReaper : [ExpirationReaper-0-Produce]: Shutdown completed
2019-08-06 19:28:43.055  INFO 13316 --- [    Test worker] perationPurgatory$ExpiredOperationReaper : [ExpirationReaper-0-DeleteRecords]: Shutting down
2019-08-06 19:28:43.056  INFO 13316 --- [0-DeleteRecords] perationPurgatory$ExpiredOperationReaper : [ExpirationReaper-0-DeleteRecords]: Stopped
2019-08-06 19:28:43.056  INFO 13316 --- [    Test worker] perationPurgatory$ExpiredOperationReaper : [ExpirationReaper-0-DeleteRecords]: Shutdown completed
2019-08-06 19:28:43.063  INFO 13316 --- [    Test worker] kafka.server.ReplicaManager              : [ReplicaManager broker=0] Shut down completely
2019-08-06 19:28:43.063  INFO 13316 --- [    Test worker] kafka.log.LogManager                     : Shutting down.
2019-08-06 19:28:43.065  INFO 13316 --- [    Test worker] kafka.log.LogCleaner                     : Shutting down the log cleaner.
2019-08-06 19:28:43.065  INFO 13316 --- [    Test worker] kafka.log.LogCleaner                     : [kafka-log-cleaner-thread-0]: Shutting down
2019-08-06 19:28:43.065  INFO 13316 --- [leaner-thread-0] kafka.log.LogCleaner                     : [kafka-log-cleaner-thread-0]: Stopped
2019-08-06 19:28:43.065  INFO 13316 --- [    Test worker] kafka.log.LogCleaner                     : [kafka-log-cleaner-thread-0]: Shutdown completed
2019-08-06 19:28:43.100  INFO 13316 --- [    Test worker] kafka.log.LogManager                     : Shutdown complete.
2019-08-06 19:28:43.100  INFO 13316 --- [er-event-thread] rollerEventManager$ControllerEventThread : [ControllerEventThread controllerId=0] Shutting down
2019-08-06 19:28:43.101  INFO 13316 --- [er-event-thread] rollerEventManager$ControllerEventThread : [ControllerEventThread controllerId=0] Stopped
2019-08-06 19:28:43.101  INFO 13316 --- [    Test worker] rollerEventManager$ControllerEventThread : [ControllerEventThread controllerId=0] Shutdown completed
2019-08-06 19:28:43.103  INFO 13316 --- [    Test worker] kafka.controller.PartitionStateMachine   : [PartitionStateMachine controllerId=0] Stopped partition state machine
2019-08-06 19:28:43.104  INFO 13316 --- [    Test worker] kafka.controller.ReplicaStateMachine     : [ReplicaStateMachine controllerId=0] Stopped replica state machine
2019-08-06 19:28:43.104  INFO 13316 --- [    Test worker] kafka.controller.RequestSendThread       : [RequestSendThread controllerId=0] Shutting down
2019-08-06 19:28:43.105  INFO 13316 --- [    Test worker] kafka.controller.RequestSendThread       : [RequestSendThread controllerId=0] Shutdown completed
2019-08-06 19:28:43.105  INFO 13316 --- [r-0-send-thread] kafka.controller.RequestSendThread       : [RequestSendThread controllerId=0] Stopped
2019-08-06 19:28:43.106  INFO 13316 --- [    Test worker] kafka.controller.KafkaController         : [Controller id=0] Resigned
2019-08-06 19:28:43.107  INFO 13316 --- [    Test worker] kafka.zookeeper.ZooKeeperClient          : [ZooKeeperClient] Closing.
2019-08-06 19:28:43.108  INFO 13316 --- [0 cport:56551):] o.a.z.server.PrepRequestProcessor        : Processed session termination for sessionid: 0x1000f1176cd0001
2019-08-06 19:28:43.109  INFO 13316 --- [    Test worker] org.apache.zookeeper.ZooKeeper           : Session: 0x1000f1176cd0001 closed
2019-08-06 19:28:43.109  INFO 13316 --- [ker-EventThread] org.apache.zookeeper.ClientCnxn          : EventThread shut down for session: 0x1000f1176cd0001
2019-08-06 19:28:43.110  INFO 13316 --- [ry:/127.0.0.1:0] o.apache.zookeeper.server.NIOServerCnxn  : Closed socket connection for client /127.0.0.1:56557 which had sessionid 0x1000f1176cd0001
2019-08-06 19:28:43.111  INFO 13316 --- [    Test worker] kafka.zookeeper.ZooKeeperClient          : [ZooKeeperClient] Closed.
2019-08-06 19:28:43.111  INFO 13316 --- [    Test worker] lientQuotaManager$ThrottledChannelReaper : [ThrottledChannelReaper-Fetch]: Shutting down
2019-08-06 19:28:43.174  INFO 13316 --- [    Test worker] lientQuotaManager$ThrottledChannelReaper : [ThrottledChannelReaper-Fetch]: Shutdown completed
2019-08-06 19:28:43.174  INFO 13316 --- [    Test worker] lientQuotaManager$ThrottledChannelReaper : [ThrottledChannelReaper-Produce]: Shutting down
2019-08-06 19:28:43.174  INFO 13316 --- [nelReaper-Fetch] lientQuotaManager$ThrottledChannelReaper : [ThrottledChannelReaper-Fetch]: Stopped
2019-08-06 19:28:44.175  INFO 13316 --- [    Test worker] lientQuotaManager$ThrottledChannelReaper : [ThrottledChannelReaper-Produce]: Shutdown completed
2019-08-06 19:28:44.175  INFO 13316 --- [    Test worker] lientQuotaManager$ThrottledChannelReaper : [ThrottledChannelReaper-Request]: Shutting down
2019-08-06 19:28:44.175  INFO 13316 --- [lReaper-Produce] lientQuotaManager$ThrottledChannelReaper : [ThrottledChannelReaper-Produce]: Stopped
2019-08-06 19:28:44.176  INFO 13316 --- [lReaper-Request] lientQuotaManager$ThrottledChannelReaper : [ThrottledChannelReaper-Request]: Stopped
2019-08-06 19:28:44.176  INFO 13316 --- [    Test worker] lientQuotaManager$ThrottledChannelReaper : [ThrottledChannelReaper-Request]: Shutdown completed
2019-08-06 19:28:44.177  INFO 13316 --- [    Test worker] kafka.network.SocketServer               : [SocketServer brokerId=0] Shutting down socket server
2019-08-06 19:28:44.207  INFO 13316 --- [    Test worker] kafka.network.SocketServer               : [SocketServer brokerId=0] Shutdown completed
2019-08-06 19:28:44.209  INFO 13316 --- [    Test worker] kafka.server.KafkaServer                 : [KafkaServer id=0] shut down completed
2019-08-06 19:28:44.216  INFO 13316 --- [127.0.0.1:56551] org.I0Itec.zkclient.ZkEventThread        : Terminate ZkClient event thread.
2019-08-06 19:28:44.217  INFO 13316 --- [0 cport:56551):] o.a.z.server.PrepRequestProcessor        : Processed session termination for sessionid: 0x1000f1176cd0000
2019-08-06 19:28:44.219  INFO 13316 --- [    Test worker] org.apache.zookeeper.ZooKeeper           : Session: 0x1000f1176cd0000 closed
2019-08-06 19:28:44.219  INFO 13316 --- [ry:/127.0.0.1:0] o.apache.zookeeper.server.NIOServerCnxn  : Closed socket connection for client /127.0.0.1:56554 which had sessionid 0x1000f1176cd0000
2019-08-06 19:28:44.219  INFO 13316 --- [ker-EventThread] org.apache.zookeeper.ClientCnxn          : EventThread shut down for session: 0x1000f1176cd0000
2019-08-06 19:28:44.219  INFO 13316 --- [    Test worker] o.a.zookeeper.server.ZooKeeperServer     : shutting down
2019-08-06 19:28:44.220  INFO 13316 --- [    Test worker] o.a.zookeeper.server.SessionTrackerImpl  : Shutting down
2019-08-06 19:28:44.220  INFO 13316 --- [    Test worker] o.a.z.server.PrepRequestProcessor        : Shutting down
2019-08-06 19:28:44.220  INFO 13316 --- [    Test worker] o.a.z.server.SyncRequestProcessor        : Shutting down
2019-08-06 19:28:44.220  INFO 13316 --- [0 cport:56551):] o.a.z.server.PrepRequestProcessor        : PrepRequestProcessor exited loop!
2019-08-06 19:28:44.220  INFO 13316 --- [   SyncThread:0] o.a.z.server.SyncRequestProcessor        : SyncRequestProcessor exited!
2019-08-06 19:28:44.220  INFO 13316 --- [    Test worker] o.a.z.server.FinalRequestProcessor       : shutdown of request processor complete
2019-08-06 19:28:44.222  INFO 13316 --- [ry:/127.0.0.1:0] o.a.z.server.NIOServerCnxnFactory        : NIOServerCnxn factory exited run method
2019-08-06 19:28:44.704  INFO 13316 --- [ SessionTracker] o.a.zookeeper.server.SessionTrackerImpl  : SessionTrackerImpl exited loop!
]]></system-out>
  <system-err><![CDATA[SLF4J: Class path contains multiple SLF4J bindings.
SLF4J: Found binding in [jar:file:/C:/Users/salkov/.gradle/caches/modules-2/files-2.1/ch.qos.logback/logback-classic/1.2.3/7c4f3c474fb2c041d8028740440937705ebb473a/logback-classic-1.2.3.jar!/org/slf4j/impl/StaticLoggerBinder.class]
SLF4J: Found binding in [jar:file:/C:/Users/salkov/.gradle/caches/modules-2/files-2.1/org.slf4j/slf4j-log4j12/1.7.26/12f5c685b71c3027fd28bcf90528ec4ec74bf818/slf4j-log4j12-1.7.26.jar!/org/slf4j/impl/StaticLoggerBinder.class]
SLF4J: See http://www.slf4j.org/codes.html#multiple_bindings for an explanation.
SLF4J: Actual binding is of type [ch.qos.logback.classic.util.ContextSelectorStaticBinder]
]]></system-err>
</testsuite>
